<?xml version="1.0" encoding="UTF-8"?>
<testsuite xmlns:xsi="http://www.w3.org/2001/XMLSchema-instance" xsi:noNamespaceSchemaLocation="https://maven.apache.org/surefire/maven-surefire-plugin/xsd/surefire-test-report-3.0.xsd" version="3.0" name="com.aboneSepeti.runners.TestRunner" time="61.533" tests="1" errors="0" skipped="0" failures="1">
  <properties>
    <property name="java.specification.version" value="17"/>
    <property name="sun.cpu.isalist" value="amd64"/>
    <property name="sun.jnu.encoding" value="Cp1254"/>
    <property name="java.class.path" value="C:\Users\Azim Kaya\Desktop\Abone Sepeti\target\test-classes;C:\Users\Azim Kaya\Desktop\Abone Sepeti\target\classes;C:\Users\Azim Kaya\.m2\repository\org\seleniumhq\selenium\selenium-java\4.16.1\selenium-java-4.16.1.jar;C:\Users\Azim Kaya\.m2\repository\org\seleniumhq\selenium\selenium-api\4.16.1\selenium-api-4.16.1.jar;C:\Users\Azim Kaya\.m2\repository\org\seleniumhq\selenium\selenium-chrome-driver\4.16.1\selenium-chrome-driver-4.16.1.jar;C:\Users\Azim Kaya\.m2\repository\com\google\auto\service\auto-service-annotations\1.1.1\auto-service-annotations-1.1.1.jar;C:\Users\Azim Kaya\.m2\repository\org\seleniumhq\selenium\selenium-chromium-driver\4.16.1\selenium-chromium-driver-4.16.1.jar;C:\Users\Azim Kaya\.m2\repository\org\seleniumhq\selenium\selenium-json\4.16.1\selenium-json-4.16.1.jar;C:\Users\Azim Kaya\.m2\repository\org\seleniumhq\selenium\selenium-manager\4.16.1\selenium-manager-4.16.1.jar;C:\Users\Azim Kaya\.m2\repository\org\seleniumhq\selenium\selenium-devtools-v118\4.16.1\selenium-devtools-v118-4.16.1.jar;C:\Users\Azim Kaya\.m2\repository\org\seleniumhq\selenium\selenium-devtools-v119\4.16.1\selenium-devtools-v119-4.16.1.jar;C:\Users\Azim Kaya\.m2\repository\org\seleniumhq\selenium\selenium-devtools-v120\4.16.1\selenium-devtools-v120-4.16.1.jar;C:\Users\Azim Kaya\.m2\repository\org\seleniumhq\selenium\selenium-devtools-v85\4.16.1\selenium-devtools-v85-4.16.1.jar;C:\Users\Azim Kaya\.m2\repository\org\seleniumhq\selenium\selenium-edge-driver\4.16.1\selenium-edge-driver-4.16.1.jar;C:\Users\Azim Kaya\.m2\repository\org\seleniumhq\selenium\selenium-firefox-driver\4.16.1\selenium-firefox-driver-4.16.1.jar;C:\Users\Azim Kaya\.m2\repository\org\seleniumhq\selenium\selenium-http\4.16.1\selenium-http-4.16.1.jar;C:\Users\Azim Kaya\.m2\repository\dev\failsafe\failsafe\3.3.2\failsafe-3.3.2.jar;C:\Users\Azim Kaya\.m2\repository\org\seleniumhq\selenium\selenium-ie-driver\4.16.1\selenium-ie-driver-4.16.1.jar;C:\Users\Azim Kaya\.m2\repository\org\seleniumhq\selenium\selenium-remote-driver\4.16.1\selenium-remote-driver-4.16.1.jar;C:\Users\Azim Kaya\.m2\repository\com\google\guava\guava\32.1.2-jre\guava-32.1.2-jre.jar;C:\Users\Azim Kaya\.m2\repository\com\google\guava\failureaccess\1.0.1\failureaccess-1.0.1.jar;C:\Users\Azim Kaya\.m2\repository\com\google\guava\listenablefuture\9999.0-empty-to-avoid-conflict-with-guava\listenablefuture-9999.0-empty-to-avoid-conflict-with-guava.jar;C:\Users\Azim Kaya\.m2\repository\com\google\code\findbugs\jsr305\3.0.2\jsr305-3.0.2.jar;C:\Users\Azim Kaya\.m2\repository\org\checkerframework\checker-qual\3.33.0\checker-qual-3.33.0.jar;C:\Users\Azim Kaya\.m2\repository\com\google\errorprone\error_prone_annotations\2.18.0\error_prone_annotations-2.18.0.jar;C:\Users\Azim Kaya\.m2\repository\com\google\j2objc\j2objc-annotations\2.8\j2objc-annotations-2.8.jar;C:\Users\Azim Kaya\.m2\repository\io\opentelemetry\opentelemetry-api\1.28.0\opentelemetry-api-1.28.0.jar;C:\Users\Azim Kaya\.m2\repository\io\opentelemetry\opentelemetry-context\1.28.0\opentelemetry-context-1.28.0.jar;C:\Users\Azim Kaya\.m2\repository\io\opentelemetry\opentelemetry-exporter-logging\1.28.0\opentelemetry-exporter-logging-1.28.0.jar;C:\Users\Azim Kaya\.m2\repository\io\opentelemetry\opentelemetry-sdk-metrics\1.28.0\opentelemetry-sdk-metrics-1.28.0.jar;C:\Users\Azim Kaya\.m2\repository\io\opentelemetry\opentelemetry-extension-incubator\1.28.0-alpha\opentelemetry-extension-incubator-1.28.0-alpha.jar;C:\Users\Azim Kaya\.m2\repository\io\opentelemetry\opentelemetry-sdk-logs\1.28.0\opentelemetry-sdk-logs-1.28.0.jar;C:\Users\Azim Kaya\.m2\repository\io\opentelemetry\opentelemetry-sdk-common\1.28.0\opentelemetry-sdk-common-1.28.0.jar;C:\Users\Azim Kaya\.m2\repository\io\opentelemetry\opentelemetry-sdk-extension-autoconfigure-spi\1.28.0\opentelemetry-sdk-extension-autoconfigure-spi-1.28.0.jar;C:\Users\Azim Kaya\.m2\repository\io\opentelemetry\opentelemetry-sdk-extension-autoconfigure\1.28.0\opentelemetry-sdk-extension-autoconfigure-1.28.0.jar;C:\Users\Azim Kaya\.m2\repository\io\opentelemetry\opentelemetry-api-events\1.28.0-alpha\opentelemetry-api-events-1.28.0-alpha.jar;C:\Users\Azim Kaya\.m2\repository\io\opentelemetry\opentelemetry-sdk-trace\1.28.0\opentelemetry-sdk-trace-1.28.0.jar;C:\Users\Azim Kaya\.m2\repository\io\opentelemetry\opentelemetry-sdk\1.28.0\opentelemetry-sdk-1.28.0.jar;C:\Users\Azim Kaya\.m2\repository\io\opentelemetry\opentelemetry-semconv\1.28.0-alpha\opentelemetry-semconv-1.28.0-alpha.jar;C:\Users\Azim Kaya\.m2\repository\net\bytebuddy\byte-buddy\1.14.5\byte-buddy-1.14.5.jar;C:\Users\Azim Kaya\.m2\repository\org\seleniumhq\selenium\selenium-os\4.16.1\selenium-os-4.16.1.jar;C:\Users\Azim Kaya\.m2\repository\org\apache\commons\commons-exec\1.3\commons-exec-1.3.jar;C:\Users\Azim Kaya\.m2\repository\org\seleniumhq\selenium\selenium-safari-driver\4.16.1\selenium-safari-driver-4.16.1.jar;C:\Users\Azim Kaya\.m2\repository\org\seleniumhq\selenium\selenium-support\4.16.1\selenium-support-4.16.1.jar;C:\Users\Azim Kaya\.m2\repository\io\cucumber\cucumber-java\7.15.0\cucumber-java-7.15.0.jar;C:\Users\Azim Kaya\.m2\repository\io\cucumber\cucumber-core\7.15.0\cucumber-core-7.15.0.jar;C:\Users\Azim Kaya\.m2\repository\io\cucumber\cucumber-gherkin\7.15.0\cucumber-gherkin-7.15.0.jar;C:\Users\Azim Kaya\.m2\repository\io\cucumber\cucumber-gherkin-messages\7.15.0\cucumber-gherkin-messages-7.15.0.jar;C:\Users\Azim Kaya\.m2\repository\io\cucumber\gherkin\26.2.0\gherkin-26.2.0.jar;C:\Users\Azim Kaya\.m2\repository\io\cucumber\messages\22.0.0\messages-22.0.0.jar;C:\Users\Azim Kaya\.m2\repository\io\cucumber\tag-expressions\6.0.0\tag-expressions-6.0.0.jar;C:\Users\Azim Kaya\.m2\repository\io\cucumber\cucumber-expressions\17.0.1\cucumber-expressions-17.0.1.jar;C:\Users\Azim Kaya\.m2\repository\io\cucumber\datatable\7.15.0\datatable-7.15.0.jar;C:\Users\Azim Kaya\.m2\repository\io\cucumber\cucumber-plugin\7.15.0\cucumber-plugin-7.15.0.jar;C:\Users\Azim Kaya\.m2\repository\io\cucumber\docstring\7.15.0\docstring-7.15.0.jar;C:\Users\Azim Kaya\.m2\repository\io\cucumber\html-formatter\20.4.0\html-formatter-20.4.0.jar;C:\Users\Azim Kaya\.m2\repository\io\cucumber\junit-xml-formatter\0.2.0\junit-xml-formatter-0.2.0.jar;C:\Users\Azim Kaya\.m2\repository\io\cucumber\ci-environment\10.0.0\ci-environment-10.0.0.jar;C:\Users\Azim Kaya\.m2\repository\org\apiguardian\apiguardian-api\1.1.2\apiguardian-api-1.1.2.jar;C:\Users\Azim Kaya\.m2\repository\io\cucumber\cucumber-junit\7.15.0\cucumber-junit-7.15.0.jar;C:\Users\Azim Kaya\.m2\repository\junit\junit\4.13.2\junit-4.13.2.jar;C:\Users\Azim Kaya\.m2\repository\org\hamcrest\hamcrest-core\1.3\hamcrest-core-1.3.jar;C:\Users\Azim Kaya\.m2\repository\io\github\bonigarcia\webdrivermanager\5.6.2\webdrivermanager-5.6.2.jar;C:\Users\Azim Kaya\.m2\repository\org\slf4j\slf4j-api\2.0.9\slf4j-api-2.0.9.jar;C:\Users\Azim Kaya\.m2\repository\com\google\code\gson\gson\2.10.1\gson-2.10.1.jar;C:\Users\Azim Kaya\.m2\repository\com\github\docker-java\docker-java\3.3.4\docker-java-3.3.4.jar;C:\Users\Azim Kaya\.m2\repository\com\github\docker-java\docker-java-core\3.3.4\docker-java-core-3.3.4.jar;C:\Users\Azim Kaya\.m2\repository\com\github\docker-java\docker-java-api\3.3.4\docker-java-api-3.3.4.jar;C:\Users\Azim Kaya\.m2\repository\com\fasterxml\jackson\core\jackson-annotations\2.10.3\jackson-annotations-2.10.3.jar;C:\Users\Azim Kaya\.m2\repository\commons-io\commons-io\2.13.0\commons-io-2.13.0.jar;C:\Users\Azim Kaya\.m2\repository\com\fasterxml\jackson\core\jackson-databind\2.10.3\jackson-databind-2.10.3.jar;C:\Users\Azim Kaya\.m2\repository\com\fasterxml\jackson\core\jackson-core\2.10.3\jackson-core-2.10.3.jar;C:\Users\Azim Kaya\.m2\repository\org\bouncycastle\bcpkix-jdk18on\1.76\bcpkix-jdk18on-1.76.jar;C:\Users\Azim Kaya\.m2\repository\org\bouncycastle\bcprov-jdk18on\1.76\bcprov-jdk18on-1.76.jar;C:\Users\Azim Kaya\.m2\repository\org\bouncycastle\bcutil-jdk18on\1.76\bcutil-jdk18on-1.76.jar;C:\Users\Azim Kaya\.m2\repository\org\slf4j\jcl-over-slf4j\1.7.30\jcl-over-slf4j-1.7.30.jar;C:\Users\Azim Kaya\.m2\repository\com\github\docker-java\docker-java-transport-httpclient5\3.3.4\docker-java-transport-httpclient5-3.3.4.jar;C:\Users\Azim Kaya\.m2\repository\com\github\docker-java\docker-java-transport\3.3.4\docker-java-transport-3.3.4.jar;C:\Users\Azim Kaya\.m2\repository\net\java\dev\jna\jna\5.13.0\jna-5.13.0.jar;C:\Users\Azim Kaya\.m2\repository\org\brotli\dec\0.1.2\dec-0.1.2.jar;C:\Users\Azim Kaya\.m2\repository\org\apache\commons\commons-lang3\3.13.0\commons-lang3-3.13.0.jar;C:\Users\Azim Kaya\.m2\repository\org\apache\commons\commons-compress\1.24.0\commons-compress-1.24.0.jar;C:\Users\Azim Kaya\.m2\repository\org\apache\httpcomponents\client5\httpclient5\5.2.1\httpclient5-5.2.1.jar;C:\Users\Azim Kaya\.m2\repository\org\apache\httpcomponents\core5\httpcore5\5.2\httpcore5-5.2.jar;C:\Users\Azim Kaya\.m2\repository\org\apache\httpcomponents\core5\httpcore5-h2\5.2\httpcore5-h2-5.2.jar;"/>
    <property name="java.vm.vendor" value="Oracle Corporation"/>
    <property name="sun.arch.data.model" value="64"/>
    <property name="user.variant" value=""/>
    <property name="java.vendor.url" value="https://java.oracle.com/"/>
    <property name="user.timezone" value="Europe/Istanbul"/>
    <property name="os.name" value="Windows 11"/>
    <property name="java.vm.specification.version" value="17"/>
    <property name="sun.java.launcher" value="SUN_STANDARD"/>
    <property name="user.country" value="TR"/>
    <property name="sun.boot.library.path" value="C:\Program Files\Java\jdk-17\bin"/>
    <property name="sun.java.command" value="C:\Users\Azim Kaya\AppData\Local\Temp\surefire1658740292788469566\surefirebooter-20250127190946794_3.jar C:\Users\Azim Kaya\AppData\Local\Temp\surefire1658740292788469566 2025-01-27T19-09-46_588-jvmRun1 surefire-20250127190946794_1tmp surefire_0-20250127190946794_2tmp"/>
    <property name="jdk.debug" value="release"/>
    <property name="test" value="TestRunner"/>
    <property name="surefire.test.class.path" value="C:\Users\Azim Kaya\Desktop\Abone Sepeti\target\test-classes;C:\Users\Azim Kaya\Desktop\Abone Sepeti\target\classes;C:\Users\Azim Kaya\.m2\repository\org\seleniumhq\selenium\selenium-java\4.16.1\selenium-java-4.16.1.jar;C:\Users\Azim Kaya\.m2\repository\org\seleniumhq\selenium\selenium-api\4.16.1\selenium-api-4.16.1.jar;C:\Users\Azim Kaya\.m2\repository\org\seleniumhq\selenium\selenium-chrome-driver\4.16.1\selenium-chrome-driver-4.16.1.jar;C:\Users\Azim Kaya\.m2\repository\com\google\auto\service\auto-service-annotations\1.1.1\auto-service-annotations-1.1.1.jar;C:\Users\Azim Kaya\.m2\repository\org\seleniumhq\selenium\selenium-chromium-driver\4.16.1\selenium-chromium-driver-4.16.1.jar;C:\Users\Azim Kaya\.m2\repository\org\seleniumhq\selenium\selenium-json\4.16.1\selenium-json-4.16.1.jar;C:\Users\Azim Kaya\.m2\repository\org\seleniumhq\selenium\selenium-manager\4.16.1\selenium-manager-4.16.1.jar;C:\Users\Azim Kaya\.m2\repository\org\seleniumhq\selenium\selenium-devtools-v118\4.16.1\selenium-devtools-v118-4.16.1.jar;C:\Users\Azim Kaya\.m2\repository\org\seleniumhq\selenium\selenium-devtools-v119\4.16.1\selenium-devtools-v119-4.16.1.jar;C:\Users\Azim Kaya\.m2\repository\org\seleniumhq\selenium\selenium-devtools-v120\4.16.1\selenium-devtools-v120-4.16.1.jar;C:\Users\Azim Kaya\.m2\repository\org\seleniumhq\selenium\selenium-devtools-v85\4.16.1\selenium-devtools-v85-4.16.1.jar;C:\Users\Azim Kaya\.m2\repository\org\seleniumhq\selenium\selenium-edge-driver\4.16.1\selenium-edge-driver-4.16.1.jar;C:\Users\Azim Kaya\.m2\repository\org\seleniumhq\selenium\selenium-firefox-driver\4.16.1\selenium-firefox-driver-4.16.1.jar;C:\Users\Azim Kaya\.m2\repository\org\seleniumhq\selenium\selenium-http\4.16.1\selenium-http-4.16.1.jar;C:\Users\Azim Kaya\.m2\repository\dev\failsafe\failsafe\3.3.2\failsafe-3.3.2.jar;C:\Users\Azim Kaya\.m2\repository\org\seleniumhq\selenium\selenium-ie-driver\4.16.1\selenium-ie-driver-4.16.1.jar;C:\Users\Azim Kaya\.m2\repository\org\seleniumhq\selenium\selenium-remote-driver\4.16.1\selenium-remote-driver-4.16.1.jar;C:\Users\Azim Kaya\.m2\repository\com\google\guava\guava\32.1.2-jre\guava-32.1.2-jre.jar;C:\Users\Azim Kaya\.m2\repository\com\google\guava\failureaccess\1.0.1\failureaccess-1.0.1.jar;C:\Users\Azim Kaya\.m2\repository\com\google\guava\listenablefuture\9999.0-empty-to-avoid-conflict-with-guava\listenablefuture-9999.0-empty-to-avoid-conflict-with-guava.jar;C:\Users\Azim Kaya\.m2\repository\com\google\code\findbugs\jsr305\3.0.2\jsr305-3.0.2.jar;C:\Users\Azim Kaya\.m2\repository\org\checkerframework\checker-qual\3.33.0\checker-qual-3.33.0.jar;C:\Users\Azim Kaya\.m2\repository\com\google\errorprone\error_prone_annotations\2.18.0\error_prone_annotations-2.18.0.jar;C:\Users\Azim Kaya\.m2\repository\com\google\j2objc\j2objc-annotations\2.8\j2objc-annotations-2.8.jar;C:\Users\Azim Kaya\.m2\repository\io\opentelemetry\opentelemetry-api\1.28.0\opentelemetry-api-1.28.0.jar;C:\Users\Azim Kaya\.m2\repository\io\opentelemetry\opentelemetry-context\1.28.0\opentelemetry-context-1.28.0.jar;C:\Users\Azim Kaya\.m2\repository\io\opentelemetry\opentelemetry-exporter-logging\1.28.0\opentelemetry-exporter-logging-1.28.0.jar;C:\Users\Azim Kaya\.m2\repository\io\opentelemetry\opentelemetry-sdk-metrics\1.28.0\opentelemetry-sdk-metrics-1.28.0.jar;C:\Users\Azim Kaya\.m2\repository\io\opentelemetry\opentelemetry-extension-incubator\1.28.0-alpha\opentelemetry-extension-incubator-1.28.0-alpha.jar;C:\Users\Azim Kaya\.m2\repository\io\opentelemetry\opentelemetry-sdk-logs\1.28.0\opentelemetry-sdk-logs-1.28.0.jar;C:\Users\Azim Kaya\.m2\repository\io\opentelemetry\opentelemetry-sdk-common\1.28.0\opentelemetry-sdk-common-1.28.0.jar;C:\Users\Azim Kaya\.m2\repository\io\opentelemetry\opentelemetry-sdk-extension-autoconfigure-spi\1.28.0\opentelemetry-sdk-extension-autoconfigure-spi-1.28.0.jar;C:\Users\Azim Kaya\.m2\repository\io\opentelemetry\opentelemetry-sdk-extension-autoconfigure\1.28.0\opentelemetry-sdk-extension-autoconfigure-1.28.0.jar;C:\Users\Azim Kaya\.m2\repository\io\opentelemetry\opentelemetry-api-events\1.28.0-alpha\opentelemetry-api-events-1.28.0-alpha.jar;C:\Users\Azim Kaya\.m2\repository\io\opentelemetry\opentelemetry-sdk-trace\1.28.0\opentelemetry-sdk-trace-1.28.0.jar;C:\Users\Azim Kaya\.m2\repository\io\opentelemetry\opentelemetry-sdk\1.28.0\opentelemetry-sdk-1.28.0.jar;C:\Users\Azim Kaya\.m2\repository\io\opentelemetry\opentelemetry-semconv\1.28.0-alpha\opentelemetry-semconv-1.28.0-alpha.jar;C:\Users\Azim Kaya\.m2\repository\net\bytebuddy\byte-buddy\1.14.5\byte-buddy-1.14.5.jar;C:\Users\Azim Kaya\.m2\repository\org\seleniumhq\selenium\selenium-os\4.16.1\selenium-os-4.16.1.jar;C:\Users\Azim Kaya\.m2\repository\org\apache\commons\commons-exec\1.3\commons-exec-1.3.jar;C:\Users\Azim Kaya\.m2\repository\org\seleniumhq\selenium\selenium-safari-driver\4.16.1\selenium-safari-driver-4.16.1.jar;C:\Users\Azim Kaya\.m2\repository\org\seleniumhq\selenium\selenium-support\4.16.1\selenium-support-4.16.1.jar;C:\Users\Azim Kaya\.m2\repository\io\cucumber\cucumber-java\7.15.0\cucumber-java-7.15.0.jar;C:\Users\Azim Kaya\.m2\repository\io\cucumber\cucumber-core\7.15.0\cucumber-core-7.15.0.jar;C:\Users\Azim Kaya\.m2\repository\io\cucumber\cucumber-gherkin\7.15.0\cucumber-gherkin-7.15.0.jar;C:\Users\Azim Kaya\.m2\repository\io\cucumber\cucumber-gherkin-messages\7.15.0\cucumber-gherkin-messages-7.15.0.jar;C:\Users\Azim Kaya\.m2\repository\io\cucumber\gherkin\26.2.0\gherkin-26.2.0.jar;C:\Users\Azim Kaya\.m2\repository\io\cucumber\messages\22.0.0\messages-22.0.0.jar;C:\Users\Azim Kaya\.m2\repository\io\cucumber\tag-expressions\6.0.0\tag-expressions-6.0.0.jar;C:\Users\Azim Kaya\.m2\repository\io\cucumber\cucumber-expressions\17.0.1\cucumber-expressions-17.0.1.jar;C:\Users\Azim Kaya\.m2\repository\io\cucumber\datatable\7.15.0\datatable-7.15.0.jar;C:\Users\Azim Kaya\.m2\repository\io\cucumber\cucumber-plugin\7.15.0\cucumber-plugin-7.15.0.jar;C:\Users\Azim Kaya\.m2\repository\io\cucumber\docstring\7.15.0\docstring-7.15.0.jar;C:\Users\Azim Kaya\.m2\repository\io\cucumber\html-formatter\20.4.0\html-formatter-20.4.0.jar;C:\Users\Azim Kaya\.m2\repository\io\cucumber\junit-xml-formatter\0.2.0\junit-xml-formatter-0.2.0.jar;C:\Users\Azim Kaya\.m2\repository\io\cucumber\ci-environment\10.0.0\ci-environment-10.0.0.jar;C:\Users\Azim Kaya\.m2\repository\org\apiguardian\apiguardian-api\1.1.2\apiguardian-api-1.1.2.jar;C:\Users\Azim Kaya\.m2\repository\io\cucumber\cucumber-junit\7.15.0\cucumber-junit-7.15.0.jar;C:\Users\Azim Kaya\.m2\repository\junit\junit\4.13.2\junit-4.13.2.jar;C:\Users\Azim Kaya\.m2\repository\org\hamcrest\hamcrest-core\1.3\hamcrest-core-1.3.jar;C:\Users\Azim Kaya\.m2\repository\io\github\bonigarcia\webdrivermanager\5.6.2\webdrivermanager-5.6.2.jar;C:\Users\Azim Kaya\.m2\repository\org\slf4j\slf4j-api\2.0.9\slf4j-api-2.0.9.jar;C:\Users\Azim Kaya\.m2\repository\com\google\code\gson\gson\2.10.1\gson-2.10.1.jar;C:\Users\Azim Kaya\.m2\repository\com\github\docker-java\docker-java\3.3.4\docker-java-3.3.4.jar;C:\Users\Azim Kaya\.m2\repository\com\github\docker-java\docker-java-core\3.3.4\docker-java-core-3.3.4.jar;C:\Users\Azim Kaya\.m2\repository\com\github\docker-java\docker-java-api\3.3.4\docker-java-api-3.3.4.jar;C:\Users\Azim Kaya\.m2\repository\com\fasterxml\jackson\core\jackson-annotations\2.10.3\jackson-annotations-2.10.3.jar;C:\Users\Azim Kaya\.m2\repository\commons-io\commons-io\2.13.0\commons-io-2.13.0.jar;C:\Users\Azim Kaya\.m2\repository\com\fasterxml\jackson\core\jackson-databind\2.10.3\jackson-databind-2.10.3.jar;C:\Users\Azim Kaya\.m2\repository\com\fasterxml\jackson\core\jackson-core\2.10.3\jackson-core-2.10.3.jar;C:\Users\Azim Kaya\.m2\repository\org\bouncycastle\bcpkix-jdk18on\1.76\bcpkix-jdk18on-1.76.jar;C:\Users\Azim Kaya\.m2\repository\org\bouncycastle\bcprov-jdk18on\1.76\bcprov-jdk18on-1.76.jar;C:\Users\Azim Kaya\.m2\repository\org\bouncycastle\bcutil-jdk18on\1.76\bcutil-jdk18on-1.76.jar;C:\Users\Azim Kaya\.m2\repository\org\slf4j\jcl-over-slf4j\1.7.30\jcl-over-slf4j-1.7.30.jar;C:\Users\Azim Kaya\.m2\repository\com\github\docker-java\docker-java-transport-httpclient5\3.3.4\docker-java-transport-httpclient5-3.3.4.jar;C:\Users\Azim Kaya\.m2\repository\com\github\docker-java\docker-java-transport\3.3.4\docker-java-transport-3.3.4.jar;C:\Users\Azim Kaya\.m2\repository\net\java\dev\jna\jna\5.13.0\jna-5.13.0.jar;C:\Users\Azim Kaya\.m2\repository\org\brotli\dec\0.1.2\dec-0.1.2.jar;C:\Users\Azim Kaya\.m2\repository\org\apache\commons\commons-lang3\3.13.0\commons-lang3-3.13.0.jar;C:\Users\Azim Kaya\.m2\repository\org\apache\commons\commons-compress\1.24.0\commons-compress-1.24.0.jar;C:\Users\Azim Kaya\.m2\repository\org\apache\httpcomponents\client5\httpclient5\5.2.1\httpclient5-5.2.1.jar;C:\Users\Azim Kaya\.m2\repository\org\apache\httpcomponents\core5\httpcore5\5.2\httpcore5-5.2.jar;C:\Users\Azim Kaya\.m2\repository\org\apache\httpcomponents\core5\httpcore5-h2\5.2\httpcore5-h2-5.2.jar;"/>
    <property name="sun.cpu.endian" value="little"/>
    <property name="user.home" value="C:\Users\Azim Kaya"/>
    <property name="user.language" value="tr"/>
    <property name="java.specification.vendor" value="Oracle Corporation"/>
    <property name="java.version.date" value="2024-01-16"/>
    <property name="java.home" value="C:\Program Files\Java\jdk-17"/>
    <property name="file.separator" value="\"/>
    <property name="basedir" value="C:\Users\Azim Kaya\Desktop\Abone Sepeti"/>
    <property name="java.vm.compressedOopsMode" value="32-bit"/>
    <property name="line.separator" value="&#10;"/>
    <property name="java.vm.specification.vendor" value="Oracle Corporation"/>
    <property name="java.specification.name" value="Java Platform API Specification"/>
    <property name="surefire.real.class.path" value="C:\Users\Azim Kaya\AppData\Local\Temp\surefire1658740292788469566\surefirebooter-20250127190946794_3.jar"/>
    <property name="user.script" value=""/>
    <property name="sun.management.compiler" value="HotSpot 64-Bit Tiered Compilers"/>
    <property name="java.runtime.version" value="17.0.10+11-LTS-240"/>
    <property name="user.name" value="Azim Kaya"/>
    <property name="path.separator" value=";"/>
    <property name="os.version" value="10.0"/>
    <property name="java.runtime.name" value="Java(TM) SE Runtime Environment"/>
    <property name="file.encoding" value="Cp1254"/>
    <property name="java.vm.name" value="Java HotSpot(TM) 64-Bit Server VM"/>
    <property name="localRepository" value="C:\Users\Azim Kaya\.m2\repository"/>
    <property name="java.vendor.url.bug" value="https://bugreport.java.com/bugreport/"/>
    <property name="java.io.tmpdir" value="C:\Users\AZIMKA~1\AppData\Local\Temp\"/>
    <property name="java.version" value="17.0.10"/>
    <property name="user.dir" value="C:\Users\Azim Kaya\Desktop\Abone Sepeti"/>
    <property name="os.arch" value="amd64"/>
    <property name="java.vm.specification.name" value="Java Virtual Machine Specification"/>
    <property name="sun.os.patch.level" value=""/>
    <property name="native.encoding" value="Cp1254"/>
    <property name="java.library.path" value="C:\Program Files\Java\jdk-17\bin;C:\Windows\Sun\Java\bin;C:\Windows\system32;C:\Windows;C:\Program Files\Common Files\Oracle\Java\javapath;C:\Windows\system32;C:\Windows;C:\Windows\System32\Wbem;C:\Windows\System32\WindowsPowerShell\v1.0\;C:\Windows\System32\OpenSSH\;C:\Program Files\Git\cmd;C:\Program Files\Java\jdk-17\bin;C:\Users\Azim Kaya\AppData\Local\Android\Sdk;%ANDROID_HOME%\tools;%ANDROID_HOME%\platform-tools;C:\Program Files\nodejs\;C:\Users\Azim Kaya\Desktop\ngrok;C:\Program Files\allure-2.29.0\bin;C:\Program Files\dotnet\;c:\Program Files (x86)\TurksatSiber\bin_path\;C:\Users\Azim Kaya\AppData\Local\Microsoft\WindowsApps;C:\Program Files\apache-maven-3.9.6\bin;C:\Program Files\Java\jdk-17.0.4\bin;C:\Users\Azim Kaya\AppData\Roaming\npm;C:\Users\Azim Kaya\AppData\Roaming\Programs\Zero Install;C:\Users\Azim Kaya\AppData\Local\Programs\Windsurf\bin;."/>
    <property name="java.vm.info" value="mixed mode, sharing"/>
    <property name="java.vendor" value="Oracle Corporation"/>
    <property name="java.vm.version" value="17.0.10+11-LTS-240"/>
    <property name="sun.io.unicode.encoding" value="UnicodeLittle"/>
    <property name="java.class.version" value="61.0"/>
  </properties>
  <testcase name="Header butonlarının çalışması kontrolü" classname="Header butonları fonksiyonları" time="60.629">
    <failure message="URL özellikler içermiyor: https://abonesepeti.com/tr" type="java.lang.AssertionError"><![CDATA[java.lang.AssertionError: URL özellikler içermiyor: https://abonesepeti.com/tr
	at org.junit.Assert.fail(Assert.java:89)
	at org.junit.Assert.assertTrue(Assert.java:42)
	at com.aboneSepeti.stepDefinitions.HeaderButonlariSteps.ozelliklerSayfasininAcildiginiDogrula(HeaderButonlariSteps.java:140)
	at ✽.Özellikler sayfasının açıldığını doğrula(file:///C:/Users/Azim%20Kaya/Desktop/Abone%20Sepeti/src/test/resources/features/headerButonlari.feature:8)
]]></failure>
    <system-out><![CDATA[
Senaryo: Header butonlarÄ±nÄ±n Ã§alÄ±ÅŸmasÄ± kontrolÃ¼    &amp#27;[90m# src/test/resources/features/headerButonlari.feature:5&amp#27;[0m
Ana sayfa açıldı. URL: https://abonesepeti.com/tr
  &amp#27;[32mDiyelim ki &amp#27;[0m&amp#27;[32mkullanÄ±cÄ± AboneSepeti ana sayfasÄ±nda&amp#27;[0m  &amp#27;[90m# com.aboneSepeti.stepDefinitions.FaturaTakibiSteps.kullaniciAnaSayfada()&amp#27;[0m
Sayfa HTML:
<html lang="tr"><head><meta charset="utf-8"><meta name="viewport" content="width=device-width, height=device-height, initial-scale=1, viewport-fit=cover, user-scalable=yes, interactive-widget=resizes-visual"><link rel="preload" href="/_next/static/media/c22ccc5eb58b83e1-s.p.woff2" as="font" crossorigin="" type="font/woff2"><link rel="stylesheet" href="/_next/static/css/a2ab61805fea24e0.css" data-precedence="next"><link rel="stylesheet" href="/_next/static/css/8a2f27c33f393776.css" data-precedence="next"><link rel="stylesheet" href="/_next/static/css/b32e97156acc2cec.css" data-precedence="next"><link rel="stylesheet" href="/_next/static/css/15a460f12b20e8b4.css" data-precedence="next"><link rel="preload" as="script" fetchpriority="low" href="/_next/static/chunks/webpack-3a6eac2a366ee7ad.js"><script src="/_next/static/chunks/4bd1b696-87c773e04b532923.js" async=""></script><script src="/_next/static/chunks/1517-239f660acefa3389.js" async=""></script><script src="/_next/static/chunks/main-app-efbdcbd28c3c2029.js" async=""></script><script src="/_next/static/chunks/app/global-error-e4664e6a40878e41.js" async=""></script><script src="/_next/static/chunks/7970-880924e10cedcf92.js" async=""></script><script src="/_next/static/chunks/6066-a2c0f9d0162f3424.js" async=""></script><script src="/_next/static/chunks/app/%5Blocale%5D/(campaigns)/layout-dbfde674d799e1a7.js" async=""></script><script src="/_next/static/chunks/1973-f06dc1d598ab0a9c.js" async=""></script><script src="/_next/static/chunks/app/%5Blocale%5D/(allOther)/page-a0c3bd68e4cfdf09.js" async=""></script><meta name="next-size-adjust" content=""><meta name="theme-color" media="(prefers-color-scheme: light)" content="#ffffff"><meta name="theme-color" media="(prefers-color-scheme: dark)" content="#292524"><meta name="color-scheme" content="light dark"><title>Abonesepeti | Zamandan ve Paradan Tasarruf Et</title><meta name="description" content="Abonesepeti, abonelik hizmetlerini tek bir platformda toplar size zaman ve para kazandırır."><meta name="application-name" content="Abonesepeti"><link rel="manifest" href="/manifest.json"><meta name="generator" content="Abonesepeti"><meta name="keywords" content="abonelik, hizmet, para, tasarruf, internet, su, telefon, elektrik, doğalgaz, fatura, ödeme"><meta name="referrer" content="no-referrer"><meta name="creator" content="Abonesepeti"><meta name="publisher" content="Abonesepeti"><meta name="robots" content="index, follow"><meta name="category" content="Fintech"><meta name="classification" content="Fintech"><link rel="canonical" href="https://abonesepeti.com/tr"><link rel="alternate" hreflang="en" href="https://abonesepeti.com/en"><link rel="alternate" hreflang="tr" href="https://abonesepeti.com/tr"><meta name="mobile-web-app-capable" content="yes"><meta name="apple-mobile-web-app-title" content="Abonesepeti"><meta name="apple-mobile-web-app-status-bar-style" content="default"><meta property="og:determiner" content="the"><meta property="og:title" content="Abonesepeti"><meta property="og:description" content="Abonesepeti, abonelik hizmetlerini tek bir platformda toplar size zaman ve para kazandırır."><meta property="og:url" content="https://abonesepeti.com"><meta property="og:site_name" content="Abonesepeti"><meta property="og:locale" content="tr_TR"><meta property="og:country_name" content="Turkey"><meta property="og:ttl" content="90"><meta property="og:image:alt" content="Abonesepeti"><meta property="og:image:height" content="630"><meta property="og:image:width" content="1200"><meta property="og:image" content="https://abonesepeti.com/assets/images/opengraph.png"><meta property="og:video" content="https://www.youtube.com/watch?v=hzLshjJZw8w"><meta property="og:email" content="info@abonesepeti.com"><meta property="og:phone_number" content="+90 212 809 00 00"><meta property="og:fax_number" content="+90 212 951 00 56"><meta property="og:type" content="website"><meta name="twitter:card" content="summary"><meta name="twitter:site" content="@abonesepeti"><meta name="twitter:site:id" content="@abonesepeti"><meta name="twitter:creator" content="@abonesepeti"><meta name="twitter:creator:id" content="@abonesepeti"><meta name="twitter:title" content="Abonesepeti"><meta name="twitter:description" content="Abonesepeti, abonelik hizmetlerini tek bir platformda toplar size zaman ve para kazandırır."><meta name="twitter:image:alt" content="Abonesepeti"><meta name="twitter:image:height" content="630"><meta name="twitter:image:width" content="1200"><meta name="twitter:image" content="https://abonesepeti.com/assets/images/opengraph.png"><meta property="al:ios:url" content="https://apps.apple.com/tr/app/abonesepeti-abonelik-y%C3%B6netimi/id1603237503"><meta property="al:ios:app_store_id" content="1603237503"><meta property="al:ios:app_name" content="Abonesepeti"><meta property="al:android:url" content="https://play.google.com/store/apps/details?id=com.abonesepeti.app"><meta property="al:android:package" content="com.abonesepeti.app"><meta property="al:android:app_name" content="Abonesepeti"><meta property="al:android:class" content="com.abonesepeti.app.MainActivity"><meta property="al:web:url" content="https://app.abonesepeti.com"><link rel="icon" href="/android-chrome-192x192.png" sizes="192x192" type="image/png"><link rel="icon" href="/android-chrome-512x512.png" sizes="512x512" type="image/png"><link rel="icon" href="/apple-touch-icon.png" sizes="180x180" type="image/png"><link rel="icon" href="/favicon-16x16.png" sizes="16x16" type="image/png"><link rel="icon" href="/favicon-32x32.png" sizes="32x32" type="image/png"><link rel="icon" href="/favicon.ico" sizes="32x32 48x48" type="/favicon.ico"><script src="/_next/static/chunks/polyfills-42372ed130431b0a.js" nomodule=""></script><style id="_goober"> @keyframes go2264125279{from{transform:scale(0) rotate(45deg);opacity:0;}to{transform:scale(1) rotate(45deg);opacity:1;}}@keyframes go3020080000{from{transform:scale(0);opacity:0;}to{transform:scale(1);opacity:1;}}@keyframes go463499852{from{transform:scale(0) rotate(90deg);opacity:0;}to{transform:scale(1) rotate(90deg);opacity:1;}}@keyframes go1268368563{from{transform:rotate(0deg);}to{transform:rotate(360deg);}}@keyframes go1310225428{from{transform:scale(0) rotate(45deg);opacity:0;}to{transform:scale(1) rotate(45deg);opacity:1;}}@keyframes go651618207{0%{height:0;width:0;opacity:0;}40%{height:0;width:6px;opacity:1;}100%{opacity:1;height:10px;}}@keyframes go901347462{from{transform:scale(0.6);opacity:0.4;}to{transform:scale(1);opacity:1;}}.go4109123758{z-index:9999;}.go4109123758 > *{pointer-events:auto;}</style><style type="text/css">.rfm-marquee-container {
  overflow-x: hidden;
  display: flex;
  flex-direction: row;
  position: relative;
  width: var(--width);
  transform: var(--transform);
}
.rfm-marquee-container:hover div {
  animation-play-state: var(--pause-on-hover);
}
.rfm-marquee-container:active div {
  animation-play-state: var(--pause-on-click);
}

.rfm-overlay {
  position: absolute;
  width: 100%;
  height: 100%;
}
.rfm-overlay::before, .rfm-overlay::after {
  background: linear-gradient(to right, var(--gradient-color), rgba(255, 255, 255, 0));
  content: "";
  height: 100%;
  position: absolute;
  width: var(--gradient-width);
  z-index: 2;
  pointer-events: none;
  touch-action: none;
}
.rfm-overlay::after {
  right: 0;
  top: 0;
  transform: rotateZ(180deg);
}
.rfm-overlay::before {
  left: 0;
  top: 0;
}

.rfm-marquee {
  flex: 0 0 auto;
  min-width: var(--min-width);
  z-index: 1;
  display: flex;
  flex-direction: row;
  align-items: center;
  animation: scroll var(--duration) linear var(--delay) var(--iteration-count);
  animation-play-state: var(--play);
  animation-delay: var(--delay);
  animation-direction: var(--direction);
}
@keyframes scroll {
  0% {
    transform: translateX(0%);
  }
  100% {
    transform: translateX(-100%);
  }
}

.rfm-initial-child-container {
  flex: 0 0 auto;
  display: flex;
  min-width: auto;
  flex-direction: row;
  align-items: center;
}

.rfm-child {
  transform: var(--transform);
}</style></head><body class="__className_b1bcfb" style="overflow: auto;"><div id="_rht_toaster" style="position:fixed;z-index:9999;top:16px;left:16px;right:16px;bottom:16px;pointer-events:none"></div><header class="fixed top-0 left-0 right-0 bg-white dark:bg-stone-800 z-20 shadow-md"><div class="flex items-center justify-between py-0 px-4 mx-auto animate-fade-in max-w-screen-xl"><button aria-label="Toggle menu" class="flex flex-col items-center justify-center gap-1 h-20 px-6 -ml-4 md:hidden" name="hamburger-menu"><div class="w-8 h-0.5 rounded-full bg-black dark:bg-white transition-all"></div><div class="w-8 h-0.5 rounded-full bg-black dark:bg-white transition-all"></div><div class="w-8 h-0.5 rounded-full bg-black dark:bg-white transition-all"></div></button><a href="/"><img alt="Logo" loading="lazy" width="232" height="57" decoding="async" data-nimg="1" class="dark:brightness-0 dark:invert h-20 max-md:w-40" style="color:transparent" src="/assets/brand/logo.svg"></a><nav class="max-md:overflow-auto flex max-md:flex-col max-md:fixed max-md:inset-0 max-md:top-20 max-md:bg-white max-md:dark:bg-stone-800 max-md:backdrop-blur-md max-md:bg-opacity-85 max-md:dark:bg-opacity-85 transition-all max-md:-translate-x-full max-md:opacity-0"><div><span class="md:h-20 whitespace-nowrap flex items-center justify-between cursor-pointer hover:text-primary-500 max-md:px-8 p-3 gap-1 md:justify-center"><span class="rounded-full transition-all ease-out font-medium">Özellikler</span><svg xmlns="http://www.w3.org/2000/svg" width="20" height="20" viewBox="0 0 24 24" fill="none" stroke="currentColor" stroke-width="2" stroke-linecap="round" stroke-linejoin="round" class="tabler-icon tabler-icon-chevron-down transition-all"><path d="M6 9l6 6l6 -6"></path></svg></span><div class="md:absolute top-20 inset-0 bg-black bg-opacity-20 z-10 transition-all max-md:grid max-md:overflow-hidden max-md:grid-rows-[0fr] md:pointer-events-none md:opacity-0"><nav class="max-md:overflow-hidden w-full bg-white dark:bg-stone-900 backdrop-blur-md bg-opacity-75 gap-2 grid grid-cols-1 sm:grid-cols-2 md:p-4 max-md:px-2 md:shadow-lg md:backdrop-blur-lg sm:gap-4 md:rounded-b-xl dark:bg-opacity-85 transition-all max-w-screen-md mx-auto md:opacity-0 md:pointer-events-none"><a class="rounded-md px8 sm:p-4 p-2 hover:bg-stone-50 dark:hover:bg-stone-950 transition-all ease-out flex gap-4" href="/ozellikler/aboneliklerini-yonet"><img alt="Aboneliklerini Yönet" loading="lazy" width="48" height="48" decoding="async" data-nimg="1" class="dark:invert aspect-square md:w-12 md:h-12 w-6 h-6" style="color:transparent" src="/assets/icons/manage-subscriptions.svg"><div><strong class="font-medium">Aboneliklerini Yönet</strong><p class="max-md:hidden text-sm mt-2 max-w-sm text-stone-500 dark:text-stone-400">Tüm aboneliklerinizi tek bir yerden planlayın, izleyin ve optimize edin.</p></div></a><a class="rounded-md px8 sm:p-4 p-2 hover:bg-stone-50 dark:hover:bg-stone-950 transition-all ease-out flex gap-4" href="/ozellikler/yeni-abonelik-baslat"><img alt="Yeni Abonelik Başlat" loading="lazy" width="48" height="48" decoding="async" data-nimg="1" class="dark:invert aspect-square md:w-12 md:h-12 w-6 h-6" style="color:transparent" src="/assets/icons/start-new-subscription.svg"><div><strong class="font-medium">Yeni Abonelik Başlat</strong><p class="max-md:hidden text-sm mt-2 max-w-sm text-stone-500 dark:text-stone-400">Karşılaştırın! Avantajlı aboneliğini başlatın, paranız cebinizde kalsın.</p></div></a><a class="rounded-md px8 sm:p-4 p-2 hover:bg-stone-50 dark:hover:bg-stone-950 transition-all ease-out flex gap-4" href="/ozellikler/fatura-takibi"><img alt="Fatura Takibi" loading="lazy" width="48" height="48" decoding="async" data-nimg="1" class="dark:invert aspect-square md:w-12 md:h-12 w-6 h-6" style="color:transparent" src="/assets/icons/bill-payment.svg"><div><strong class="font-medium">Fatura Takibi</strong><p class="max-md:hidden text-sm mt-2 max-w-sm text-stone-500 dark:text-stone-400">Bütün kurumların faturalarını tek bir ekrandan kolayca ödeyin. İşiniz aksamasın.</p></div></a><a class="rounded-md px8 sm:p-4 p-2 hover:bg-stone-50 dark:hover:bg-stone-950 transition-all ease-out flex gap-4" href="/ozellikler/kolay-iptal"><img alt="Kolay İptal" loading="lazy" width="48" height="48" decoding="async" data-nimg="1" class="dark:invert aspect-square md:w-12 md:h-12 w-6 h-6" style="color:transparent" src="/assets/icons/easy-cancellation.svg"><div><strong class="font-medium">Kolay İptal</strong><p class="max-md:hidden text-sm mt-2 max-w-sm text-stone-500 dark:text-stone-400">İhtiyacınız olmayan abonelikler için ödeme yapmayı bırakın. Kullanmadığınız aboneliğinizi kolayca iptal edin.</p></div></a><a class="rounded-md px8 sm:p-4 p-2 hover:bg-stone-50 dark:hover:bg-stone-950 transition-all ease-out flex gap-4" href="/ozellikler/harcama-ozeti"><img alt="Harcama Özeti" loading="lazy" width="48" height="48" decoding="async" data-nimg="1" class="dark:invert aspect-square md:w-12 md:h-12 w-6 h-6" style="color:transparent" src="/assets/icons/spending-summary.svg"><div><strong class="font-medium">Harcama Özeti</strong><p class="max-md:hidden text-sm mt-2 max-w-sm text-stone-500 dark:text-stone-400">Paranızın nereye gittiğini ve bunu nasıl iyileştirebileceğimizi görün. Gereksiz masrafları fark edin.</p></div></a><a class="rounded-md px8 sm:p-4 p-2 hover:bg-stone-50 dark:hover:bg-stone-950 transition-all ease-out flex gap-4" href="/ozellikler/cuzdan"><img alt="Cüzdan" loading="lazy" width="48" height="48" decoding="async" data-nimg="1" class="dark:invert aspect-square md:w-12 md:h-12 w-6 h-6" style="color:transparent" src="/assets/icons/wallet.svg"><div><strong class="font-medium">Cüzdan</strong><p class="max-md:hidden text-sm mt-2 max-w-sm text-stone-500 dark:text-stone-400">Ödeme işlemlerinizi güvenli, hızlı ve kolay bir şekilde gerçekleştirin. Bütçenizi kontrol altına alın.</p></div></a><a class="rounded-md px8 sm:p-4 p-2 hover:bg-stone-50 dark:hover:bg-stone-950 transition-all ease-out flex gap-4" href="/ozellikler/otomatik-pilot"><img alt="Otomatik Pilot Tasarrufu" loading="lazy" width="48" height="48" decoding="async" data-nimg="1" class="dark:invert aspect-square md:w-12 md:h-12 w-6 h-6" style="color:transparent" src="/assets/icons/auto-pilot.svg"><div><strong class="font-medium">Otomatik Pilot Tasarrufu</strong><p class="max-md:hidden text-sm mt-2 max-w-sm text-stone-500 dark:text-stone-400">Hiç düşünmeden tasarruf etmek için otomatik pilotu açın. Daha fazla tasarruf edin, daha az harcayın.</p></div></a><a class="rounded-md px8 sm:p-4 p-2 hover:bg-stone-50 dark:hover:bg-stone-950 transition-all ease-out flex gap-4" href="/ozellikler/daha-fazlasi"><img alt="Daha Fazlası" loading="lazy" width="48" height="48" decoding="async" data-nimg="1" class="dark:invert aspect-square md:w-12 md:h-12 w-6 h-6" style="color:transparent" src="/assets/icons/more.svg"><div><strong class="font-medium">Daha Fazlası</strong><p class="max-md:hidden text-sm mt-2 max-w-sm text-stone-500 dark:text-stone-400">Sigorta Teklifi Al, Uygun Araç Kirala, Kredi Seçeneklerini Gör, İndirimli Dergi Abonesi Ol ve Daha fazlasını keşfet…</p></div></a></nav></div></div><div><span class="md:h-20 whitespace-nowrap flex items-center justify-between cursor-pointer hover:text-primary-500 max-md:px-8 p-3 gap-1 md:justify-center"><span class="rounded-full transition-all ease-out font-medium">Çözümler</span><svg xmlns="http://www.w3.org/2000/svg" width="20" height="20" viewBox="0 0 24 24" fill="none" stroke="currentColor" stroke-width="2" stroke-linecap="round" stroke-linejoin="round" class="tabler-icon tabler-icon-chevron-down transition-all"><path d="M6 9l6 6l6 -6"></path></svg></span><div class="md:absolute top-20 inset-0 bg-black bg-opacity-20 z-10 transition-all max-md:grid max-md:overflow-hidden max-md:grid-rows-[0fr] md:pointer-events-none md:opacity-0"><nav class="max-md:overflow-hidden w-full bg-white dark:bg-stone-900 backdrop-blur-md bg-opacity-75 gap-2 grid grid-cols-1 sm:grid-cols-2 md:p-4 max-md:px-2 md:shadow-lg md:backdrop-blur-lg sm:gap-4 md:rounded-b-xl dark:bg-opacity-85 transition-all max-w-screen-md mx-auto md:opacity-0 md:pointer-events-none"><a class="rounded-md px8 sm:p-4 p-2 hover:bg-stone-50 dark:hover:bg-stone-950 transition-all ease-out flex gap-4" href="https://app.abonesepeti.com/login?redirect=/subscriptions"><img alt="Yönet" loading="lazy" width="48" height="48" decoding="async" data-nimg="1" class="dark:invert aspect-square md:w-12 md:h-12 w-6 h-6" style="color:transparent" srcset="/_next/image?url=https%3A%2F%2Fcms.abonesepeti.com%2Fstorage%2Fsolutions%2FDecember2024%2FjAkfjj6ybscZVXW5JmJB.png&amp;w=48&amp;q=75 1x, /_next/image?url=https%3A%2F%2Fcms.abonesepeti.com%2Fstorage%2Fsolutions%2FDecember2024%2FjAkfjj6ybscZVXW5JmJB.png&amp;w=96&amp;q=75 2x" src="/_next/image?url=https%3A%2F%2Fcms.abonesepeti.com%2Fstorage%2Fsolutions%2FDecember2024%2FjAkfjj6ybscZVXW5JmJB.png&amp;w=96&amp;q=75"><div><strong class="font-medium">Yönet</strong><p class="max-md:hidden text-sm mt-2 max-w-sm text-stone-500 dark:text-stone-400">Abonelik Yönet Kendine ve ailene ait abonelikleri yönet, başlama ve bitiş tarihlerini gör.</p></div></a><a class="rounded-md px8 sm:p-4 p-2 hover:bg-stone-50 dark:hover:bg-stone-950 transition-all ease-out flex gap-4" href="https://app.abonesepeti.com/login?redirect=/comparison/institution"><img alt="Karşılaştır" loading="lazy" width="48" height="48" decoding="async" data-nimg="1" class="dark:invert aspect-square md:w-12 md:h-12 w-6 h-6" style="color:transparent" srcset="/_next/image?url=https%3A%2F%2Fcms.abonesepeti.com%2Fstorage%2Fsolutions%2FDecember2024%2FHGFge4TODijV9wo6g3Jk.png&amp;w=48&amp;q=75 1x, /_next/image?url=https%3A%2F%2Fcms.abonesepeti.com%2Fstorage%2Fsolutions%2FDecember2024%2FHGFge4TODijV9wo6g3Jk.png&amp;w=96&amp;q=75 2x" src="/_next/image?url=https%3A%2F%2Fcms.abonesepeti.com%2Fstorage%2Fsolutions%2FDecember2024%2FHGFge4TODijV9wo6g3Jk.png&amp;w=96&amp;q=75"><div><strong class="font-medium">Karşılaştır</strong><p class="max-md:hidden text-sm mt-2 max-w-sm text-stone-500 dark:text-stone-400">Aboneliğini avantajlı başlat, paran cebinde kalsın.</p></div></a><a class="rounded-md px8 sm:p-4 p-2 hover:bg-stone-50 dark:hover:bg-stone-950 transition-all ease-out flex gap-4" href="https://app.abonesepeti.com/login?redirect=/bills"><img alt="Fatura Öde" loading="lazy" width="48" height="48" decoding="async" data-nimg="1" class="dark:invert aspect-square md:w-12 md:h-12 w-6 h-6" style="color:transparent" srcset="/_next/image?url=https%3A%2F%2Fcms.abonesepeti.com%2Fstorage%2Fsolutions%2FDecember2024%2FLXRiQCrhb4M7VdT5RcCE.png&amp;w=48&amp;q=75 1x, /_next/image?url=https%3A%2F%2Fcms.abonesepeti.com%2Fstorage%2Fsolutions%2FDecember2024%2FLXRiQCrhb4M7VdT5RcCE.png&amp;w=96&amp;q=75 2x" src="/_next/image?url=https%3A%2F%2Fcms.abonesepeti.com%2Fstorage%2Fsolutions%2FDecember2024%2FLXRiQCrhb4M7VdT5RcCE.png&amp;w=96&amp;q=75"><div><strong class="font-medium">Fatura Öde</strong><p class="max-md:hidden text-sm mt-2 max-w-sm text-stone-500 dark:text-stone-400">Faturanı hemen öde, fazla ödemelerinin önüne geç. Bütçeni kontrol altına al.</p></div></a><a class="rounded-md px8 sm:p-4 p-2 hover:bg-stone-50 dark:hover:bg-stone-950 transition-all ease-out flex gap-4" href="https://app.abonesepeti.com/login?redirect=/insurance"><img alt="Sigorta Teklifi Al" loading="lazy" width="48" height="48" decoding="async" data-nimg="1" class="dark:invert aspect-square md:w-12 md:h-12 w-6 h-6" style="color:transparent" srcset="/_next/image?url=https%3A%2F%2Fcms.abonesepeti.com%2Fstorage%2Fsolutions%2FDecember2024%2FdbN3AxJCTDmsUVhNKgoA.png&amp;w=48&amp;q=75 1x, /_next/image?url=https%3A%2F%2Fcms.abonesepeti.com%2Fstorage%2Fsolutions%2FDecember2024%2FdbN3AxJCTDmsUVhNKgoA.png&amp;w=96&amp;q=75 2x" src="/_next/image?url=https%3A%2F%2Fcms.abonesepeti.com%2Fstorage%2Fsolutions%2FDecember2024%2FdbN3AxJCTDmsUVhNKgoA.png&amp;w=96&amp;q=75"><div><strong class="font-medium">Sigorta Teklifi Al</strong><p class="max-md:hidden text-sm mt-2 max-w-sm text-stone-500 dark:text-stone-400">Kasko, Trafik, Sağlık vb sigorta tekliflerini online olarak alabilirsiniz.</p></div></a><a class="rounded-md px8 sm:p-4 p-2 hover:bg-stone-50 dark:hover:bg-stone-950 transition-all ease-out flex gap-4" href="https://app.abonesepeti.com/login?redirect=/load-money"><img alt="Kontör Yükle" loading="lazy" width="48" height="48" decoding="async" data-nimg="1" class="dark:invert aspect-square md:w-12 md:h-12 w-6 h-6" style="color:transparent" srcset="/_next/image?url=https%3A%2F%2Fcms.abonesepeti.com%2Fstorage%2Fsolutions%2FDecember2024%2FRJHNLRaTH6RQTAQPr8cx.png&amp;w=48&amp;q=75 1x, /_next/image?url=https%3A%2F%2Fcms.abonesepeti.com%2Fstorage%2Fsolutions%2FDecember2024%2FRJHNLRaTH6RQTAQPr8cx.png&amp;w=96&amp;q=75 2x" src="/_next/image?url=https%3A%2F%2Fcms.abonesepeti.com%2Fstorage%2Fsolutions%2FDecember2024%2FRJHNLRaTH6RQTAQPr8cx.png&amp;w=96&amp;q=75"><div><strong class="font-medium">Kontör Yükle</strong><p class="max-md:hidden text-sm mt-2 max-w-sm text-stone-500 dark:text-stone-400">Hattına dakika ve internet paketini kolaylıkla yükle, iletişimin kesilmesin.</p></div></a><a class="rounded-md px8 sm:p-4 p-2 hover:bg-stone-50 dark:hover:bg-stone-950 transition-all ease-out flex gap-4" href="https://app.abonesepeti.com/login?redirect=/try-on-app"><img alt="Araç Kirala" loading="lazy" width="48" height="48" decoding="async" data-nimg="1" class="dark:invert aspect-square md:w-12 md:h-12 w-6 h-6" style="color:transparent" srcset="/_next/image?url=https%3A%2F%2Fcms.abonesepeti.com%2Fstorage%2Fsolutions%2FDecember2024%2FOP4Nhu1dAsSmOfXgrS8S.png&amp;w=48&amp;q=75 1x, /_next/image?url=https%3A%2F%2Fcms.abonesepeti.com%2Fstorage%2Fsolutions%2FDecember2024%2FOP4Nhu1dAsSmOfXgrS8S.png&amp;w=96&amp;q=75 2x" src="/_next/image?url=https%3A%2F%2Fcms.abonesepeti.com%2Fstorage%2Fsolutions%2FDecember2024%2FOP4Nhu1dAsSmOfXgrS8S.png&amp;w=96&amp;q=75"><div><strong class="font-medium">Araç Kirala</strong><p class="max-md:hidden text-sm mt-2 max-w-sm text-stone-500 dark:text-stone-400">Karşılaştır, ideal aracını tüm dünyada kirala</p></div></a><a class="rounded-md px8 sm:p-4 p-2 hover:bg-stone-50 dark:hover:bg-stone-950 transition-all ease-out flex gap-4" href="https://app.abonesepeti.com/login?redirect=/easy-cancellation"><img alt="Kolay İptal" loading="lazy" width="48" height="48" decoding="async" data-nimg="1" class="dark:invert aspect-square md:w-12 md:h-12 w-6 h-6" style="color:transparent" srcset="/_next/image?url=https%3A%2F%2Fcms.abonesepeti.com%2Fstorage%2Fsolutions%2FDecember2024%2FA0zgg8GQVTy9uXv3kEZn.png&amp;w=48&amp;q=75 1x, /_next/image?url=https%3A%2F%2Fcms.abonesepeti.com%2Fstorage%2Fsolutions%2FDecember2024%2FA0zgg8GQVTy9uXv3kEZn.png&amp;w=96&amp;q=75 2x" src="/_next/image?url=https%3A%2F%2Fcms.abonesepeti.com%2Fstorage%2Fsolutions%2FDecember2024%2FA0zgg8GQVTy9uXv3kEZn.png&amp;w=96&amp;q=75"><div><strong class="font-medium">Kolay İptal</strong><p class="max-md:hidden text-sm mt-2 max-w-sm text-stone-500 dark:text-stone-400">Kullanmadığın aboneliğini kolayca iptal et.</p></div></a><a class="rounded-md px8 sm:p-4 p-2 hover:bg-stone-50 dark:hover:bg-stone-950 transition-all ease-out flex gap-4" href="https://444dergi.com/"><img alt="Dergi Abonesi Ol" loading="lazy" width="48" height="48" decoding="async" data-nimg="1" class="dark:invert aspect-square md:w-12 md:h-12 w-6 h-6" style="color:transparent" srcset="/_next/image?url=https%3A%2F%2Fcms.abonesepeti.com%2Fstorage%2Fsolutions%2FDecember2024%2FIGbKKtwplw360SG2rGJ1.png&amp;w=48&amp;q=75 1x, /_next/image?url=https%3A%2F%2Fcms.abonesepeti.com%2Fstorage%2Fsolutions%2FDecember2024%2FIGbKKtwplw360SG2rGJ1.png&amp;w=96&amp;q=75 2x" src="/_next/image?url=https%3A%2F%2Fcms.abonesepeti.com%2Fstorage%2Fsolutions%2FDecember2024%2FIGbKKtwplw360SG2rGJ1.png&amp;w=96&amp;q=75"><div><strong class="font-medium">Dergi Abonesi Ol</strong><p class="max-md:hidden text-sm mt-2 max-w-sm text-stone-500 dark:text-stone-400">Bütün dergileri %60 varan indirimlerle ayağınıza getiriyoruz.</p></div></a></nav></div></div><a class="md:h-20 grid md:place-items-center whitespace-nowrap" href="/tr/kampanyalar"><div class="px-8 sm:px-3 p-3 rounded-full transition-all ease-out font-medium hover:text-primary-500">Kampanyalar</div></a><a class="md:h-20 grid md:place-items-center whitespace-nowrap" href="/tr/biz-kimiz"><div class="px-8 sm:px-3 p-3 rounded-full transition-all ease-out font-medium hover:text-primary-500">Biz Kimiz</div></a></nav><div class="flex items-center gap-4"><a class="whitespace-nowrap p-2 md:px-6 bg-primary-500 text-white rounded-full shadow-inset drop-shadow-md max-md:mx-2" href="https://app.abonesepeti.com"><span class="max-md:hidden">Uygulamaya Git</span><svg xmlns="http://www.w3.org/2000/svg" width="24" height="24" viewBox="0 0 24 24" fill="none" stroke="currentColor" stroke-width="2" stroke-linecap="round" stroke-linejoin="round" class="tabler-icon tabler-icon-user hidden max-md:block"><path d="M8 7a4 4 0 1 0 8 0a4 4 0 0 0 -8 0"></path><path d="M6 21v-2a4 4 0 0 1 4 -4h4a4 4 0 0 1 4 4v2"></path></svg></a></div></div></header><main class="flex-1"><div class="-mt-24 pt-24 -mb-28 pb-28 grid place-items-center bg-hero bg-fill bg-center min-h-[min(100vh,80rem)]"><div class="flex gap-x-12 max-lg:flex-col-reverse w-full items-center mx-auto animate-fade-in p-4 max-w-screen-xl"><article class="flex flex-col gap-6 max-w-screen-sm"><h1 id="hero-title" class="text-hero-title font-bold text-balance">Tüm <span>Aboneliklerinizi</span> Tek Bir Yerden Yönetin</h1><p class="text-2xl">Bütün aboneliklerinizi tek bir yerden planlayın, izleyin ve optimize edin. Böylelikle ilk hizmet baslangıcından abonelik iptal sürecine kadar tüm abonelik işleminizi tek yerden kolaylıkla gerçekleştirin, zamandan ve paradan tasarruf edin.</p><strong class="text-2xl mt-6">Ücretsiz deneyin!</strong><div class="flex items-center gap-2"><div class="w-20 h-4 relative"><div class="absolute top-0 left-0 flex"><svg xmlns="http://www.w3.org/2000/svg" width="24" height="24" viewBox="0 0 24 24" fill="currentColor" stroke="none" class="tabler-icon tabler-icon-star-filled w-4 h-4 text-gray-400"><path d="M8.243 7.34l-6.38 .925l-.113 .023a1 1 0 0 0 -.44 1.684l4.622 4.499l-1.09 6.355l-.013 .11a1 1 0 0 0 1.464 .944l5.706 -3l5.693 3l.1 .046a1 1 0 0 0 1.352 -1.1l-1.091 -6.355l4.624 -4.5l.078 -.085a1 1 0 0 0 -.633 -1.62l-6.38 -.926l-2.852 -5.78a1 1 0 0 0 -1.794 0l-2.853 5.78z"></path></svg><svg xmlns="http://www.w3.org/2000/svg" width="24" height="24" viewBox="0 0 24 24" fill="currentColor" stroke="none" class="tabler-icon tabler-icon-star-filled w-4 h-4 text-gray-400"><path d="M8.243 7.34l-6.38 .925l-.113 .023a1 1 0 0 0 -.44 1.684l4.622 4.499l-1.09 6.355l-.013 .11a1 1 0 0 0 1.464 .944l5.706 -3l5.693 3l.1 .046a1 1 0 0 0 1.352 -1.1l-1.091 -6.355l4.624 -4.5l.078 -.085a1 1 0 0 0 -.633 -1.62l-6.38 -.926l-2.852 -5.78a1 1 0 0 0 -1.794 0l-2.853 5.78z"></path></svg><svg xmlns="http://www.w3.org/2000/svg" width="24" height="24" viewBox="0 0 24 24" fill="currentColor" stroke="none" class="tabler-icon tabler-icon-star-filled w-4 h-4 text-gray-400"><path d="M8.243 7.34l-6.38 .925l-.113 .023a1 1 0 0 0 -.44 1.684l4.622 4.499l-1.09 6.355l-.013 .11a1 1 0 0 0 1.464 .944l5.706 -3l5.693 3l.1 .046a1 1 0 0 0 1.352 -1.1l-1.091 -6.355l4.624 -4.5l.078 -.085a1 1 0 0 0 -.633 -1.62l-6.38 -.926l-2.852 -5.78a1 1 0 0 0 -1.794 0l-2.853 5.78z"></path></svg><svg xmlns="http://www.w3.org/2000/svg" width="24" height="24" viewBox="0 0 24 24" fill="currentColor" stroke="none" class="tabler-icon tabler-icon-star-filled w-4 h-4 text-gray-400"><path d="M8.243 7.34l-6.38 .925l-.113 .023a1 1 0 0 0 -.44 1.684l4.622 4.499l-1.09 6.355l-.013 .11a1 1 0 0 0 1.464 .944l5.706 -3l5.693 3l.1 .046a1 1 0 0 0 1.352 -1.1l-1.091 -6.355l4.624 -4.5l.078 -.085a1 1 0 0 0 -.633 -1.62l-6.38 -.926l-2.852 -5.78a1 1 0 0 0 -1.794 0l-2.853 5.78z"></path></svg><svg xmlns="http://www.w3.org/2000/svg" width="24" height="24" viewBox="0 0 24 24" fill="currentColor" stroke="none" class="tabler-icon tabler-icon-star-filled w-4 h-4 text-gray-400"><path d="M8.243 7.34l-6.38 .925l-.113 .023a1 1 0 0 0 -.44 1.684l4.622 4.499l-1.09 6.355l-.013 .11a1 1 0 0 0 1.464 .944l5.706 -3l5.693 3l.1 .046a1 1 0 0 0 1.352 -1.1l-1.091 -6.355l4.624 -4.5l.078 -.085a1 1 0 0 0 -.633 -1.62l-6.38 -.926l-2.852 -5.78a1 1 0 0 0 -1.794 0l-2.853 5.78z"></path></svg></div><div class="absolute top-0 left-0 flex" style="clip-path:inset(0 4.3999999999999915% 0 0)"><svg xmlns="http://www.w3.org/2000/svg" width="24" height="24" viewBox="0 0 24 24" fill="currentColor" stroke="none" class="tabler-icon tabler-icon-star-filled w-4 h-4 text-yellow-400"><path d="M8.243 7.34l-6.38 .925l-.113 .023a1 1 0 0 0 -.44 1.684l4.622 4.499l-1.09 6.355l-.013 .11a1 1 0 0 0 1.464 .944l5.706 -3l5.693 3l.1 .046a1 1 0 0 0 1.352 -1.1l-1.091 -6.355l4.624 -4.5l.078 -.085a1 1 0 0 0 -.633 -1.62l-6.38 -.926l-2.852 -5.78a1 1 0 0 0 -1.794 0l-2.853 5.78z"></path></svg><svg xmlns="http://www.w3.org/2000/svg" width="24" height="24" viewBox="0 0 24 24" fill="currentColor" stroke="none" class="tabler-icon tabler-icon-star-filled w-4 h-4 text-yellow-400"><path d="M8.243 7.34l-6.38 .925l-.113 .023a1 1 0 0 0 -.44 1.684l4.622 4.499l-1.09 6.355l-.013 .11a1 1 0 0 0 1.464 .944l5.706 -3l5.693 3l.1 .046a1 1 0 0 0 1.352 -1.1l-1.091 -6.355l4.624 -4.5l.078 -.085a1 1 0 0 0 -.633 -1.62l-6.38 -.926l-2.852 -5.78a1 1 0 0 0 -1.794 0l-2.853 5.78z"></path></svg><svg xmlns="http://www.w3.org/2000/svg" width="24" height="24" viewBox="0 0 24 24" fill="currentColor" stroke="none" class="tabler-icon tabler-icon-star-filled w-4 h-4 text-yellow-400"><path d="M8.243 7.34l-6.38 .925l-.113 .023a1 1 0 0 0 -.44 1.684l4.622 4.499l-1.09 6.355l-.013 .11a1 1 0 0 0 1.464 .944l5.706 -3l5.693 3l.1 .046a1 1 0 0 0 1.352 -1.1l-1.091 -6.355l4.624 -4.5l.078 -.085a1 1 0 0 0 -.633 -1.62l-6.38 -.926l-2.852 -5.78a1 1 0 0 0 -1.794 0l-2.853 5.78z"></path></svg><svg xmlns="http://www.w3.org/2000/svg" width="24" height="24" viewBox="0 0 24 24" fill="currentColor" stroke="none" class="tabler-icon tabler-icon-star-filled w-4 h-4 text-yellow-400"><path d="M8.243 7.34l-6.38 .925l-.113 .023a1 1 0 0 0 -.44 1.684l4.622 4.499l-1.09 6.355l-.013 .11a1 1 0 0 0 1.464 .944l5.706 -3l5.693 3l.1 .046a1 1 0 0 0 1.352 -1.1l-1.091 -6.355l4.624 -4.5l.078 -.085a1 1 0 0 0 -.633 -1.62l-6.38 -.926l-2.852 -5.78a1 1 0 0 0 -1.794 0l-2.853 5.78z"></path></svg><svg xmlns="http://www.w3.org/2000/svg" width="24" height="24" viewBox="0 0 24 24" fill="currentColor" stroke="none" class="tabler-icon tabler-icon-star-filled w-4 h-4 text-yellow-400"><path d="M8.243 7.34l-6.38 .925l-.113 .023a1 1 0 0 0 -.44 1.684l4.622 4.499l-1.09 6.355l-.013 .11a1 1 0 0 0 1.464 .944l5.706 -3l5.693 3l.1 .046a1 1 0 0 0 1.352 -1.1l-1.091 -6.355l4.624 -4.5l.078 -.085a1 1 0 0 0 -.633 -1.62l-6.38 -.926l-2.852 -5.78a1 1 0 0 0 -1.794 0l-2.853 5.78z"></path></svg></div></div>4.78</div><a rel="noopener noreferrer" class="bg-primary-500 text-white px-4 py-3 rounded-xl block w-60 text-center shadow-inner shadow-primary-600 drop-shadow-lg hover:scale-105 transition-all ease-out" href="/tr/yukle">Hemen Ücretsiz İndir</a><div class="flex flex-wrap gap-3"><a class="text-lg whitespace-nowrap" href="/download">Android</a><a class="text-lg whitespace-nowrap" href="/download">iOS</a><a class="text-lg whitespace-nowrap" href="/download">Huawei</a><a class="text-lg whitespace-nowrap" href="/download">Windows</a><a class="text-lg whitespace-nowrap" href="/download">Mac OS</a><a class="text-lg whitespace-nowrap" href="/download">Linux</a><a class="text-lg whitespace-nowrap" href="/download">BSD</a></div></article><div class="flex justify-center grow relative shrink-0 mb-8 sm:mb-24 w-[26rem] max-xs:w-[calc(100vw-4rem)] max-xs:scale-75"><div class="overflow-clip absolute bg-white rounded-3xl" style="clip-path:inset(2% 2% 1% 2% round 2rem)"><img draggable="false" alt="Mockup frame" loading="lazy" width="246" height="496" decoding="async" data-nimg="1" class="opacity-0" style="color:transparent" srcset="/_next/image?url=%2Fassets%2Fimages%2Fmockup-frame.webp&amp;w=256&amp;q=75 1x, /_next/image?url=%2Fassets%2Fimages%2Fmockup-frame.webp&amp;w=640&amp;q=75 2x" src="/_next/image?url=%2Fassets%2Fimages%2Fmockup-frame.webp&amp;w=640&amp;q=75"><img draggable="false" alt="Mockup 1" loading="lazy" width="492" height="992" decoding="async" data-nimg="1" class="absolute top-0 transition-all duration-300 rounded-3xl select-none p-2.5" style="color: transparent; transform: translateX(-100%);" srcset="/_next/image?url=https%3A%2F%2Fcms.abonesepeti.com%2Fstorage%2Fhome-hore-images%2FDecember2024%2Fs7NodJ10qpRILgzWALJ0.PNG&amp;w=640&amp;q=75 1x, /_next/image?url=https%3A%2F%2Fcms.abonesepeti.com%2Fstorage%2Fhome-hore-images%2FDecember2024%2Fs7NodJ10qpRILgzWALJ0.PNG&amp;w=1080&amp;q=75 2x" src="/_next/image?url=https%3A%2F%2Fcms.abonesepeti.com%2Fstorage%2Fhome-hore-images%2FDecember2024%2Fs7NodJ10qpRILgzWALJ0.PNG&amp;w=1080&amp;q=75"><img draggable="false" alt="Mockup 2" loading="lazy" width="492" height="992" decoding="async" data-nimg="1" class="absolute top-0 transition-all duration-300 rounded-3xl select-none p-2.5" style="color: transparent; transform: translateX(0%);" srcset="/_next/image?url=https%3A%2F%2Fcms.abonesepeti.com%2Fstorage%2Fhome-hore-images%2FDecember2024%2FtjYiPYyHnlbY5bOdrrih.PNG&amp;w=640&amp;q=75 1x, /_next/image?url=https%3A%2F%2Fcms.abonesepeti.com%2Fstorage%2Fhome-hore-images%2FDecember2024%2FtjYiPYyHnlbY5bOdrrih.PNG&amp;w=1080&amp;q=75 2x" src="/_next/image?url=https%3A%2F%2Fcms.abonesepeti.com%2Fstorage%2Fhome-hore-images%2FDecember2024%2FtjYiPYyHnlbY5bOdrrih.PNG&amp;w=1080&amp;q=75"><img draggable="false" alt="Mockup 3" loading="lazy" width="492" height="992" decoding="async" data-nimg="1" class="absolute top-0 transition-all duration-300 rounded-3xl select-none p-2.5" style="color: transparent; transform: translateX(100%);" srcset="/_next/image?url=https%3A%2F%2Fcms.abonesepeti.com%2Fstorage%2Fhome-hore-images%2FDecember2024%2F3UTyFtsY3F8XYo1c597d.PNG&amp;w=640&amp;q=75 1x, /_next/image?url=https%3A%2F%2Fcms.abonesepeti.com%2Fstorage%2Fhome-hore-images%2FDecember2024%2F3UTyFtsY3F8XYo1c597d.PNG&amp;w=1080&amp;q=75 2x" src="/_next/image?url=https%3A%2F%2Fcms.abonesepeti.com%2Fstorage%2Fhome-hore-images%2FDecember2024%2F3UTyFtsY3F8XYo1c597d.PNG&amp;w=1080&amp;q=75"><img draggable="false" alt="Mockup 4" loading="lazy" width="492" height="992" decoding="async" data-nimg="1" class="absolute top-0 transition-all duration-300 rounded-3xl select-none p-2.5" style="color: transparent; transform: translateX(200%);" srcset="/_next/image?url=https%3A%2F%2Fcms.abonesepeti.com%2Fstorage%2Fhome-hore-images%2FDecember2024%2FpwWYB51cPsJlbhZ7z7Gw.PNG&amp;w=640&amp;q=75 1x, /_next/image?url=https%3A%2F%2Fcms.abonesepeti.com%2Fstorage%2Fhome-hore-images%2FDecember2024%2FpwWYB51cPsJlbhZ7z7Gw.PNG&amp;w=1080&amp;q=75 2x" src="/_next/image?url=https%3A%2F%2Fcms.abonesepeti.com%2Fstorage%2Fhome-hore-images%2FDecember2024%2FpwWYB51cPsJlbhZ7z7Gw.PNG&amp;w=1080&amp;q=75"><img draggable="false" alt="Mockup 5" loading="lazy" width="492" height="992" decoding="async" data-nimg="1" class="absolute top-0 transition-all duration-300 rounded-3xl select-none p-2.5" style="color: transparent; transform: translateX(300%);" srcset="/_next/image?url=https%3A%2F%2Fcms.abonesepeti.com%2Fstorage%2Fhome-hore-images%2FDecember2024%2F0MqcZUUSssUqJyKoJLP7.PNG&amp;w=640&amp;q=75 1x, /_next/image?url=https%3A%2F%2Fcms.abonesepeti.com%2Fstorage%2Fhome-hore-images%2FDecember2024%2F0MqcZUUSssUqJyKoJLP7.PNG&amp;w=1080&amp;q=75 2x" src="/_next/image?url=https%3A%2F%2Fcms.abonesepeti.com%2Fstorage%2Fhome-hore-images%2FDecember2024%2F0MqcZUUSssUqJyKoJLP7.PNG&amp;w=1080&amp;q=75"><img draggable="false" alt="Mockup 6" loading="lazy" width="492" height="992" decoding="async" data-nimg="1" class="absolute top-0 transition-all duration-300 rounded-3xl select-none p-2.5" style="color: transparent; transform: translateX(400%);" srcset="/_next/image?url=https%3A%2F%2Fcms.abonesepeti.com%2Fstorage%2Fhome-hore-images%2FDecember2024%2FeRNa9rgrKcjL3Vv5Er3I.PNG&amp;w=640&amp;q=75 1x, /_next/image?url=https%3A%2F%2Fcms.abonesepeti.com%2Fstorage%2Fhome-hore-images%2FDecember2024%2FeRNa9rgrKcjL3Vv5Er3I.PNG&amp;w=1080&amp;q=75 2x" src="/_next/image?url=https%3A%2F%2Fcms.abonesepeti.com%2Fstorage%2Fhome-hore-images%2FDecember2024%2FeRNa9rgrKcjL3Vv5Er3I.PNG&amp;w=1080&amp;q=75"><img draggable="false" alt="Mockup 7" loading="lazy" width="492" height="992" decoding="async" data-nimg="1" class="absolute top-0 transition-all duration-300 rounded-3xl select-none p-2.5" style="color: transparent; transform: translateX(500%);" srcset="/_next/image?url=https%3A%2F%2Fcms.abonesepeti.com%2Fstorage%2Fhome-hore-images%2FDecember2024%2FArMPKsO1psfWlufW7Lym.PNG&amp;w=640&amp;q=75 1x, /_next/image?url=https%3A%2F%2Fcms.abonesepeti.com%2Fstorage%2Fhome-hore-images%2FDecember2024%2FArMPKsO1psfWlufW7Lym.PNG&amp;w=1080&amp;q=75 2x" src="/_next/image?url=https%3A%2F%2Fcms.abonesepeti.com%2Fstorage%2Fhome-hore-images%2FDecember2024%2FArMPKsO1psfWlufW7Lym.PNG&amp;w=1080&amp;q=75"></div><img draggable="false" alt="Mockup frame" loading="lazy" width="246" height="496" decoding="async" data-nimg="1" class="select-none relative cursor-grab" style="color:transparent" srcset="/_next/image?url=%2Fassets%2Fimages%2Fmockup-frame.webp&amp;w=256&amp;q=75 1x, /_next/image?url=%2Fassets%2Fimages%2Fmockup-frame.webp&amp;w=640&amp;q=75 2x" src="/_next/image?url=%2Fassets%2Fimages%2Fmockup-frame.webp&amp;w=640&amp;q=75"><div class="absolute w-96 -bottom-16"><svg xmlns="http://www.w3.org/2000/svg" viewBox="0 0 100 51" class="-translate-y-1 drop-shadow-lg"><path fill="#ededed" d="M0 1c0 27.614237 22.385763 50 50 50s50-22.385763 50-50c0 0-.0038-1-1-1-.99621 0-1 1-1 1 0 26.509668-21.490332 48-48 48S2 27.509668 2 1c0 0-.0129705-1-1-1-.98702951 0-1 1-1 1Z"></path></svg><div class="absolute top-0 left-0 w-1/2 h-1/2 origin-top-right transition-all duration-1000 linear" style="rotate: -30deg;"><div class="-translate-x-3 -translate-y-1/2 w-8 h-8 bg-primary-900 rounded-full shadow-inset drop-shadow-lg"></div></div></div></div></div></div><div class="bg-stone-100 dark:bg-stone-900"><div class="mx-auto animate-fade-in p-4 max-w-screen-xl"><ul class="flex justify-evenly gap-8 flex-wrap" style="opacity:0"><li class="w-32 h-20 text-stone-400 text-center shrink-0 bg-laurel-wreath bg-bottom bg-contain bg-no-repeat" style="transform:scaleX(0)"><h2 class="text-2xl font-semibold leading-tight">34</h2><p class="text-sm">Kategori</p></li><li class="w-32 h-20 text-stone-400 text-center shrink-0 bg-laurel-wreath bg-bottom bg-contain bg-no-repeat" style="transform:scaleX(0)"><h2 class="text-2xl font-semibold leading-tight">202</h2><p class="text-sm">Marka</p></li><li class="w-32 h-20 text-stone-400 text-center shrink-0 bg-laurel-wreath bg-bottom bg-contain bg-no-repeat" style="transform:scaleX(0)"><h2 class="text-2xl font-semibold leading-tight">283</h2><p class="text-sm">Kampanya</p></li><li class="w-32 h-20 text-stone-400 text-center shrink-0 bg-laurel-wreath bg-bottom bg-contain bg-no-repeat" style="transform:scaleX(0)"><h2 class="text-2xl font-semibold leading-tight">272.473</h2><p class="text-sm">Kullanıcı</p></li></ul></div></div><div class="py-16"><hgroup class="text-center sm:my-12 p-4"><h2 class="text-3xl mb-2 font-semibold">Aboneliklerinizi kontrol altına alın</h2><p class="text-xl max-w-2xl mx-auto">Abonesepeti, daha fazla tasarruf etmenizi, daha az harcamanızı, her şeyi görmenizi ve aboneliklerinizin kontrolünü elinize almanızı sağlar.</p></hgroup><div class="md:grid md:grid-cols-sticky-slide gap-8 gap-y-16 flex flex-col mx-auto animate-fade-in p-4 max-w-screen-xl"><div style="order:0" class="p-8 rounded-2xl space-y-6 md:!order-[unset] bg-stone-100 dark:bg-stone-900 shadow-md self-center"><h3 class="text-3xl font-medium">Abonelik Harcama İçgörüleri</h3><p class="text-xl">Tüm aboneliklerinizdeki harcamaları tek bir ekranda izleyin. Paranızın nereye gittiğini ve bunu nasıl iyileştirebileceğimizi görün. Gereksiz masrafları fark edin, tasarruf edin ve finansal hedeflerinize daha hızlı ulaşın.</p></div><figure style="order:-1" class="md:sticky md:top-48 flex justify-center md:p-8 md:!order-[unset]"><img alt="" loading="lazy" width="1242" height="1416" decoding="async" data-nimg="1" class="object-contain max-h-[32rem] w-auto drop-shadow-lg md:-rotate-6 max-md:!ml-0" style="color:transparent;margin-left:-12rem" srcset="/_next/image?url=https%3A%2F%2Fcms.abonesepeti.com%2Fstorage%2Fhome-verticle-slides%2FDecember2024%2Fj6d71Hnx82k15es4nm9b.webp&amp;w=1920&amp;q=75 1x, /_next/image?url=https%3A%2F%2Fcms.abonesepeti.com%2Fstorage%2Fhome-verticle-slides%2FDecember2024%2Fj6d71Hnx82k15es4nm9b.webp&amp;w=3840&amp;q=75 2x" src="/_next/image?url=https%3A%2F%2Fcms.abonesepeti.com%2Fstorage%2Fhome-verticle-slides%2FDecember2024%2Fj6d71Hnx82k15es4nm9b.webp&amp;w=3840&amp;q=75"></figure><div style="order:2" class="p-8 rounded-2xl space-y-6 md:!order-[unset] bg-stone-100 dark:bg-stone-900 shadow-md self-center"><h3 class="text-3xl font-medium">Kolay Abonelik Yönetimi</h3><p class="text-xl">Kendinize ve aile bireylerinize ait abonelikleri tek bir ekranda takip edin. Aboneliklerinizin başlama ve bitiş tarihlerini görün.Tüm aboneliklerinizi düzenli bir panelde kolayca yönetin.</p></div><figure style="order:1" class="md:sticky md:top-48 flex justify-center md:p-8 md:!order-[unset]"><img alt="" loading="lazy" width="1242" height="1416" decoding="async" data-nimg="1" class="object-contain max-h-[32rem] w-auto drop-shadow-lg md:-rotate-6 max-md:!ml-0" style="color:transparent;margin-left:0rem" srcset="/_next/image?url=https%3A%2F%2Fcms.abonesepeti.com%2Fstorage%2Fhome-verticle-slides%2FDecember2024%2FAURXeM6ykSbeJPmyEWd8.webp&amp;w=1920&amp;q=75 1x, /_next/image?url=https%3A%2F%2Fcms.abonesepeti.com%2Fstorage%2Fhome-verticle-slides%2FDecember2024%2FAURXeM6ykSbeJPmyEWd8.webp&amp;w=3840&amp;q=75 2x" src="/_next/image?url=https%3A%2F%2Fcms.abonesepeti.com%2Fstorage%2Fhome-verticle-slides%2FDecember2024%2FAURXeM6ykSbeJPmyEWd8.webp&amp;w=3840&amp;q=75"></figure><div style="order:4" class="p-8 rounded-2xl space-y-6 md:!order-[unset] bg-stone-100 dark:bg-stone-900 shadow-md self-center"><h3 class="text-3xl font-medium">Kolay İptal</h3><p class="text-xl">İhtiyacınız olmayan abonelikler için ödeme yapmayı bırakın. Kullanmadığınız aboneliğinizi kolayca iptal edin.</p></div><figure style="order:3" class="md:sticky md:top-48 flex justify-center md:p-8 md:!order-[unset]"><img alt="" loading="lazy" width="1242" height="1416" decoding="async" data-nimg="1" class="object-contain max-h-[32rem] w-auto drop-shadow-lg md:-rotate-6 max-md:!ml-0" style="color:transparent;margin-left:12rem" srcset="/_next/image?url=https%3A%2F%2Fcms.abonesepeti.com%2Fstorage%2Fhome-verticle-slides%2FDecember2024%2FzBBuB9hBb6kJKopors5l.webp&amp;w=1920&amp;q=75 1x, /_next/image?url=https%3A%2F%2Fcms.abonesepeti.com%2Fstorage%2Fhome-verticle-slides%2FDecember2024%2FzBBuB9hBb6kJKopors5l.webp&amp;w=3840&amp;q=75 2x" src="/_next/image?url=https%3A%2F%2Fcms.abonesepeti.com%2Fstorage%2Fhome-verticle-slides%2FDecember2024%2FzBBuB9hBb6kJKopors5l.webp&amp;w=3840&amp;q=75"></figure></div></div><div class="p-0 mx-auto animate-fade-in p-4 max-w-screen-xl"><video loop="" muted="" controls="" autoplay="" playsinline="" src="/assets/videos/intro.mp4" class="aspect-video rounded-2xl my-20"></video></div><div class="bg-sea bg-center bg-cover"><div class="grid place-items-center mx-auto animate-fade-in p-4 max-w-screen-xl"><ul class="text-white my-24 gap-8 grid grid-cols-1 md:grid-cols-3"><li class="list-none h-full block" style="perspective:1000px"><div class="flex flex-col items-center m-0 p-8 gap-4 rounded-lg shadow relative text-center transition-all duration-300 hover:transition-none h-full max-md:bg-amber-900 max-md:bg-opacity-30 backdrop-blur-lg"><div class="inset-0 top-0 absolute overflow-clip rounded-b-lg"><div class="bg-gradient-to-t from-stone-200 to-stone-100 absolute -left-full -right-full -bottom-32 top-2/3 opacity-20 -rotate-12"></div></div><strong class="relative text-xl font-bold">Kolay Abonelik Yönetimi</strong><em class="relative w-full text-lg">Aboneliklerinizi bir daha asla kaçırmayın! Tüm aboneliklerinizi tek yerde yönetin, düzenli kalın ve istenmeyen yenilemelerden kaçının.</em></div></li><li class="list-none h-full block" style="perspective:1000px"><div class="flex flex-col items-center m-0 p-8 gap-4 rounded-lg shadow relative text-center transition-all duration-300 hover:transition-none h-full max-md:bg-amber-900 max-md:bg-opacity-30 backdrop-blur-lg"><div class="inset-0 top-0 absolute overflow-clip rounded-b-lg"><div class="bg-gradient-to-t from-stone-200 to-stone-100 absolute -left-full -right-full -bottom-32 top-2/3 opacity-20 -rotate-12"></div></div><strong class="relative text-xl font-bold">Bütçenizi Kontrol Altında Tutun</strong><em class="relative w-full text-lg">Size uygun bütçeler belirleyin ve harcamalarınızı kolayca takip edin. Abonesepeti her ay daha akıllı tasarruf etmenizi sağlar.</em></div></li><li class="list-none h-full block" style="perspective:1000px"><div class="flex flex-col items-center m-0 p-8 gap-4 rounded-lg shadow relative text-center transition-all duration-300 hover:transition-none h-full max-md:bg-amber-900 max-md:bg-opacity-30 backdrop-blur-lg"><div class="inset-0 top-0 absolute overflow-clip rounded-b-lg"><div class="bg-gradient-to-t from-stone-200 to-stone-100 absolute -left-full -right-full -bottom-32 top-2/3 opacity-20 -rotate-12"></div></div><strong class="relative text-xl font-bold">Abonelikleriniz için Akıllı Hatırlatmalar</strong><em class="relative w-full text-lg">Yaklaşan yenileme ve ödeme hatırlatmalarını zamanında alın, kontrolü elinizde tutun ve sürprizlerden kaçının.</em></div></li></ul></div></div><div class="bg-stone-100 dark:bg-stone-900"><div class="flex justify-between items-center max-lg:flex-col gap-4 lg:gap-8 p-8 mx-auto animate-fade-in max-w-screen-xl"><div class="flex items-center gap-4 lg:gap-8 max-lg:flex-col"><img alt="Amblem" loading="lazy" width="74" height="74" decoding="async" data-nimg="1" class="dark:brightness-0 dark:invert" style="color:transparent" src="/assets/brand/amblem.svg"><ul class="flex gap-4 items-center justify-evenly max-lg:flex-wrap" style="opacity:0"><li class="flex items-center gap-4 whitespace-nowrap" style="opacity:0;transform:translateY(20px)"><span class="text-center text-xl font-semibold">Başlat</span><div class="w-px h-4 bg-stone-300 dark:bg-stone-700 max-sm:hidden"></div></li><li class="flex items-center gap-4 whitespace-nowrap" style="opacity:0;transform:translateY(20px)"><span class="text-center text-xl font-semibold">Yönet</span><div class="w-px h-4 bg-stone-300 dark:bg-stone-700 max-sm:hidden"></div></li><li class="flex items-center gap-4 whitespace-nowrap" style="opacity:0;transform:translateY(20px)"><span class="text-center text-xl font-semibold">Öde</span><div class="w-px h-4 bg-stone-300 dark:bg-stone-700 max-sm:hidden"></div></li><li class="flex items-center gap-4 whitespace-nowrap" style="opacity:0;transform:translateY(20px)"><span class="text-center text-xl font-semibold">İptal Et</span></li></ul></div><ul class="flex gap-4 flex-wrap justify-center" style="opacity:0"><li style="opacity:0"><a href="https://play.google.com/store/apps/details?id=com.abonesepeti.app"><img alt="Android" loading="lazy" width="160" height="48" decoding="async" data-nimg="1" style="color:transparent" src="/assets/images/appButtons/android.svg"></a></li><li style="opacity:0"><a href="https://apps.apple.com/tr/app/abonesepeti-abonelik-y%C3%B6netimi/id1603237503"><img alt="Ios" loading="lazy" width="160" height="48" decoding="async" data-nimg="1" style="color:transparent" src="/assets/images/appButtons/ios.svg"></a></li><li style="opacity:0"><a href="https://appgallery.huawei.com/app/C110943543"><img alt="Huawei" loading="lazy" width="160" height="48" decoding="async" data-nimg="1" style="color:transparent" src="/assets/images/appButtons/huawei.svg"></a></li></ul></div></div><div class="text-center flex flex-col gap-8 mix-blend-difference text-white my-16 items-center mx-auto animate-fade-in p-4 max-w-screen-md"><h2 class="text-3xl font-semibold max-w-sm">Aboneliklerinizi Kolayca Yönetin</h2></div><div class="flex flex-col gap-8 my-16"><div class="rfm-marquee-container space-x-16" style="--pause-on-hover: paused; --pause-on-click: paused; --width: 100%; --transform: none;"><div class="rfm-marquee" style="--play: running; --direction: reverse; --duration: 67.84s; --delay: 0s; --iteration-count: infinite; --min-width: auto;"><div class="rfm-initial-child-container"><div class="rfm-child" style="--transform: none;"><div class="flex items-center gap-16"><img alt="arvento" draggable="false" loading="lazy" width="96" height="96" decoding="async" data-nimg="1" class="h-32 w-32 p-4 select-none grayscale hover:grayscale-0 transition-all dark:brightness-200 hover:dark:brightness-100" src="/assets/temp/brands/arvento.svg" style="color: transparent;"><img alt="444dergi" draggable="false" loading="lazy" width="96" height="96" decoding="async" data-nimg="1" class="h-32 w-32 p-4 select-none grayscale hover:grayscale-0 transition-all dark:brightness-200 hover:dark:brightness-100" src="/assets/temp/brands/444dergi.svg" style="color: transparent;"><img alt="atlantis" draggable="false" loading="lazy" width="96" height="96" decoding="async" data-nimg="1" class="h-32 w-32 p-4 select-none grayscale hover:grayscale-0 transition-all dark:brightness-200 hover:dark:brightness-100" src="/assets/temp/brands/atlantis.svg" style="color: transparent;"><img alt="bein-connect" draggable="false" loading="lazy" width="96" height="96" decoding="async" data-nimg="1" class="h-32 w-32 p-4 select-none grayscale hover:grayscale-0 transition-all dark:brightness-200 hover:dark:brightness-100" src="/assets/temp/brands/bein-connect.svg" style="color: transparent;"><img alt="bein-sport" draggable="false" loading="lazy" width="96" height="96" decoding="async" data-nimg="1" class="h-32 w-32 p-4 select-none grayscale hover:grayscale-0 transition-all dark:brightness-200 hover:dark:brightness-100" src="/assets/temp/brands/bein-sport.svg" style="color: transparent;"><img alt="blutv" draggable="false" loading="lazy" width="96" height="96" decoding="async" data-nimg="1" class="h-32 w-32 p-4 select-none grayscale hover:grayscale-0 transition-all dark:brightness-200 hover:dark:brightness-100" src="/assets/temp/brands/blutv.svg" style="color: transparent;"><img alt="bundes-liga" draggable="false" loading="lazy" width="96" height="96" decoding="async" data-nimg="1" class="h-32 w-32 p-4 select-none grayscale hover:grayscale-0 transition-all dark:brightness-200 hover:dark:brightness-100" src="/assets/temp/brands/bundes-liga.svg" style="color: transparent;"><img alt="byfog-kulup" draggable="false" loading="lazy" width="96" height="96" decoding="async" data-nimg="1" class="h-32 w-32 p-4 select-none grayscale hover:grayscale-0 transition-all dark:brightness-200 hover:dark:brightness-100" src="/assets/temp/brands/byfog-kulup.svg" style="color: transparent;"><img alt="champion-league" draggable="false" loading="lazy" width="96" height="96" decoding="async" data-nimg="1" class="h-32 w-32 p-4 select-none grayscale hover:grayscale-0 transition-all dark:brightness-200 hover:dark:brightness-100" src="/assets/temp/brands/champion-league.svg" style="color: transparent;"><img alt="dask" draggable="false" loading="lazy" width="96" height="96" decoding="async" data-nimg="1" class="h-32 w-32 p-4 select-none grayscale hover:grayscale-0 transition-all dark:brightness-200 hover:dark:brightness-100" src="/assets/temp/brands/dask.svg" style="color: transparent;"><img alt="digiturk-neo" draggable="false" loading="lazy" width="96" height="96" decoding="async" data-nimg="1" class="h-32 w-32 p-4 select-none grayscale hover:grayscale-0 transition-all dark:brightness-200 hover:dark:brightness-100" src="/assets/temp/brands/digiturk-neo.svg" style="color: transparent;"><img alt="digiturk" draggable="false" loading="lazy" width="96" height="96" decoding="async" data-nimg="1" class="h-32 w-32 p-4 select-none grayscale hover:grayscale-0 transition-all dark:brightness-200 hover:dark:brightness-100" src="/assets/temp/brands/digiturk.svg" style="color: transparent;"><img alt="dsmart" draggable="false" loading="lazy" width="96" height="96" decoding="async" data-nimg="1" class="h-32 w-32 p-4 select-none grayscale hover:grayscale-0 transition-all dark:brightness-200 hover:dark:brightness-100" src="/assets/temp/brands/dsmart.svg" style="color: transparent;"><img alt="eber-eats" draggable="false" loading="lazy" width="96" height="96" decoding="async" data-nimg="1" class="h-32 w-32 p-4 select-none grayscale hover:grayscale-0 transition-all dark:brightness-200 hover:dark:brightness-100" src="/assets/temp/brands/eber-eats.svg" style="color: transparent;"><img alt="eplanet-internet" draggable="false" loading="lazy" width="96" height="96" decoding="async" data-nimg="1" class="h-32 w-32 p-4 select-none grayscale hover:grayscale-0 transition-all dark:brightness-200 hover:dark:brightness-100" src="/assets/temp/brands/eplanet-internet.svg" style="color: transparent;"><img alt="eurolig" draggable="false" loading="lazy" width="96" height="96" decoding="async" data-nimg="1" class="h-32 w-32 p-4 select-none grayscale hover:grayscale-0 transition-all dark:brightness-200 hover:dark:brightness-100" src="/assets/temp/brands/eurolig.svg" style="color: transparent;"><img alt="extranet" draggable="false" loading="lazy" width="96" height="96" decoding="async" data-nimg="1" class="h-32 w-32 p-4 select-none grayscale hover:grayscale-0 transition-all dark:brightness-200 hover:dark:brightness-100" src="/assets/temp/brands/extranet.svg" style="color: transparent;"><img alt="exxen" draggable="false" loading="lazy" width="96" height="96" decoding="async" data-nimg="1" class="h-32 w-32 p-4 select-none grayscale hover:grayscale-0 transition-all dark:brightness-200 hover:dark:brightness-100" src="/assets/temp/brands/exxen.svg" style="color: transparent;"></div></div></div></div><div class="rfm-marquee" style="--play: running; --direction: reverse; --duration: 67.84s; --delay: 0s; --iteration-count: infinite; --min-width: auto;"><div class="rfm-child" style="--transform: none;"><div class="flex items-center gap-16"><img alt="arvento" draggable="false" loading="lazy" width="96" height="96" decoding="async" data-nimg="1" class="h-32 w-32 p-4 select-none grayscale hover:grayscale-0 transition-all dark:brightness-200 hover:dark:brightness-100" src="/assets/temp/brands/arvento.svg" style="color: transparent;"><img alt="444dergi" draggable="false" loading="lazy" width="96" height="96" decoding="async" data-nimg="1" class="h-32 w-32 p-4 select-none grayscale hover:grayscale-0 transition-all dark:brightness-200 hover:dark:brightness-100" src="/assets/temp/brands/444dergi.svg" style="color: transparent;"><img alt="atlantis" draggable="false" loading="lazy" width="96" height="96" decoding="async" data-nimg="1" class="h-32 w-32 p-4 select-none grayscale hover:grayscale-0 transition-all dark:brightness-200 hover:dark:brightness-100" src="/assets/temp/brands/atlantis.svg" style="color: transparent;"><img alt="bein-connect" draggable="false" loading="lazy" width="96" height="96" decoding="async" data-nimg="1" class="h-32 w-32 p-4 select-none grayscale hover:grayscale-0 transition-all dark:brightness-200 hover:dark:brightness-100" src="/assets/temp/brands/bein-connect.svg" style="color: transparent;"><img alt="bein-sport" draggable="false" loading="lazy" width="96" height="96" decoding="async" data-nimg="1" class="h-32 w-32 p-4 select-none grayscale hover:grayscale-0 transition-all dark:brightness-200 hover:dark:brightness-100" src="/assets/temp/brands/bein-sport.svg" style="color: transparent;"><img alt="blutv" draggable="false" loading="lazy" width="96" height="96" decoding="async" data-nimg="1" class="h-32 w-32 p-4 select-none grayscale hover:grayscale-0 transition-all dark:brightness-200 hover:dark:brightness-100" src="/assets/temp/brands/blutv.svg" style="color: transparent;"><img alt="bundes-liga" draggable="false" loading="lazy" width="96" height="96" decoding="async" data-nimg="1" class="h-32 w-32 p-4 select-none grayscale hover:grayscale-0 transition-all dark:brightness-200 hover:dark:brightness-100" src="/assets/temp/brands/bundes-liga.svg" style="color: transparent;"><img alt="byfog-kulup" draggable="false" loading="lazy" width="96" height="96" decoding="async" data-nimg="1" class="h-32 w-32 p-4 select-none grayscale hover:grayscale-0 transition-all dark:brightness-200 hover:dark:brightness-100" src="/assets/temp/brands/byfog-kulup.svg" style="color: transparent;"><img alt="champion-league" draggable="false" loading="lazy" width="96" height="96" decoding="async" data-nimg="1" class="h-32 w-32 p-4 select-none grayscale hover:grayscale-0 transition-all dark:brightness-200 hover:dark:brightness-100" src="/assets/temp/brands/champion-league.svg" style="color: transparent;"><img alt="dask" draggable="false" loading="lazy" width="96" height="96" decoding="async" data-nimg="1" class="h-32 w-32 p-4 select-none grayscale hover:grayscale-0 transition-all dark:brightness-200 hover:dark:brightness-100" src="/assets/temp/brands/dask.svg" style="color: transparent;"><img alt="digiturk-neo" draggable="false" loading="lazy" width="96" height="96" decoding="async" data-nimg="1" class="h-32 w-32 p-4 select-none grayscale hover:grayscale-0 transition-all dark:brightness-200 hover:dark:brightness-100" src="/assets/temp/brands/digiturk-neo.svg" style="color: transparent;"><img alt="digiturk" draggable="false" loading="lazy" width="96" height="96" decoding="async" data-nimg="1" class="h-32 w-32 p-4 select-none grayscale hover:grayscale-0 transition-all dark:brightness-200 hover:dark:brightness-100" src="/assets/temp/brands/digiturk.svg" style="color: transparent;"><img alt="dsmart" draggable="false" loading="lazy" width="96" height="96" decoding="async" data-nimg="1" class="h-32 w-32 p-4 select-none grayscale hover:grayscale-0 transition-all dark:brightness-200 hover:dark:brightness-100" src="/assets/temp/brands/dsmart.svg" style="color: transparent;"><img alt="eber-eats" draggable="false" loading="lazy" width="96" height="96" decoding="async" data-nimg="1" class="h-32 w-32 p-4 select-none grayscale hover:grayscale-0 transition-all dark:brightness-200 hover:dark:brightness-100" src="/assets/temp/brands/eber-eats.svg" style="color: transparent;"><img alt="eplanet-internet" draggable="false" loading="lazy" width="96" height="96" decoding="async" data-nimg="1" class="h-32 w-32 p-4 select-none grayscale hover:grayscale-0 transition-all dark:brightness-200 hover:dark:brightness-100" src="/assets/temp/brands/eplanet-internet.svg" style="color: transparent;"><img alt="eurolig" draggable="false" loading="lazy" width="96" height="96" decoding="async" data-nimg="1" class="h-32 w-32 p-4 select-none grayscale hover:grayscale-0 transition-all dark:brightness-200 hover:dark:brightness-100" src="/assets/temp/brands/eurolig.svg" style="color: transparent;"><img alt="extranet" draggable="false" loading="lazy" width="96" height="96" decoding="async" data-nimg="1" class="h-32 w-32 p-4 select-none grayscale hover:grayscale-0 transition-all dark:brightness-200 hover:dark:brightness-100" src="/assets/temp/brands/extranet.svg" style="color: transparent;"><img alt="exxen" draggable="false" loading="lazy" width="96" height="96" decoding="async" data-nimg="1" class="h-32 w-32 p-4 select-none grayscale hover:grayscale-0 transition-all dark:brightness-200 hover:dark:brightness-100" src="/assets/temp/brands/exxen.svg" style="color: transparent;"></div></div></div></div><div class="rfm-marquee-container space-x-16" style="--pause-on-hover: paused; --pause-on-click: paused; --width: 100%; --transform: none;"><div class="rfm-marquee" style="--play: running; --direction: normal; --duration: 67.84s; --delay: 0s; --iteration-count: infinite; --min-width: auto;"><div class="rfm-initial-child-container"><div class="rfm-child" style="--transform: none;"><div class="flex items-center gap-16"><img alt="fastcompany" draggable="false" loading="lazy" width="96" height="96" decoding="async" data-nimg="1" class="h-32 w-32 p-4 select-none grayscale hover:grayscale-0 transition-all dark:brightness-200 hover:dark:brightness-100" src="/assets/temp/brands/fastcompany.svg" style="color: transparent;"><img alt="filmbox" draggable="false" loading="lazy" width="96" height="96" decoding="async" data-nimg="1" class="h-32 w-32 p-4 select-none grayscale hover:grayscale-0 transition-all dark:brightness-200 hover:dark:brightness-100" src="/assets/temp/brands/filmbox.svg" style="color: transparent;"><img alt="fraktal" draggable="false" loading="lazy" width="96" height="96" decoding="async" data-nimg="1" class="h-32 w-32 p-4 select-none grayscale hover:grayscale-0 transition-all dark:brightness-200 hover:dark:brightness-100" src="/assets/temp/brands/fraktal.svg" style="color: transparent;"><img alt="gain" draggable="false" loading="lazy" width="96" height="96" decoding="async" data-nimg="1" class="h-32 w-32 p-4 select-none grayscale hover:grayscale-0 transition-all dark:brightness-200 hover:dark:brightness-100" src="/assets/temp/brands/gain.svg" style="color: transparent;"><img alt="goknet" draggable="false" loading="lazy" width="96" height="96" decoding="async" data-nimg="1" class="h-32 w-32 p-4 select-none grayscale hover:grayscale-0 transition-all dark:brightness-200 hover:dark:brightness-100" src="/assets/temp/brands/goknet.svg" style="color: transparent;"><img alt="igdas" draggable="false" loading="lazy" width="96" height="96" decoding="async" data-nimg="1" class="h-32 w-32 p-4 select-none grayscale hover:grayscale-0 transition-all dark:brightness-200 hover:dark:brightness-100" src="/assets/temp/brands/igdas.svg" style="color: transparent;"><img alt="iski" draggable="false" loading="lazy" width="96" height="96" decoding="async" data-nimg="1" class="h-32 w-32 p-4 select-none grayscale hover:grayscale-0 transition-all dark:brightness-200 hover:dark:brightness-100" src="/assets/temp/brands/iski.svg" style="color: transparent;"><img alt="kale-alarm" draggable="false" loading="lazy" width="96" height="96" decoding="async" data-nimg="1" class="h-32 w-32 p-4 select-none grayscale hover:grayscale-0 transition-all dark:brightness-200 hover:dark:brightness-100" src="/assets/temp/brands/kale-alarm.svg" style="color: transparent;"><img alt="laliga" draggable="false" loading="lazy" width="96" height="96" decoding="async" data-nimg="1" class="h-32 w-32 p-4 select-none grayscale hover:grayscale-0 transition-all dark:brightness-200 hover:dark:brightness-100" src="/assets/temp/brands/laliga.svg" style="color: transparent;"><img alt="magazanolsun" draggable="false" loading="lazy" width="96" height="96" decoding="async" data-nimg="1" class="h-32 w-32 p-4 select-none grayscale hover:grayscale-0 transition-all dark:brightness-200 hover:dark:brightness-100" src="/assets/temp/brands/magazanolsun.svg" style="color: transparent;"><img alt="mahrek" draggable="false" loading="lazy" width="96" height="96" decoding="async" data-nimg="1" class="h-32 w-32 p-4 select-none grayscale hover:grayscale-0 transition-all dark:brightness-200 hover:dark:brightness-100" src="/assets/temp/brands/mahrek.svg" style="color: transparent;"><img alt="mobiliz" draggable="false" loading="lazy" width="96" height="96" decoding="async" data-nimg="1" class="h-32 w-32 p-4 select-none grayscale hover:grayscale-0 transition-all dark:brightness-200 hover:dark:brightness-100" src="/assets/temp/brands/mobiliz.svg" style="color: transparent;"><img alt="netflix" draggable="false" loading="lazy" width="96" height="96" decoding="async" data-nimg="1" class="h-32 w-32 p-4 select-none grayscale hover:grayscale-0 transition-all dark:brightness-200 hover:dark:brightness-100" src="/assets/temp/brands/netflix.svg" style="color: transparent;"><img alt="odeal" draggable="false" loading="lazy" width="96" height="96" decoding="async" data-nimg="1" class="h-32 w-32 p-4 select-none grayscale hover:grayscale-0 transition-all dark:brightness-200 hover:dark:brightness-100" src="/assets/temp/brands/odeal.svg" style="color: transparent;"><img alt="oris-telekom" draggable="false" loading="lazy" width="96" height="96" decoding="async" data-nimg="1" class="h-32 w-32 p-4 select-none grayscale hover:grayscale-0 transition-all dark:brightness-200 hover:dark:brightness-100" src="/assets/temp/brands/oris-telekom.svg" style="color: transparent;"><img alt="peer-bie" draggable="false" loading="lazy" width="96" height="96" decoding="async" data-nimg="1" class="h-32 w-32 p-4 select-none grayscale hover:grayscale-0 transition-all dark:brightness-200 hover:dark:brightness-100" src="/assets/temp/brands/peer-bie.svg" style="color: transparent;"><img alt="premier-leage" draggable="false" loading="lazy" width="96" height="96" decoding="async" data-nimg="1" class="h-32 w-32 p-4 select-none grayscale hover:grayscale-0 transition-all dark:brightness-200 hover:dark:brightness-100" src="/assets/temp/brands/premier-leage.svg" style="color: transparent;"><img alt="pronet" draggable="false" loading="lazy" width="96" height="96" decoding="async" data-nimg="1" class="h-32 w-32 p-4 select-none grayscale hover:grayscale-0 transition-all dark:brightness-200 hover:dark:brightness-100" src="/assets/temp/brands/pronet.svg" style="color: transparent;"></div></div></div></div><div class="rfm-marquee" style="--play: running; --direction: normal; --duration: 67.84s; --delay: 0s; --iteration-count: infinite; --min-width: auto;"><div class="rfm-child" style="--transform: none;"><div class="flex items-center gap-16"><img alt="fastcompany" draggable="false" loading="lazy" width="96" height="96" decoding="async" data-nimg="1" class="h-32 w-32 p-4 select-none grayscale hover:grayscale-0 transition-all dark:brightness-200 hover:dark:brightness-100" src="/assets/temp/brands/fastcompany.svg" style="color: transparent;"><img alt="filmbox" draggable="false" loading="lazy" width="96" height="96" decoding="async" data-nimg="1" class="h-32 w-32 p-4 select-none grayscale hover:grayscale-0 transition-all dark:brightness-200 hover:dark:brightness-100" src="/assets/temp/brands/filmbox.svg" style="color: transparent;"><img alt="fraktal" draggable="false" loading="lazy" width="96" height="96" decoding="async" data-nimg="1" class="h-32 w-32 p-4 select-none grayscale hover:grayscale-0 transition-all dark:brightness-200 hover:dark:brightness-100" src="/assets/temp/brands/fraktal.svg" style="color: transparent;"><img alt="gain" draggable="false" loading="lazy" width="96" height="96" decoding="async" data-nimg="1" class="h-32 w-32 p-4 select-none grayscale hover:grayscale-0 transition-all dark:brightness-200 hover:dark:brightness-100" src="/assets/temp/brands/gain.svg" style="color: transparent;"><img alt="goknet" draggable="false" loading="lazy" width="96" height="96" decoding="async" data-nimg="1" class="h-32 w-32 p-4 select-none grayscale hover:grayscale-0 transition-all dark:brightness-200 hover:dark:brightness-100" src="/assets/temp/brands/goknet.svg" style="color: transparent;"><img alt="igdas" draggable="false" loading="lazy" width="96" height="96" decoding="async" data-nimg="1" class="h-32 w-32 p-4 select-none grayscale hover:grayscale-0 transition-all dark:brightness-200 hover:dark:brightness-100" src="/assets/temp/brands/igdas.svg" style="color: transparent;"><img alt="iski" draggable="false" loading="lazy" width="96" height="96" decoding="async" data-nimg="1" class="h-32 w-32 p-4 select-none grayscale hover:grayscale-0 transition-all dark:brightness-200 hover:dark:brightness-100" src="/assets/temp/brands/iski.svg" style="color: transparent;"><img alt="kale-alarm" draggable="false" loading="lazy" width="96" height="96" decoding="async" data-nimg="1" class="h-32 w-32 p-4 select-none grayscale hover:grayscale-0 transition-all dark:brightness-200 hover:dark:brightness-100" src="/assets/temp/brands/kale-alarm.svg" style="color: transparent;"><img alt="laliga" draggable="false" loading="lazy" width="96" height="96" decoding="async" data-nimg="1" class="h-32 w-32 p-4 select-none grayscale hover:grayscale-0 transition-all dark:brightness-200 hover:dark:brightness-100" src="/assets/temp/brands/laliga.svg" style="color: transparent;"><img alt="magazanolsun" draggable="false" loading="lazy" width="96" height="96" decoding="async" data-nimg="1" class="h-32 w-32 p-4 select-none grayscale hover:grayscale-0 transition-all dark:brightness-200 hover:dark:brightness-100" src="/assets/temp/brands/magazanolsun.svg" style="color: transparent;"><img alt="mahrek" draggable="false" loading="lazy" width="96" height="96" decoding="async" data-nimg="1" class="h-32 w-32 p-4 select-none grayscale hover:grayscale-0 transition-all dark:brightness-200 hover:dark:brightness-100" src="/assets/temp/brands/mahrek.svg" style="color: transparent;"><img alt="mobiliz" draggable="false" loading="lazy" width="96" height="96" decoding="async" data-nimg="1" class="h-32 w-32 p-4 select-none grayscale hover:grayscale-0 transition-all dark:brightness-200 hover:dark:brightness-100" src="/assets/temp/brands/mobiliz.svg" style="color: transparent;"><img alt="netflix" draggable="false" loading="lazy" width="96" height="96" decoding="async" data-nimg="1" class="h-32 w-32 p-4 select-none grayscale hover:grayscale-0 transition-all dark:brightness-200 hover:dark:brightness-100" src="/assets/temp/brands/netflix.svg" style="color: transparent;"><img alt="odeal" draggable="false" loading="lazy" width="96" height="96" decoding="async" data-nimg="1" class="h-32 w-32 p-4 select-none grayscale hover:grayscale-0 transition-all dark:brightness-200 hover:dark:brightness-100" src="/assets/temp/brands/odeal.svg" style="color: transparent;"><img alt="oris-telekom" draggable="false" loading="lazy" width="96" height="96" decoding="async" data-nimg="1" class="h-32 w-32 p-4 select-none grayscale hover:grayscale-0 transition-all dark:brightness-200 hover:dark:brightness-100" src="/assets/temp/brands/oris-telekom.svg" style="color: transparent;"><img alt="peer-bie" draggable="false" loading="lazy" width="96" height="96" decoding="async" data-nimg="1" class="h-32 w-32 p-4 select-none grayscale hover:grayscale-0 transition-all dark:brightness-200 hover:dark:brightness-100" src="/assets/temp/brands/peer-bie.svg" style="color: transparent;"><img alt="premier-leage" draggable="false" loading="lazy" width="96" height="96" decoding="async" data-nimg="1" class="h-32 w-32 p-4 select-none grayscale hover:grayscale-0 transition-all dark:brightness-200 hover:dark:brightness-100" src="/assets/temp/brands/premier-leage.svg" style="color: transparent;"><img alt="pronet" draggable="false" loading="lazy" width="96" height="96" decoding="async" data-nimg="1" class="h-32 w-32 p-4 select-none grayscale hover:grayscale-0 transition-all dark:brightness-200 hover:dark:brightness-100" src="/assets/temp/brands/pronet.svg" style="color: transparent;"></div></div></div></div><div class="rfm-marquee-container space-x-16" style="--pause-on-hover: paused; --pause-on-click: paused; --width: 100%; --transform: none;"><div class="rfm-marquee" style="--play: running; --direction: reverse; --duration: 64s; --delay: 0s; --iteration-count: infinite; --min-width: auto;"><div class="rfm-initial-child-container"><div class="rfm-child" style="--transform: none;"><div class="flex items-center gap-16"><img alt="ready-for-change" draggable="false" loading="lazy" width="96" height="96" decoding="async" data-nimg="1" class="h-32 w-32 p-4 select-none grayscale hover:grayscale-0 transition-all dark:brightness-200 hover:dark:brightness-100" src="/assets/temp/brands/ready-for-change.svg" style="color: transparent;"><img alt="rebee" draggable="false" loading="lazy" width="96" height="96" decoding="async" data-nimg="1" class="h-32 w-32 p-4 select-none grayscale hover:grayscale-0 transition-all dark:brightness-200 hover:dark:brightness-100" src="/assets/temp/brands/rebee.svg" style="color: transparent;"><img alt="secom" draggable="false" loading="lazy" width="96" height="96" decoding="async" data-nimg="1" class="h-32 w-32 p-4 select-none grayscale hover:grayscale-0 transition-all dark:brightness-200 hover:dark:brightness-100" src="/assets/temp/brands/secom.svg" style="color: transparent;"><img alt="serie-a" draggable="false" loading="lazy" width="96" height="96" decoding="async" data-nimg="1" class="h-32 w-32 p-4 select-none grayscale hover:grayscale-0 transition-all dark:brightness-200 hover:dark:brightness-100" src="/assets/temp/brands/serie-a.svg" style="color: transparent;"><img alt="sok-net" draggable="false" loading="lazy" width="96" height="96" decoding="async" data-nimg="1" class="h-32 w-32 p-4 select-none grayscale hover:grayscale-0 transition-all dark:brightness-200 hover:dark:brightness-100" src="/assets/temp/brands/sok-net.svg" style="color: transparent;"><img alt="ssport" draggable="false" loading="lazy" width="96" height="96" decoding="async" data-nimg="1" class="h-32 w-32 p-4 select-none grayscale hover:grayscale-0 transition-all dark:brightness-200 hover:dark:brightness-100" src="/assets/temp/brands/ssport.svg" style="color: transparent;"><img alt="super-lig" draggable="false" loading="lazy" width="96" height="96" decoding="async" data-nimg="1" class="h-32 w-32 p-4 select-none grayscale hover:grayscale-0 transition-all dark:brightness-200 hover:dark:brightness-100" src="/assets/temp/brands/super-lig.svg" style="color: transparent;"><img alt="tivibu" draggable="false" loading="lazy" width="96" height="96" decoding="async" data-nimg="1" class="h-32 w-32 p-4 select-none grayscale hover:grayscale-0 transition-all dark:brightness-200 hover:dark:brightness-100" src="/assets/temp/brands/tivibu.svg" style="color: transparent;"><img alt="tod" draggable="false" loading="lazy" width="96" height="96" decoding="async" data-nimg="1" class="h-32 w-32 p-4 select-none grayscale hover:grayscale-0 transition-all dark:brightness-200 hover:dark:brightness-100" src="/assets/temp/brands/tod.svg" style="color: transparent;"><img alt="trio-mobil" draggable="false" loading="lazy" width="96" height="96" decoding="async" data-nimg="1" class="h-32 w-32 p-4 select-none grayscale hover:grayscale-0 transition-all dark:brightness-200 hover:dark:brightness-100" src="/assets/temp/brands/trio-mobil.svg" style="color: transparent;"><img alt="turk-telekom" draggable="false" loading="lazy" width="96" height="96" decoding="async" data-nimg="1" class="h-32 w-32 p-4 select-none grayscale hover:grayscale-0 transition-all dark:brightness-200 hover:dark:brightness-100" src="/assets/temp/brands/turk-telekom.svg" style="color: transparent;"><img alt="turkcell-superonline" draggable="false" loading="lazy" width="96" height="96" decoding="async" data-nimg="1" class="h-32 w-32 p-4 select-none grayscale hover:grayscale-0 transition-all dark:brightness-200 hover:dark:brightness-100" src="/assets/temp/brands/turkcell-superonline.svg" style="color: transparent;"><img alt="turkcell" draggable="false" loading="lazy" width="96" height="96" decoding="async" data-nimg="1" class="h-32 w-32 p-4 select-none grayscale hover:grayscale-0 transition-all dark:brightness-200 hover:dark:brightness-100" src="/assets/temp/brands/turkcell.svg" style="color: transparent;"><img alt="turkkep" draggable="false" loading="lazy" width="96" height="96" decoding="async" data-nimg="1" class="h-32 w-32 p-4 select-none grayscale hover:grayscale-0 transition-all dark:brightness-200 hover:dark:brightness-100" src="/assets/temp/brands/turkkep.svg" style="color: transparent;"><img alt="turknet" draggable="false" loading="lazy" width="96" height="96" decoding="async" data-nimg="1" class="h-32 w-32 p-4 select-none grayscale hover:grayscale-0 transition-all dark:brightness-200 hover:dark:brightness-100" src="/assets/temp/brands/turknet.svg" style="color: transparent;"><img alt="turksat-kablo" draggable="false" loading="lazy" width="96" height="96" decoding="async" data-nimg="1" class="h-32 w-32 p-4 select-none grayscale hover:grayscale-0 transition-all dark:brightness-200 hover:dark:brightness-100" src="/assets/temp/brands/turksat-kablo.svg" style="color: transparent;"><img alt="vodafone" draggable="false" loading="lazy" width="96" height="96" decoding="async" data-nimg="1" class="h-32 w-32 p-4 select-none grayscale hover:grayscale-0 transition-all dark:brightness-200 hover:dark:brightness-100" src="/assets/temp/brands/vodafone.svg" style="color: transparent;"></div></div></div></div><div class="rfm-marquee" style="--play: running; --direction: reverse; --duration: 64s; --delay: 0s; --iteration-count: infinite; --min-width: auto;"><div class="rfm-child" style="--transform: none;"><div class="flex items-center gap-16"><img alt="ready-for-change" draggable="false" loading="lazy" width="96" height="96" decoding="async" data-nimg="1" class="h-32 w-32 p-4 select-none grayscale hover:grayscale-0 transition-all dark:brightness-200 hover:dark:brightness-100" src="/assets/temp/brands/ready-for-change.svg" style="color: transparent;"><img alt="rebee" draggable="false" loading="lazy" width="96" height="96" decoding="async" data-nimg="1" class="h-32 w-32 p-4 select-none grayscale hover:grayscale-0 transition-all dark:brightness-200 hover:dark:brightness-100" src="/assets/temp/brands/rebee.svg" style="color: transparent;"><img alt="secom" draggable="false" loading="lazy" width="96" height="96" decoding="async" data-nimg="1" class="h-32 w-32 p-4 select-none grayscale hover:grayscale-0 transition-all dark:brightness-200 hover:dark:brightness-100" src="/assets/temp/brands/secom.svg" style="color: transparent;"><img alt="serie-a" draggable="false" loading="lazy" width="96" height="96" decoding="async" data-nimg="1" class="h-32 w-32 p-4 select-none grayscale hover:grayscale-0 transition-all dark:brightness-200 hover:dark:brightness-100" src="/assets/temp/brands/serie-a.svg" style="color: transparent;"><img alt="sok-net" draggable="false" loading="lazy" width="96" height="96" decoding="async" data-nimg="1" class="h-32 w-32 p-4 select-none grayscale hover:grayscale-0 transition-all dark:brightness-200 hover:dark:brightness-100" src="/assets/temp/brands/sok-net.svg" style="color: transparent;"><img alt="ssport" draggable="false" loading="lazy" width="96" height="96" decoding="async" data-nimg="1" class="h-32 w-32 p-4 select-none grayscale hover:grayscale-0 transition-all dark:brightness-200 hover:dark:brightness-100" src="/assets/temp/brands/ssport.svg" style="color: transparent;"><img alt="super-lig" draggable="false" loading="lazy" width="96" height="96" decoding="async" data-nimg="1" class="h-32 w-32 p-4 select-none grayscale hover:grayscale-0 transition-all dark:brightness-200 hover:dark:brightness-100" src="/assets/temp/brands/super-lig.svg" style="color: transparent;"><img alt="tivibu" draggable="false" loading="lazy" width="96" height="96" decoding="async" data-nimg="1" class="h-32 w-32 p-4 select-none grayscale hover:grayscale-0 transition-all dark:brightness-200 hover:dark:brightness-100" src="/assets/temp/brands/tivibu.svg" style="color: transparent;"><img alt="tod" draggable="false" loading="lazy" width="96" height="96" decoding="async" data-nimg="1" class="h-32 w-32 p-4 select-none grayscale hover:grayscale-0 transition-all dark:brightness-200 hover:dark:brightness-100" src="/assets/temp/brands/tod.svg" style="color: transparent;"><img alt="trio-mobil" draggable="false" loading="lazy" width="96" height="96" decoding="async" data-nimg="1" class="h-32 w-32 p-4 select-none grayscale hover:grayscale-0 transition-all dark:brightness-200 hover:dark:brightness-100" src="/assets/temp/brands/trio-mobil.svg" style="color: transparent;"><img alt="turk-telekom" draggable="false" loading="lazy" width="96" height="96" decoding="async" data-nimg="1" class="h-32 w-32 p-4 select-none grayscale hover:grayscale-0 transition-all dark:brightness-200 hover:dark:brightness-100" src="/assets/temp/brands/turk-telekom.svg" style="color: transparent;"><img alt="turkcell-superonline" draggable="false" loading="lazy" width="96" height="96" decoding="async" data-nimg="1" class="h-32 w-32 p-4 select-none grayscale hover:grayscale-0 transition-all dark:brightness-200 hover:dark:brightness-100" src="/assets/temp/brands/turkcell-superonline.svg" style="color: transparent;"><img alt="turkcell" draggable="false" loading="lazy" width="96" height="96" decoding="async" data-nimg="1" class="h-32 w-32 p-4 select-none grayscale hover:grayscale-0 transition-all dark:brightness-200 hover:dark:brightness-100" src="/assets/temp/brands/turkcell.svg" style="color: transparent;"><img alt="turkkep" draggable="false" loading="lazy" width="96" height="96" decoding="async" data-nimg="1" class="h-32 w-32 p-4 select-none grayscale hover:grayscale-0 transition-all dark:brightness-200 hover:dark:brightness-100" src="/assets/temp/brands/turkkep.svg" style="color: transparent;"><img alt="turknet" draggable="false" loading="lazy" width="96" height="96" decoding="async" data-nimg="1" class="h-32 w-32 p-4 select-none grayscale hover:grayscale-0 transition-all dark:brightness-200 hover:dark:brightness-100" src="/assets/temp/brands/turknet.svg" style="color: transparent;"><img alt="turksat-kablo" draggable="false" loading="lazy" width="96" height="96" decoding="async" data-nimg="1" class="h-32 w-32 p-4 select-none grayscale hover:grayscale-0 transition-all dark:brightness-200 hover:dark:brightness-100" src="/assets/temp/brands/turksat-kablo.svg" style="color: transparent;"><img alt="vodafone" draggable="false" loading="lazy" width="96" height="96" decoding="async" data-nimg="1" class="h-32 w-32 p-4 select-none grayscale hover:grayscale-0 transition-all dark:brightness-200 hover:dark:brightness-100" src="/assets/temp/brands/vodafone.svg" style="color: transparent;"></div></div></div></div></div><div class="mx-auto animate-fade-in p-4 max-w-screen-xl"><div class="swiper swiper-initialized swiper-horizontal"><div class="swiper-wrapper" style="cursor: grab;"><div class="swiper-slide swiper-slide-active" data-swiper-slide-index="0" style="width: 1248px; margin-right: 32px;"><div class="flex items-center max-sm:flex-col bg-blue-50 relative overflow-clip p-12 gap-12 rounded-2xl mb-12 xs:pr-8 text-blue-950 dark:bg-blue-950 dark:text-blue-50"><img draggable="false" alt="Amblem" loading="lazy" width="320" height="320" decoding="async" data-nimg="1" class="absolute top-0 right-0 sm:translate-x-44 -translate-y-32 -rotate-12 select-none translate-x-52 dark:brightness-0 dark:invert" style="color:transparent" src="/assets/brand/amblem.svg"><div class="flex sm:-ml-12 before:bg-blue-900 sm:before:rounded-r-full before:w-full relative sm:before:aspect-video before:absolute sm:before:-translate-y-6 sm:before:-translate-x-20 before:opacity-70 before:rounded-full before:aspect-square before:-translate-x-2 before:translate-y-2 transition-all before:transition-all dark:before:bg-blue-500"><div class="sm:rounded-r-[25%] max-sm:rounded-full bg-blue-100 w-48 shrink-0 flex items-center z-10 overflow-clip"><img draggable="false" alt="Yavuz Selim Yorulmaz" loading="lazy" width="192" height="192" decoding="async" data-nimg="1" class="shrink-0 grayscale brightness-105 select-none" style="color:transparent" srcset="/_next/image?url=https%3A%2F%2Fcms.abonesepeti.com%2Fstorage%2Fcms-landing-page-customer-comments%2FDecember2024%2FMuo3s8GAlx7DxTE3dX1k.png&amp;w=256&amp;q=75 1x, /_next/image?url=https%3A%2F%2Fcms.abonesepeti.com%2Fstorage%2Fcms-landing-page-customer-comments%2FDecember2024%2FMuo3s8GAlx7DxTE3dX1k.png&amp;w=384&amp;q=75 2x" src="/_next/image?url=https%3A%2F%2Fcms.abonesepeti.com%2Fstorage%2Fcms-landing-page-customer-comments%2FDecember2024%2FMuo3s8GAlx7DxTE3dX1k.png&amp;w=384&amp;q=75"></div></div><div class="flex-1 flex flex-col gap-2 max-sm:text-center"><blockquote class="before:content-['“'] after:content-['”'] text-2xl max-w-3xl max-sm:text-center">Kurum, Digital ve Kişisel aboneliklerinizi ve ayrıca Kira, Kredi, Araç, Sigorta gibi tekrar eden tüm giderlerinizi Abonesepeti üzerinden kolayca yönetebilirsiniz.</blockquote><cite>Yavuz Selim Yorulmaz</cite></div></div></div><div class="swiper-slide swiper-slide-next" data-swiper-slide-index="1" style="width: 1248px; margin-right: 32px;"><div class="flex items-center max-sm:flex-col bg-blue-50 relative overflow-clip p-12 gap-12 rounded-2xl mb-12 xs:pr-8 text-blue-950 dark:bg-blue-950 dark:text-blue-50"><img draggable="false" alt="Amblem" loading="lazy" width="320" height="320" decoding="async" data-nimg="1" class="absolute top-0 right-0 sm:translate-x-44 -translate-y-32 -rotate-12 select-none translate-x-52 dark:brightness-0 dark:invert" style="color:transparent" src="/assets/brand/amblem.svg"><div class="flex sm:-ml-12 before:bg-blue-900 sm:before:rounded-r-full before:w-full relative sm:before:aspect-video before:absolute sm:before:-translate-y-6 sm:before:-translate-x-20 before:opacity-70 before:rounded-full before:aspect-square before:-translate-x-2 before:translate-y-2 transition-all before:transition-all dark:before:bg-blue-500"><div class="sm:rounded-r-[25%] max-sm:rounded-full bg-blue-100 w-48 shrink-0 flex items-center z-10 overflow-clip"><img draggable="false" alt="Dilek Koç" loading="lazy" width="192" height="192" decoding="async" data-nimg="1" class="shrink-0 grayscale brightness-105 select-none" style="color:transparent" srcset="/_next/image?url=https%3A%2F%2Fcms.abonesepeti.com%2Fstorage%2Fcms-landing-page-customer-comments%2FDecember2024%2Fxc5TCirR1KEckNc4pUjj.jpeg&amp;w=256&amp;q=75 1x, /_next/image?url=https%3A%2F%2Fcms.abonesepeti.com%2Fstorage%2Fcms-landing-page-customer-comments%2FDecember2024%2Fxc5TCirR1KEckNc4pUjj.jpeg&amp;w=384&amp;q=75 2x" src="/_next/image?url=https%3A%2F%2Fcms.abonesepeti.com%2Fstorage%2Fcms-landing-page-customer-comments%2FDecember2024%2Fxc5TCirR1KEckNc4pUjj.jpeg&amp;w=384&amp;q=75"></div></div><div class="flex-1 flex flex-col gap-2 max-sm:text-center"><blockquote class="before:content-['“'] after:content-['”'] text-2xl max-w-3xl max-sm:text-center">Abone Sepeti Uygulaması ile tüm ev gider ücretlerimi daha iyi kontrol altına alarak bütçemi daha iyi takip edebiliyorum. Müthiş bir uygulama. Hayatımızı kolaylaştırdığın için teşekkürler Abone Sepeti.</blockquote><cite>Dilek Koç</cite></div></div></div><div class="swiper-slide" data-swiper-slide-index="2" style="width: 1248px; margin-right: 32px;"><div class="flex items-center max-sm:flex-col bg-blue-50 relative overflow-clip p-12 gap-12 rounded-2xl mb-12 xs:pr-8 text-blue-950 dark:bg-blue-950 dark:text-blue-50"><img draggable="false" alt="Amblem" loading="lazy" width="320" height="320" decoding="async" data-nimg="1" class="absolute top-0 right-0 sm:translate-x-44 -translate-y-32 -rotate-12 select-none translate-x-52 dark:brightness-0 dark:invert" style="color:transparent" src="/assets/brand/amblem.svg"><div class="flex sm:-ml-12 before:bg-blue-900 sm:before:rounded-r-full before:w-full relative sm:before:aspect-video before:absolute sm:before:-translate-y-6 sm:before:-translate-x-20 before:opacity-70 before:rounded-full before:aspect-square before:-translate-x-2 before:translate-y-2 transition-all before:transition-all dark:before:bg-blue-500"><div class="sm:rounded-r-[25%] max-sm:rounded-full bg-blue-100 w-48 shrink-0 flex items-center z-10 overflow-clip"><img draggable="false" alt="Müjgan Aydın" loading="lazy" width="192" height="192" decoding="async" data-nimg="1" class="shrink-0 grayscale brightness-105 select-none" style="color:transparent" srcset="/_next/image?url=https%3A%2F%2Fcms.abonesepeti.com%2Fstorage%2Fcms-landing-page-customer-comments%2FDecember2024%2FJ1ySQgtFA1Tpgga7LGWK.jpeg&amp;w=256&amp;q=75 1x, /_next/image?url=https%3A%2F%2Fcms.abonesepeti.com%2Fstorage%2Fcms-landing-page-customer-comments%2FDecember2024%2FJ1ySQgtFA1Tpgga7LGWK.jpeg&amp;w=384&amp;q=75 2x" src="/_next/image?url=https%3A%2F%2Fcms.abonesepeti.com%2Fstorage%2Fcms-landing-page-customer-comments%2FDecember2024%2FJ1ySQgtFA1Tpgga7LGWK.jpeg&amp;w=384&amp;q=75"></div></div><div class="flex-1 flex flex-col gap-2 max-sm:text-center"><blockquote class="before:content-['“'] after:content-['”'] text-2xl max-w-3xl max-sm:text-center">Uygulamamızı ücretsiz indirerek içerideki avantajlar ve bütçe dostu abonelikler ile hem tasarruf edebilir hem de uzun süre aynı paketleri kullanarak alışkanlıklarınızdan vazgeçmek zorunda kalmazsınız. 🚀</blockquote><cite>Müjgan Aydın</cite></div></div></div><div class="swiper-slide" data-swiper-slide-index="3" style="width: 1248px; margin-right: 32px;"><div class="flex items-center max-sm:flex-col bg-blue-50 relative overflow-clip p-12 gap-12 rounded-2xl mb-12 xs:pr-8 text-blue-950 dark:bg-blue-950 dark:text-blue-50"><img draggable="false" alt="Amblem" loading="lazy" width="320" height="320" decoding="async" data-nimg="1" class="absolute top-0 right-0 sm:translate-x-44 -translate-y-32 -rotate-12 select-none translate-x-52 dark:brightness-0 dark:invert" style="color:transparent" src="/assets/brand/amblem.svg"><div class="flex sm:-ml-12 before:bg-blue-900 sm:before:rounded-r-full before:w-full relative sm:before:aspect-video before:absolute sm:before:-translate-y-6 sm:before:-translate-x-20 before:opacity-70 before:rounded-full before:aspect-square before:-translate-x-2 before:translate-y-2 transition-all before:transition-all dark:before:bg-blue-500"><div class="sm:rounded-r-[25%] max-sm:rounded-full bg-blue-100 w-48 shrink-0 flex items-center z-10 overflow-clip"><img draggable="false" alt="Deniz Okumuş" loading="lazy" width="192" height="192" decoding="async" data-nimg="1" class="shrink-0 grayscale brightness-105 select-none" style="color:transparent" srcset="/_next/image?url=https%3A%2F%2Fcms.abonesepeti.com%2Fstorage%2Fcms-landing-page-customer-comments%2FDecember2024%2F6eoTA8rqHbrTMeYzg9CO.webp&amp;w=256&amp;q=75 1x, /_next/image?url=https%3A%2F%2Fcms.abonesepeti.com%2Fstorage%2Fcms-landing-page-customer-comments%2FDecember2024%2F6eoTA8rqHbrTMeYzg9CO.webp&amp;w=384&amp;q=75 2x" src="/_next/image?url=https%3A%2F%2Fcms.abonesepeti.com%2Fstorage%2Fcms-landing-page-customer-comments%2FDecember2024%2F6eoTA8rqHbrTMeYzg9CO.webp&amp;w=384&amp;q=75"></div></div><div class="flex-1 flex flex-col gap-2 max-sm:text-center"><blockquote class="before:content-['“'] after:content-['”'] text-2xl max-w-3xl max-sm:text-center">Sayıları, grafikleri, ölçmeyi ve yönetmeyi seviyorsanız, aylık tekrar eden tüm giderlerinizi Abonesepeti üzerinden #Ücretsiz bir şekilde takip edebilir, fazla ödemelerinizin önüne hemen geçebilirsiniz.</blockquote><cite>Deniz Okumuş</cite></div></div></div></div><div class="swiper-pagination swiper-pagination-clickable swiper-pagination-bullets swiper-pagination-horizontal"><span class="swiper-pagination-bullet swiper-pagination-bullet-active"></span><span class="swiper-pagination-bullet"></span><span class="swiper-pagination-bullet"></span><span class="swiper-pagination-bullet"></span></div></div></div><div class="grid grid-cols-1 xs:grid-cols-2 md:grid-cols-3 lg:grid-cols-4 gap-2 gap-y-8 my-16 mx-auto animate-fade-in p-4 max-w-screen-xl"><div class="bg-stone-100 dark:bg-stone-900 rounded-lg p-4 mt-8 flex flex-col items-center gap-2"><h3 class="text-lg font-semibold">Türkan A.</h3><div class="flex gap-1"><svg xmlns="http://www.w3.org/2000/svg" width="24" height="24" viewBox="0 0 24 24" fill="currentColor" stroke="none" class="tabler-icon tabler-icon-star-filled text-yellow-500"><path d="M8.243 7.34l-6.38 .925l-.113 .023a1 1 0 0 0 -.44 1.684l4.622 4.499l-1.09 6.355l-.013 .11a1 1 0 0 0 1.464 .944l5.706 -3l5.693 3l.1 .046a1 1 0 0 0 1.352 -1.1l-1.091 -6.355l4.624 -4.5l.078 -.085a1 1 0 0 0 -.633 -1.62l-6.38 -.926l-2.852 -5.78a1 1 0 0 0 -1.794 0l-2.853 5.78z"></path></svg><svg xmlns="http://www.w3.org/2000/svg" width="24" height="24" viewBox="0 0 24 24" fill="currentColor" stroke="none" class="tabler-icon tabler-icon-star-filled text-yellow-500"><path d="M8.243 7.34l-6.38 .925l-.113 .023a1 1 0 0 0 -.44 1.684l4.622 4.499l-1.09 6.355l-.013 .11a1 1 0 0 0 1.464 .944l5.706 -3l5.693 3l.1 .046a1 1 0 0 0 1.352 -1.1l-1.091 -6.355l4.624 -4.5l.078 -.085a1 1 0 0 0 -.633 -1.62l-6.38 -.926l-2.852 -5.78a1 1 0 0 0 -1.794 0l-2.853 5.78z"></path></svg><svg xmlns="http://www.w3.org/2000/svg" width="24" height="24" viewBox="0 0 24 24" fill="currentColor" stroke="none" class="tabler-icon tabler-icon-star-filled text-yellow-500"><path d="M8.243 7.34l-6.38 .925l-.113 .023a1 1 0 0 0 -.44 1.684l4.622 4.499l-1.09 6.355l-.013 .11a1 1 0 0 0 1.464 .944l5.706 -3l5.693 3l.1 .046a1 1 0 0 0 1.352 -1.1l-1.091 -6.355l4.624 -4.5l.078 -.085a1 1 0 0 0 -.633 -1.62l-6.38 -.926l-2.852 -5.78a1 1 0 0 0 -1.794 0l-2.853 5.78z"></path></svg><svg xmlns="http://www.w3.org/2000/svg" width="24" height="24" viewBox="0 0 24 24" fill="currentColor" stroke="none" class="tabler-icon tabler-icon-star-filled text-yellow-500"><path d="M8.243 7.34l-6.38 .925l-.113 .023a1 1 0 0 0 -.44 1.684l4.622 4.499l-1.09 6.355l-.013 .11a1 1 0 0 0 1.464 .944l5.706 -3l5.693 3l.1 .046a1 1 0 0 0 1.352 -1.1l-1.091 -6.355l4.624 -4.5l.078 -.085a1 1 0 0 0 -.633 -1.62l-6.38 -.926l-2.852 -5.78a1 1 0 0 0 -1.794 0l-2.853 5.78z"></path></svg><svg xmlns="http://www.w3.org/2000/svg" width="24" height="24" viewBox="0 0 24 24" fill="currentColor" stroke="none" class="tabler-icon tabler-icon-star-filled text-yellow-500"><path d="M8.243 7.34l-6.38 .925l-.113 .023a1 1 0 0 0 -.44 1.684l4.622 4.499l-1.09 6.355l-.013 .11a1 1 0 0 0 1.464 .944l5.706 -3l5.693 3l.1 .046a1 1 0 0 0 1.352 -1.1l-1.091 -6.355l4.624 -4.5l.078 -.085a1 1 0 0 0 -.633 -1.62l-6.38 -.926l-2.852 -5.78a1 1 0 0 0 -1.794 0l-2.853 5.78z"></path></svg></div><p class="line-clamp-4">Tüm abonelik ihtiyaçlarımı tek bir platform üzerinden karşılayabilmek harika. Abonesepeti sayesinde farklı hizmet sağlayıcılarla uğraşmadan tüm işlem…</p></div><div class="bg-stone-100 dark:bg-stone-900 rounded-lg p-4 mt-8 flex flex-col items-center gap-2"><h3 class="text-lg font-semibold">Eyüp Ç.</h3><div class="flex gap-1"><svg xmlns="http://www.w3.org/2000/svg" width="24" height="24" viewBox="0 0 24 24" fill="currentColor" stroke="none" class="tabler-icon tabler-icon-star-filled text-yellow-500"><path d="M8.243 7.34l-6.38 .925l-.113 .023a1 1 0 0 0 -.44 1.684l4.622 4.499l-1.09 6.355l-.013 .11a1 1 0 0 0 1.464 .944l5.706 -3l5.693 3l.1 .046a1 1 0 0 0 1.352 -1.1l-1.091 -6.355l4.624 -4.5l.078 -.085a1 1 0 0 0 -.633 -1.62l-6.38 -.926l-2.852 -5.78a1 1 0 0 0 -1.794 0l-2.853 5.78z"></path></svg><svg xmlns="http://www.w3.org/2000/svg" width="24" height="24" viewBox="0 0 24 24" fill="currentColor" stroke="none" class="tabler-icon tabler-icon-star-filled text-yellow-500"><path d="M8.243 7.34l-6.38 .925l-.113 .023a1 1 0 0 0 -.44 1.684l4.622 4.499l-1.09 6.355l-.013 .11a1 1 0 0 0 1.464 .944l5.706 -3l5.693 3l.1 .046a1 1 0 0 0 1.352 -1.1l-1.091 -6.355l4.624 -4.5l.078 -.085a1 1 0 0 0 -.633 -1.62l-6.38 -.926l-2.852 -5.78a1 1 0 0 0 -1.794 0l-2.853 5.78z"></path></svg><svg xmlns="http://www.w3.org/2000/svg" width="24" height="24" viewBox="0 0 24 24" fill="currentColor" stroke="none" class="tabler-icon tabler-icon-star-filled text-yellow-500"><path d="M8.243 7.34l-6.38 .925l-.113 .023a1 1 0 0 0 -.44 1.684l4.622 4.499l-1.09 6.355l-.013 .11a1 1 0 0 0 1.464 .944l5.706 -3l5.693 3l.1 .046a1 1 0 0 0 1.352 -1.1l-1.091 -6.355l4.624 -4.5l.078 -.085a1 1 0 0 0 -.633 -1.62l-6.38 -.926l-2.852 -5.78a1 1 0 0 0 -1.794 0l-2.853 5.78z"></path></svg><svg xmlns="http://www.w3.org/2000/svg" width="24" height="24" viewBox="0 0 24 24" fill="currentColor" stroke="none" class="tabler-icon tabler-icon-star-filled text-yellow-500"><path d="M8.243 7.34l-6.38 .925l-.113 .023a1 1 0 0 0 -.44 1.684l4.622 4.499l-1.09 6.355l-.013 .11a1 1 0 0 0 1.464 .944l5.706 -3l5.693 3l.1 .046a1 1 0 0 0 1.352 -1.1l-1.091 -6.355l4.624 -4.5l.078 -.085a1 1 0 0 0 -.633 -1.62l-6.38 -.926l-2.852 -5.78a1 1 0 0 0 -1.794 0l-2.853 5.78z"></path></svg><svg xmlns="http://www.w3.org/2000/svg" width="24" height="24" viewBox="0 0 24 24" fill="currentColor" stroke="none" class="tabler-icon tabler-icon-star-filled text-yellow-500"><path d="M8.243 7.34l-6.38 .925l-.113 .023a1 1 0 0 0 -.44 1.684l4.622 4.499l-1.09 6.355l-.013 .11a1 1 0 0 0 1.464 .944l5.706 -3l5.693 3l.1 .046a1 1 0 0 0 1.352 -1.1l-1.091 -6.355l4.624 -4.5l.078 -.085a1 1 0 0 0 -.633 -1.62l-6.38 -.926l-2.852 -5.78a1 1 0 0 0 -1.794 0l-2.853 5.78z"></path></svg></div><p class="line-clamp-4">abonesepeti sayesinde farklı aboneliklerin indirimlerinden faydalanabiliyorum. tek platformda tüm fırsatları görmek çok güzel,internet paketleri çok…</p></div><div class="bg-stone-100 dark:bg-stone-900 rounded-lg p-4 mt-8 flex flex-col items-center gap-2"><h3 class="text-lg font-semibold">Nazlı Ş.Ö.</h3><div class="flex gap-1"><svg xmlns="http://www.w3.org/2000/svg" width="24" height="24" viewBox="0 0 24 24" fill="currentColor" stroke="none" class="tabler-icon tabler-icon-star-filled text-yellow-500"><path d="M8.243 7.34l-6.38 .925l-.113 .023a1 1 0 0 0 -.44 1.684l4.622 4.499l-1.09 6.355l-.013 .11a1 1 0 0 0 1.464 .944l5.706 -3l5.693 3l.1 .046a1 1 0 0 0 1.352 -1.1l-1.091 -6.355l4.624 -4.5l.078 -.085a1 1 0 0 0 -.633 -1.62l-6.38 -.926l-2.852 -5.78a1 1 0 0 0 -1.794 0l-2.853 5.78z"></path></svg><svg xmlns="http://www.w3.org/2000/svg" width="24" height="24" viewBox="0 0 24 24" fill="currentColor" stroke="none" class="tabler-icon tabler-icon-star-filled text-yellow-500"><path d="M8.243 7.34l-6.38 .925l-.113 .023a1 1 0 0 0 -.44 1.684l4.622 4.499l-1.09 6.355l-.013 .11a1 1 0 0 0 1.464 .944l5.706 -3l5.693 3l.1 .046a1 1 0 0 0 1.352 -1.1l-1.091 -6.355l4.624 -4.5l.078 -.085a1 1 0 0 0 -.633 -1.62l-6.38 -.926l-2.852 -5.78a1 1 0 0 0 -1.794 0l-2.853 5.78z"></path></svg><svg xmlns="http://www.w3.org/2000/svg" width="24" height="24" viewBox="0 0 24 24" fill="currentColor" stroke="none" class="tabler-icon tabler-icon-star-filled text-yellow-500"><path d="M8.243 7.34l-6.38 .925l-.113 .023a1 1 0 0 0 -.44 1.684l4.622 4.499l-1.09 6.355l-.013 .11a1 1 0 0 0 1.464 .944l5.706 -3l5.693 3l.1 .046a1 1 0 0 0 1.352 -1.1l-1.091 -6.355l4.624 -4.5l.078 -.085a1 1 0 0 0 -.633 -1.62l-6.38 -.926l-2.852 -5.78a1 1 0 0 0 -1.794 0l-2.853 5.78z"></path></svg><svg xmlns="http://www.w3.org/2000/svg" width="24" height="24" viewBox="0 0 24 24" fill="currentColor" stroke="none" class="tabler-icon tabler-icon-star-filled text-yellow-500"><path d="M8.243 7.34l-6.38 .925l-.113 .023a1 1 0 0 0 -.44 1.684l4.622 4.499l-1.09 6.355l-.013 .11a1 1 0 0 0 1.464 .944l5.706 -3l5.693 3l.1 .046a1 1 0 0 0 1.352 -1.1l-1.091 -6.355l4.624 -4.5l.078 -.085a1 1 0 0 0 -.633 -1.62l-6.38 -.926l-2.852 -5.78a1 1 0 0 0 -1.794 0l-2.853 5.78z"></path></svg><svg xmlns="http://www.w3.org/2000/svg" width="24" height="24" viewBox="0 0 24 24" fill="currentColor" stroke="none" class="tabler-icon tabler-icon-star-filled text-yellow-500"><path d="M8.243 7.34l-6.38 .925l-.113 .023a1 1 0 0 0 -.44 1.684l4.622 4.499l-1.09 6.355l-.013 .11a1 1 0 0 0 1.464 .944l5.706 -3l5.693 3l.1 .046a1 1 0 0 0 1.352 -1.1l-1.091 -6.355l4.624 -4.5l.078 -.085a1 1 0 0 0 -.633 -1.62l-6.38 -.926l-2.852 -5.78a1 1 0 0 0 -1.794 0l-2.853 5.78z"></path></svg></div><p class="line-clamp-4">Abonesepeti, tüm aboneliklerimi tek bir yerden yönetmemi sağlıyor. Fatura ödemeleri ve abonelik takibi gibi işlemleri hızlıca yapabiliyorum. Hem zama…</p></div><div class="bg-stone-100 dark:bg-stone-900 rounded-lg p-4 mt-8 flex flex-col items-center gap-2"><h3 class="text-lg font-semibold">Handan A.</h3><div class="flex gap-1"><svg xmlns="http://www.w3.org/2000/svg" width="24" height="24" viewBox="0 0 24 24" fill="currentColor" stroke="none" class="tabler-icon tabler-icon-star-filled text-yellow-500"><path d="M8.243 7.34l-6.38 .925l-.113 .023a1 1 0 0 0 -.44 1.684l4.622 4.499l-1.09 6.355l-.013 .11a1 1 0 0 0 1.464 .944l5.706 -3l5.693 3l.1 .046a1 1 0 0 0 1.352 -1.1l-1.091 -6.355l4.624 -4.5l.078 -.085a1 1 0 0 0 -.633 -1.62l-6.38 -.926l-2.852 -5.78a1 1 0 0 0 -1.794 0l-2.853 5.78z"></path></svg><svg xmlns="http://www.w3.org/2000/svg" width="24" height="24" viewBox="0 0 24 24" fill="currentColor" stroke="none" class="tabler-icon tabler-icon-star-filled text-yellow-500"><path d="M8.243 7.34l-6.38 .925l-.113 .023a1 1 0 0 0 -.44 1.684l4.622 4.499l-1.09 6.355l-.013 .11a1 1 0 0 0 1.464 .944l5.706 -3l5.693 3l.1 .046a1 1 0 0 0 1.352 -1.1l-1.091 -6.355l4.624 -4.5l.078 -.085a1 1 0 0 0 -.633 -1.62l-6.38 -.926l-2.852 -5.78a1 1 0 0 0 -1.794 0l-2.853 5.78z"></path></svg><svg xmlns="http://www.w3.org/2000/svg" width="24" height="24" viewBox="0 0 24 24" fill="currentColor" stroke="none" class="tabler-icon tabler-icon-star-filled text-yellow-500"><path d="M8.243 7.34l-6.38 .925l-.113 .023a1 1 0 0 0 -.44 1.684l4.622 4.499l-1.09 6.355l-.013 .11a1 1 0 0 0 1.464 .944l5.706 -3l5.693 3l.1 .046a1 1 0 0 0 1.352 -1.1l-1.091 -6.355l4.624 -4.5l.078 -.085a1 1 0 0 0 -.633 -1.62l-6.38 -.926l-2.852 -5.78a1 1 0 0 0 -1.794 0l-2.853 5.78z"></path></svg><svg xmlns="http://www.w3.org/2000/svg" width="24" height="24" viewBox="0 0 24 24" fill="currentColor" stroke="none" class="tabler-icon tabler-icon-star-filled text-yellow-500"><path d="M8.243 7.34l-6.38 .925l-.113 .023a1 1 0 0 0 -.44 1.684l4.622 4.499l-1.09 6.355l-.013 .11a1 1 0 0 0 1.464 .944l5.706 -3l5.693 3l.1 .046a1 1 0 0 0 1.352 -1.1l-1.091 -6.355l4.624 -4.5l.078 -.085a1 1 0 0 0 -.633 -1.62l-6.38 -.926l-2.852 -5.78a1 1 0 0 0 -1.794 0l-2.853 5.78z"></path></svg><svg xmlns="http://www.w3.org/2000/svg" width="24" height="24" viewBox="0 0 24 24" fill="currentColor" stroke="none" class="tabler-icon tabler-icon-star-filled text-yellow-500"><path d="M8.243 7.34l-6.38 .925l-.113 .023a1 1 0 0 0 -.44 1.684l4.622 4.499l-1.09 6.355l-.013 .11a1 1 0 0 0 1.464 .944l5.706 -3l5.693 3l.1 .046a1 1 0 0 0 1.352 -1.1l-1.091 -6.355l4.624 -4.5l.078 -.085a1 1 0 0 0 -.633 -1.62l-6.38 -.926l-2.852 -5.78a1 1 0 0 0 -1.794 0l-2.853 5.78z"></path></svg></div><p class="line-clamp-4">Abonesepeti ile aboneliklerimi daha iyi planlayabiliyorum. Gelecek harcamalarımı önceden görüp bütçemi buna göre ayarlıyorum. Geçmiş harcamalarımı gö…</p></div></div><div class="my-16 grid grid-cols-1 lg:grid-cols-2 gap-8 mx-auto animate-fade-in p-4 max-w-screen-xl"><div><h2 class="text-2xl font-semibold mb-2">Basında Biz</h2><div class="swiper swiper-initialized swiper-horizontal"><div class="swiper-wrapper"><div class="swiper-slide swiper-slide-active mb-10" data-swiper-slide-index="0" style="width: 608px; margin-right: 32px;"><a class="flex gap-4 max-xs:flex-col bg-stone-100 dark:bg-stone-800 p-4 rounded-lg" href="/tr/we-in-press/fintek-pazarinda-global-bir-oyuncu-olmayi-hedefliyoruz"><img alt="Fintek pazarında global bir oyuncu olmayı hedefliyoruz" loading="lazy" width="384" height="384" decoding="async" data-nimg="1" class="w-full xs:w-48 h-48 object-left object-cover shrink-0 rounded-lg" style="color:transparent" srcset="/_next/image?url=https%3A%2F%2Fcms.abonesepeti.com%2Fstorage%2Fpresses%2FDecember2024%2FdX4MvBRKOoG1JO0Zu7jg.png&amp;w=384&amp;q=75 1x, /_next/image?url=https%3A%2F%2Fcms.abonesepeti.com%2Fstorage%2Fpresses%2FDecember2024%2FdX4MvBRKOoG1JO0Zu7jg.png&amp;w=828&amp;q=75 2x" src="/_next/image?url=https%3A%2F%2Fcms.abonesepeti.com%2Fstorage%2Fpresses%2FDecember2024%2FdX4MvBRKOoG1JO0Zu7jg.png&amp;w=828&amp;q=75"><div class="flex flex-col gap-2"><h3 class="text-xl font-semibold line-clamp-2">Fintek pazarında global bir oyuncu olmayı hedefliyoruz</h3><p class="text-stone-500 line-clamp-5">Tüm aboneliklerinizi kolayca yönetin, avantajlı fırsatlardan yararlanın ve zaman kazanın!</p></div></a></div><div class="swiper-slide swiper-slide-next mb-10" data-swiper-slide-index="1" style="width: 608px; margin-right: 32px;"><a class="flex gap-4 max-xs:flex-col bg-stone-100 dark:bg-stone-800 p-4 rounded-lg" href="/tr/we-in-press/mukemmeliyeti-hedefliyoruz"><img alt="Mükemmeliyeti Hedefliyoruz" loading="lazy" width="384" height="384" decoding="async" data-nimg="1" class="w-full xs:w-48 h-48 object-left object-cover shrink-0 rounded-lg" style="color:transparent" srcset="/_next/image?url=https%3A%2F%2Fcms.abonesepeti.com%2Fstorage%2Fpresses%2FDecember2024%2FBilQVfGXmTbB77UWDN1u.png&amp;w=384&amp;q=75 1x, /_next/image?url=https%3A%2F%2Fcms.abonesepeti.com%2Fstorage%2Fpresses%2FDecember2024%2FBilQVfGXmTbB77UWDN1u.png&amp;w=828&amp;q=75 2x" src="/_next/image?url=https%3A%2F%2Fcms.abonesepeti.com%2Fstorage%2Fpresses%2FDecember2024%2FBilQVfGXmTbB77UWDN1u.png&amp;w=828&amp;q=75"><div class="flex flex-col gap-2"><h3 class="text-xl font-semibold line-clamp-2">Mükemmeliyeti Hedefliyoruz</h3><p class="text-stone-500 line-clamp-5">240 bini aşkın kullanıcıyla müşteri memnuniyetini ve sadakatini önceliklendiriyoruz!</p></div></a></div><div class="swiper-slide mb-10" data-swiper-slide-index="2" style="width: 608px; margin-right: 32px;"><a class="flex gap-4 max-xs:flex-col bg-stone-100 dark:bg-stone-800 p-4 rounded-lg" href="/tr/we-in-press/abonesepeti-kadinin-katilimci-rolunu-destekliyor"><img alt="Abonesepeti Kadının Katılımcı Rolünü Destekliyor" loading="lazy" width="384" height="384" decoding="async" data-nimg="1" class="w-full xs:w-48 h-48 object-left object-cover shrink-0 rounded-lg" style="color:transparent" srcset="/_next/image?url=https%3A%2F%2Fcms.abonesepeti.com%2Fstorage%2Fpresses%2FDecember2024%2FFyBxhB77KeI62XdRLbNB.png&amp;w=384&amp;q=75 1x, /_next/image?url=https%3A%2F%2Fcms.abonesepeti.com%2Fstorage%2Fpresses%2FDecember2024%2FFyBxhB77KeI62XdRLbNB.png&amp;w=828&amp;q=75 2x" src="/_next/image?url=https%3A%2F%2Fcms.abonesepeti.com%2Fstorage%2Fpresses%2FDecember2024%2FFyBxhB77KeI62XdRLbNB.png&amp;w=828&amp;q=75"><div class="flex flex-col gap-2"><h3 class="text-xl font-semibold line-clamp-2">Abonesepeti Kadının Katılımcı Rolünü Destekliyor</h3><p class="text-stone-500 line-clamp-5">Kadın istihdamını artırıyor, eşitlikçi bir iş ortamıyla inovasyonu ve yaratıcılığı teşvik ediyoruz.</p></div></a></div><div class="swiper-slide mb-10" data-swiper-slide-index="3" style="width: 608px; margin-right: 32px;"><a class="flex gap-4 max-xs:flex-col bg-stone-100 dark:bg-stone-800 p-4 rounded-lg" href="/tr/we-in-press/pusula-dergisi"><img alt="Pusula Dergisi" loading="lazy" width="384" height="384" decoding="async" data-nimg="1" class="w-full xs:w-48 h-48 object-left object-cover shrink-0 rounded-lg" style="color:transparent" srcset="/_next/image?url=https%3A%2F%2Fcms.abonesepeti.com%2Fstorage%2Fpresses%2FDecember2024%2FKRpwfRqJIahO5YLxr6So.png&amp;w=384&amp;q=75 1x, /_next/image?url=https%3A%2F%2Fcms.abonesepeti.com%2Fstorage%2Fpresses%2FDecember2024%2FKRpwfRqJIahO5YLxr6So.png&amp;w=828&amp;q=75 2x" src="/_next/image?url=https%3A%2F%2Fcms.abonesepeti.com%2Fstorage%2Fpresses%2FDecember2024%2FKRpwfRqJIahO5YLxr6So.png&amp;w=828&amp;q=75"><div class="flex flex-col gap-2"><h3 class="text-xl font-semibold line-clamp-2">Pusula Dergisi</h3><p class="text-stone-500 line-clamp-5">Aboneliklerinizi tek bir platformda yönetin, zamandan tasarruf edin ve hayatınızı kolaylaştırın!</p></div></a></div></div><div class="swiper-pagination swiper-pagination-clickable swiper-pagination-bullets swiper-pagination-horizontal"><span class="swiper-pagination-bullet swiper-pagination-bullet-active"></span><span class="swiper-pagination-bullet"></span><span class="swiper-pagination-bullet"></span><span class="swiper-pagination-bullet"></span></div></div></div><div><h2 class="text-2xl font-semibold mb-2">En Son Bloglar</h2><div class="swiper swiper-initialized swiper-horizontal"><div class="swiper-wrapper"><div class="swiper-slide swiper-slide-active mb-10" data-swiper-slide-index="0" style="width: 608px; margin-right: 32px;"><a class="flex gap-4 max-xs:flex-col bg-stone-100 dark:bg-stone-800 p-4 rounded-lg" href="/tr/blog/internet-altyapinizi-kontrol-ettiniz-mi-hizli-baglantinin-anahtari-burada"><img alt="İnternet Altyapınızı Kontrol Ettiniz mi? Hızlı Bağlantının Anahtarı Burada!" loading="lazy" width="384" height="384" decoding="async" data-nimg="1" class="w-full xs:w-48 h-48 object-left object-cover shrink-0 rounded-lg" style="color:transparent" srcset="/_next/image?url=https%3A%2F%2Fcms.abonesepeti.com%2Fstorage%2Fblogs%2FJanuary2025%2FOZOQGhtgVHFakL8m7qdt.png&amp;w=384&amp;q=75 1x, /_next/image?url=https%3A%2F%2Fcms.abonesepeti.com%2Fstorage%2Fblogs%2FJanuary2025%2FOZOQGhtgVHFakL8m7qdt.png&amp;w=828&amp;q=75 2x" src="/_next/image?url=https%3A%2F%2Fcms.abonesepeti.com%2Fstorage%2Fblogs%2FJanuary2025%2FOZOQGhtgVHFakL8m7qdt.png&amp;w=828&amp;q=75"><div class="flex flex-col gap-2"><h3 class="text-xl font-semibold line-clamp-2">İnternet Altyapınızı Kontrol Ettiniz mi? Hızlı Bağlantının Anahtarı Burada!</h3><p class="text-stone-500 line-clamp-5">Günümüzde hızlı ve kesintisiz bir internet bağlantısı, hem bireysel kullanıcılar hem de işletmeler için büyük bir gereklilik haline geldi. Ancak, bulunduğunuz bölgedeki internet hızını ve altyapısını bilmeden bir internet aboneliği seçmek, beklenmedik hız sorunlarıyla karşılaşmanıza neden olabilir. İşte tam da bu noktada altyapı sorgulaması devreye giriyor.</p></div></a></div><div class="swiper-slide swiper-slide-next mb-10" data-swiper-slide-index="1" style="width: 608px; margin-right: 32px;"><a class="flex gap-4 max-xs:flex-col bg-stone-100 dark:bg-stone-800 p-4 rounded-lg" href="/tr/blog/digiturk-fiber-internet-ile-hizli-ve-sinirsiz-eglencenin-keyfini-cikarin"><img alt="Digiturk Fiber İnternet ile Hızlı ve Sınırsız Eğlencenin Keyfini Çıkarın!" loading="lazy" width="384" height="384" decoding="async" data-nimg="1" class="w-full xs:w-48 h-48 object-left object-cover shrink-0 rounded-lg" style="color:transparent" srcset="/_next/image?url=https%3A%2F%2Fcms.abonesepeti.com%2Fstorage%2Fblogs%2FDecember2024%2FXdvqAHyFkjESA3J5OWRb.png&amp;w=384&amp;q=75 1x, /_next/image?url=https%3A%2F%2Fcms.abonesepeti.com%2Fstorage%2Fblogs%2FDecember2024%2FXdvqAHyFkjESA3J5OWRb.png&amp;w=828&amp;q=75 2x" src="/_next/image?url=https%3A%2F%2Fcms.abonesepeti.com%2Fstorage%2Fblogs%2FDecember2024%2FXdvqAHyFkjESA3J5OWRb.png&amp;w=828&amp;q=75"><div class="flex flex-col gap-2"><h3 class="text-xl font-semibold line-clamp-2">Digiturk Fiber İnternet ile Hızlı ve Sınırsız Eğlencenin Keyfini Çıkarın!</h3><p class="text-stone-500 line-clamp-5">35 MBPS sınırsız internet, Premier Lig ve Formula 1 maçları, dizi &amp; film kanalları, cayma bedeli desteği ve daha fazlası Abonesepeti’nde sizi bekliyor! Şimdi başvurun, eğlenceyi hızla yakalayın!</p></div></a></div><div class="swiper-slide mb-10" data-swiper-slide-index="2" style="width: 608px; margin-right: 32px;"><a class="flex gap-4 max-xs:flex-col bg-stone-100 dark:bg-stone-800 p-4 rounded-lg" href="/tr/blog/obilet-kullanicilarina-ozel-abonesepeti-nde-seyahat-avantajlari"><img alt="Obilet Kullanıcılarına Özel Abonesepeti'nde Seyahat Avantajları!" loading="lazy" width="384" height="384" decoding="async" data-nimg="1" class="w-full xs:w-48 h-48 object-left object-cover shrink-0 rounded-lg" style="color:transparent" srcset="/_next/image?url=https%3A%2F%2Fcms.abonesepeti.com%2Fstorage%2Fblogs%2FDecember2024%2Fu7Rr5VzrecdeINhIFIOX.jpg&amp;w=384&amp;q=75 1x, /_next/image?url=https%3A%2F%2Fcms.abonesepeti.com%2Fstorage%2Fblogs%2FDecember2024%2Fu7Rr5VzrecdeINhIFIOX.jpg&amp;w=828&amp;q=75 2x" src="/_next/image?url=https%3A%2F%2Fcms.abonesepeti.com%2Fstorage%2Fblogs%2FDecember2024%2Fu7Rr5VzrecdeINhIFIOX.jpg&amp;w=828&amp;q=75"><div class="flex flex-col gap-2"><h3 class="text-xl font-semibold line-clamp-2">Obilet Kullanıcılarına Özel Abonesepeti'nde Seyahat Avantajları!</h3><p class="text-stone-500 line-clamp-5">Seyahat Planlarınızı Hafifletin! Obilet kullanıcılarına özel Abonesepeti indirimleriyle otel, araç kiralama ve uçak biletlerinde tasarruf edin. Tatilinizi keyifli, bütçenizi rahat hale getirin!"*</p></div></a></div><div class="swiper-slide mb-10" data-swiper-slide-index="3" style="width: 608px; margin-right: 32px;"><a class="flex gap-4 max-xs:flex-col bg-stone-100 dark:bg-stone-800 p-4 rounded-lg" href="/tr/blog/abonesepeti-ile-aboneliklerinizi-kolayca-yonetin"><img alt="Abonesepeti ile Aboneliklerinizi Kolayca Yönetin!" loading="lazy" width="384" height="384" decoding="async" data-nimg="1" class="w-full xs:w-48 h-48 object-left object-cover shrink-0 rounded-lg" style="color:transparent" srcset="/_next/image?url=https%3A%2F%2Fcms.abonesepeti.com%2Fstorage%2Fblogs%2FDecember2024%2Fr1W3TC45gv3rpTSuP8GE.jpeg&amp;w=384&amp;q=75 1x, /_next/image?url=https%3A%2F%2Fcms.abonesepeti.com%2Fstorage%2Fblogs%2FDecember2024%2Fr1W3TC45gv3rpTSuP8GE.jpeg&amp;w=828&amp;q=75 2x" src="/_next/image?url=https%3A%2F%2Fcms.abonesepeti.com%2Fstorage%2Fblogs%2FDecember2024%2Fr1W3TC45gv3rpTSuP8GE.jpeg&amp;w=828&amp;q=75"><div class="flex flex-col gap-2"><h3 class="text-xl font-semibold line-clamp-2">Abonesepeti ile Aboneliklerinizi Kolayca Yönetin!</h3><p class="text-stone-500 line-clamp-5">Aboneliklerinizi kolayca yönetin, gereksiz masraflardan kurtulun! Abonesepeti ile tüm üyeliklerinizi tek bir çatı altında toplayarak zamandan ve paradan tasarruf edin. Dijital dünyada kontrol sizde!</p></div></a></div></div><div class="swiper-pagination swiper-pagination-clickable swiper-pagination-bullets swiper-pagination-horizontal"><span class="swiper-pagination-bullet swiper-pagination-bullet-active"></span><span class="swiper-pagination-bullet"></span><span class="swiper-pagination-bullet"></span><span class="swiper-pagination-bullet"></span></div></div></div></div></main><footer class="bg-white dark:bg-stone-800 bg-hero bg-center bg-cover"><div class="py-12 px-4 mx-auto animate-fade-in max-w-screen-xl"><div class="space-y-4"><h1 class="text-4xl font-semibold">Tüm Aboneliklerinizi Kontrol Altına Alın</h1><p class="text-xl">Abonesepeti ile aboneliklerinizi kolayca yönetin, hemen uygulamayı indirerek tasarrufa başlayın.</p></div><div class="flex flex-wrap gap-8 sm:gap-16 justify-between mt-12"><div class="flex gap-16 items-start flex-wrap"><div class="flex flex-col gap-6"><h2 class="font-semibold">Kurumsal</h2><nav class="grid gap-1"><a aria-label="Biz Kimiz" class="hover:underline hover:underline-offset-4 py-1 transition-all underline-offset-8 decoration-transparent hover:decoration-current" href="/tr/biz-kimiz">Biz Kimiz</a><a aria-label="Basında Biz" class="hover:underline hover:underline-offset-4 py-1 transition-all underline-offset-8 decoration-transparent hover:decoration-current" href="/tr/basinda-biz">Basında Biz</a><a aria-label="Avantajlar" class="hover:underline hover:underline-offset-4 py-1 transition-all underline-offset-8 decoration-transparent hover:decoration-current" href="/tr/avantajlar">Avantajlar</a><a aria-label="Kariyer" class="hover:underline hover:underline-offset-4 py-1 transition-all underline-offset-8 decoration-transparent hover:decoration-current" href="/tr/kariyer">Kariyer</a><a aria-label="Affiliate" class="hover:underline hover:underline-offset-4 py-1 transition-all underline-offset-8 decoration-transparent hover:decoration-current" href="/tr/ortaklik">Affiliate</a><a aria-label="İş Ortaklığı" class="hover:underline hover:underline-offset-4 py-1 transition-all underline-offset-8 decoration-transparent hover:decoration-current" href="/tr/is-ortakligi">İş Ortaklığı</a><a aria-label="S.S.S" class="hover:underline hover:underline-offset-4 py-1 transition-all underline-offset-8 decoration-transparent hover:decoration-current" href="/tr/sss">S.S.S</a><a aria-label="İletişim" class="hover:underline hover:underline-offset-4 py-1 transition-all underline-offset-8 decoration-transparent hover:decoration-current" href="/tr/iletisim">İletişim</a><a aria-label="Sözleşmeler" class="hover:underline hover:underline-offset-4 py-1 transition-all underline-offset-8 decoration-transparent hover:decoration-current" href="/tr/sozlesmeler">Sözleşmeler</a></nav></div><div class="flex flex-col gap-6"><h2 class="font-semibold">Çözümler</h2><nav class="grid gap-1"><a aria-label="Yönet" rel="noopener noreferrer" target="_blank" class="hover:underline hover:underline-offset-4 py-1 transition-all underline-offset-8 decoration-transparent hover:decoration-current" href="https://app.abonesepeti.com/login?redirect=/subscriptions">Yönet</a><a aria-label="Karşılaştır" rel="noopener noreferrer" target="_blank" class="hover:underline hover:underline-offset-4 py-1 transition-all underline-offset-8 decoration-transparent hover:decoration-current" href="https://app.abonesepeti.com/login?redirect=/comparison/institution">Karşılaştır</a><a aria-label="Fatura Öde" rel="noopener noreferrer" target="_blank" class="hover:underline hover:underline-offset-4 py-1 transition-all underline-offset-8 decoration-transparent hover:decoration-current" href="https://app.abonesepeti.com/login?redirect=/bills">Fatura Öde</a><a aria-label="Sigorta Teklifi Al" rel="noopener noreferrer" target="_blank" class="hover:underline hover:underline-offset-4 py-1 transition-all underline-offset-8 decoration-transparent hover:decoration-current" href="https://app.abonesepeti.com/login?redirect=/insurance">Sigorta Teklifi Al</a><a aria-label="Kontör Yükle" rel="noopener noreferrer" target="_blank" class="hover:underline hover:underline-offset-4 py-1 transition-all underline-offset-8 decoration-transparent hover:decoration-current" href="https://app.abonesepeti.com/login?redirect=/load-money">Kontör Yükle</a><a aria-label="Araç Kirala" rel="noopener noreferrer" target="_blank" class="hover:underline hover:underline-offset-4 py-1 transition-all underline-offset-8 decoration-transparent hover:decoration-current" href="https://app.abonesepeti.com/login?redirect=/try-on-app">Araç Kirala</a><a aria-label="Kolay İptal" rel="noopener noreferrer" target="_blank" class="hover:underline hover:underline-offset-4 py-1 transition-all underline-offset-8 decoration-transparent hover:decoration-current" href="https://app.abonesepeti.com/login?redirect=/easy-cancellation">Kolay İptal</a><a aria-label="Dergi Abonesi Ol" rel="noopener noreferrer" target="_blank" class="hover:underline hover:underline-offset-4 py-1 transition-all underline-offset-8 decoration-transparent hover:decoration-current" href="https://444dergi.com/">Dergi Abonesi Ol</a></nav></div><div class="flex flex-col gap-6"><h2 class="font-semibold">Diğer İşlemler</h2><nav class="grid gap-1"><a aria-label="Adınıza Kayıtlı Abonelikler" class="hover:underline hover:underline-offset-4 py-1 transition-all underline-offset-8 decoration-transparent hover:decoration-current" href="https://www.turkiye.gov.tr/btk-mobil-sabit-internet-kablo-tv-uydu-isletmecilerinden-borc-ve-alacak-sorgulama">Adınıza Kayıtlı Abonelikler</a><a aria-label="Altyapı Sorgulama" class="hover:underline hover:underline-offset-4 py-1 transition-all underline-offset-8 decoration-transparent hover:decoration-current" href="https://abonesepeti.com/tr/altyapi-sorgulama">Altyapı Sorgulama</a><a aria-label="İnternet Hız Testi" class="hover:underline hover:underline-offset-4 py-1 transition-all underline-offset-8 decoration-transparent hover:decoration-current" href="/hiz-testi">İnternet Hız Testi</a><a aria-label="IP Adresim Nedir?" class="hover:underline hover:underline-offset-4 py-1 transition-all underline-offset-8 decoration-transparent hover:decoration-current" href="/tr/ip-adresim">IP Adresim Nedir?</a></nav></div></div><div class="flex flex-col justify-between gap-12 grow max-w-md w-full"><div class="flex flex-col justify-between gap-2"><h2>E-Bültenimize Abone Olun</h2><form action="#"><div class="border border-primary-500 bg-stone-200 dark:bg-stone-800 flex rounded-full"><input placeholder="kullanıcı@mail.com" type="email" class="min-w-0 w-0 py-3 px-6 grow bg-transparent rounded-full placeholder-stone-500 text-stone-900 dark:text-stone-100 focus:outline-none" name="email" value=""><button type="submit" class="px-10 py-3 -mx-px bg-primary-500 text-white rounded-full">Kayıt Ol</button></div></form></div><div class="flex flex-col items-center justify-between gap-6"><img alt="Logo" loading="lazy" width="200" height="25" decoding="async" data-nimg="1" class="dark:brightness-0 dark:invert" style="color:transparent" src="/assets/brand/logo.svg"><nav class="flex gap-4"><a title="YouTube" class="text-blue-800 dark:text-blue-500 hover:scale-110 transition-all bg-stone-100 dark:bg-stone-800 rounded-full p-2" target="_blank" rel="noreferrer" href="https://www.youtube.com/abonesepeti"><svg xmlns="http://www.w3.org/2000/svg" width="24" height="24" viewBox="0 0 24 24" fill="currentColor" stroke="none" class="tabler-icon tabler-icon-brand-youtube-filled "><path d="M18 3a5 5 0 0 1 5 5v8a5 5 0 0 1 -5 5h-12a5 5 0 0 1 -5 -5v-8a5 5 0 0 1 5 -5zm-9 6v6a1 1 0 0 0 1.514 .857l5 -3a1 1 0 0 0 0 -1.714l-5 -3a1 1 0 0 0 -1.514 .857z"></path></svg></a><a title="Instagram" class="text-blue-800 dark:text-blue-500 hover:scale-110 transition-all bg-stone-100 dark:bg-stone-800 rounded-full p-2" target="_blank" rel="noreferrer" href="https://www.instagram.com/abonesepeti"><svg xmlns="http://www.w3.org/2000/svg" width="24" height="24" viewBox="0 0 24 24" fill="currentColor" stroke="none" class="tabler-icon tabler-icon-brand-instagram-filled "><path d="M16 3a5 5 0 0 1 5 5v8a5 5 0 0 1 -5 5h-8a5 5 0 0 1 -5 -5v-8a5 5 0 0 1 5 -5zm-4 5a4 4 0 0 0 -3.995 3.8l-.005 .2a4 4 0 1 0 4 -4m4.5 -1.5a1 1 0 0 0 -.993 .883l-.007 .127a1 1 0 0 0 1.993 .117l.007 -.127a1 1 0 0 0 -1 -1"></path></svg></a><a title="LinkedIn" class="text-blue-800 dark:text-blue-500 hover:scale-110 transition-all bg-stone-100 dark:bg-stone-800 rounded-full p-2" target="_blank" rel="noreferrer" href="https://www.linkedin.com/company/abonesepeti/about/"><svg xmlns="http://www.w3.org/2000/svg" width="24" height="24" viewBox="0 0 24 24" fill="currentColor" stroke="none" class="tabler-icon tabler-icon-brand-linkedin-filled "><path d="M17 2a5 5 0 0 1 5 5v10a5 5 0 0 1 -5 5h-10a5 5 0 0 1 -5 -5v-10a5 5 0 0 1 5 -5zm-9 8a1 1 0 0 0 -1 1v5a1 1 0 0 0 2 0v-5a1 1 0 0 0 -1 -1m6 0a3 3 0 0 0 -1.168 .236l-.125 .057a1 1 0 0 0 -1.707 .707v5a1 1 0 0 0 2 0v-3a1 1 0 0 1 2 0v3a1 1 0 0 0 2 0v-3a3 3 0 0 0 -3 -3m-6 -3a1 1 0 0 0 -.993 .883l-.007 .127a1 1 0 0 0 1.993 .117l.007 -.127a1 1 0 0 0 -1 -1"></path></svg></a><a class="text-blue-800 dark:text-blue-500 hover:scale-110 transition-all bg-stone-100 dark:bg-stone-800 rounded-full p-2" target="_blank" rel="noreferrer" href="https://x.com/abonesepeti"><svg xmlns="http://www.w3.org/2000/svg" width="24" height="24" viewBox="0 0 24 24" fill="none" stroke="currentColor" stroke-width="2" stroke-linecap="round" stroke-linejoin="round" class="tabler-icon tabler-icon-brand-x "><path d="M4 4l11.733 16h4.267l-11.733 -16z"></path><path d="M4 20l6.768 -6.768m2.46 -2.46l6.772 -6.772"></path></svg></a><a title="Facebook" class="text-blue-800 dark:text-blue-500 hover:scale-110 transition-all bg-stone-100 dark:bg-stone-800 rounded-full p-2" target="_blank" rel="noreferrer" href="https://www.facebook.com/abonesepeti/"><svg xmlns="http://www.w3.org/2000/svg" width="24" height="24" viewBox="0 0 24 24" fill="currentColor" stroke="none" class="tabler-icon tabler-icon-brand-facebook-filled "><path d="M18 2a1 1 0 0 1 .993 .883l.007 .117v4a1 1 0 0 1 -.883 .993l-.117 .007h-3v1h3a1 1 0 0 1 .991 1.131l-.02 .112l-1 4a1 1 0 0 1 -.858 .75l-.113 .007h-2v6a1 1 0 0 1 -.883 .993l-.117 .007h-4a1 1 0 0 1 -.993 -.883l-.007 -.117v-6h-2a1 1 0 0 1 -.993 -.883l-.007 -.117v-4a1 1 0 0 1 .883 -.993l.117 -.007h2v-1a6 6 0 0 1 5.775 -5.996l.225 -.004h3z"></path></svg></a><a title="RSS" class="text-blue-800 dark:text-blue-500 hover:scale-110 transition-all bg-stone-100 dark:bg-stone-800 rounded-full p-2" target="_blank" rel="noreferrer" href="https://abonesepeti.com/rss.xml"><svg xmlns="http://www.w3.org/2000/svg" width="24" height="24" viewBox="0 0 24 24" fill="none" stroke="currentColor" stroke-width="2" stroke-linecap="round" stroke-linejoin="round" class="tabler-icon tabler-icon-rss "><path d="M5 19m-1 0a1 1 0 1 0 2 0a1 1 0 1 0 -2 0"></path><path d="M4 4a16 16 0 0 1 16 16"></path><path d="M4 11a9 9 0 0 1 9 9"></path></svg></a></nav><ul class="flex gap-4 flex-wrap justify-center" style="opacity:0"><li style="opacity:0"><a href="https://play.google.com/store/apps/details?id=com.abonesepeti.app"><img alt="Android" loading="lazy" width="128" height="36" decoding="async" data-nimg="1" style="color:transparent" src="/assets/images/appButtons/android.svg"></a></li><li style="opacity:0"><a href="https://apps.apple.com/tr/app/abonesepeti-abonelik-y%C3%B6netimi/id1603237503"><img alt="Ios" loading="lazy" width="128" height="36" decoding="async" data-nimg="1" style="color:transparent" src="/assets/images/appButtons/ios.svg"></a></li><li style="opacity:0"><a href="https://appgallery.huawei.com/app/C110943543"><img alt="Huawei" loading="lazy" width="128" height="36" decoding="async" data-nimg="1" style="color:transparent" src="/assets/images/appButtons/huawei.svg"></a></li></ul></div></div></div></div><div class="bg-stone-100 dark:bg-stone-900"><div class="flex justify-between max-lg:text-center items-center flex-wrap gap-x-8 gap-y-4 text-sm p-4 mx-auto animate-fade-in max-w-screen-xl"><p class="grow">© 2025 Abonesepeti Tüm Hakları Saklıdır.</p><nav class="flex flex-wrap max-lg:grow gap-4 items-center justify-center text-primary-500"><a class="hover:underline underline-offset-4" href="/tr/pages/kvkk-aydinlatma-metni">Kvkk Aydınlatma Metni</a><div class="w-1.5 h-1.5 shrink-0 max-sm:hidden bg-primary-500 rounded-full"></div><a class="hover:underline underline-offset-4" href="/tr/pages/kullanici-sozlesmesi">Kullanıcı Sözleşmesi</a><div class="w-1.5 h-1.5 shrink-0 max-sm:hidden bg-primary-500 rounded-full"></div><a class="hover:underline underline-offset-4" href="/tr/pages/gizlilik-politikasi">Gizlilik Politikası</a></nav></div></div></footer><script src="/_next/static/chunks/webpack-3a6eac2a366ee7ad.js" async=""></script><script>(self.__next_f=self.__next_f||[]).push([0])</script><script>self.__next_f.push([1,"1:\"$Sreact.fragment\"\n2:I[5244,[],\"\"]\n3:I[3866,[],\"\"]\n6:I[6213,[],\"OutletBoundary\"]\n8:I[6213,[],\"MetadataBoundary\"]\na:I[6213,[],\"ViewportBoundary\"]\nc:I[4788,[\"4219\",\"static/chunks/app/global-error-e4664e6a40878e41.js\"],\"default\"]\n:HL[\"/_next/static/media/c22ccc5eb58b83e1-s.p.woff2\",\"font\",{\"crossOrigin\":\"\",\"type\":\"font/woff2\"}]\n:HL[\"/_next/static/css/a2ab61805fea24e0.css\",\"style\"]\n:HL[\"/_next/static/css/8a2f27c33f393776.css\",\"style\"]\n:HL[\"/_next/static/css/b32e97156acc2cec.css\",\"style\"]\n:HL[\"/_next/static/css/15a460f12b20e8b4.css\",\"style\"]\n"])</script><script>self.__next_f.push([1,"0:{\"P\":null,\"b\":\"CFhHJVcMlewb1JK7xQr7p\",\"p\":\"\",\"c\":[\"\",\"tr\"],\"i\":false,\"f\":[[[\"\",{\"children\":[[\"locale\",\"tr\",\"d\"],{\"children\":[\"(allOther)\",{\"children\":[\"__PAGE__\",{}]},\"$undefined\",\"$undefined\",true]}]}],[\"\",[\"$\",\"$1\",\"c\",{\"children\":[null,[\"$\",\"$L2\",null,{\"parallelRouterKey\":\"children\",\"segmentPath\":[\"children\"],\"error\":\"$undefined\",\"errorStyles\":\"$undefined\",\"errorScripts\":\"$undefined\",\"template\":[\"$\",\"$L3\",null,{}],\"templateStyles\":\"$undefined\",\"templateScripts\":\"$undefined\",\"notFound\":[[],[[\"$\",\"title\",null,{\"children\":\"404: This page could not be found.\"}],[\"$\",\"div\",null,{\"style\":{\"fontFamily\":\"system-ui,\\\"Segoe UI\\\",Roboto,Helvetica,Arial,sans-serif,\\\"Apple Color Emoji\\\",\\\"Segoe UI Emoji\\\"\",\"height\":\"100vh\",\"textAlign\":\"center\",\"display\":\"flex\",\"flexDirection\":\"column\",\"alignItems\":\"center\",\"justifyContent\":\"center\"},\"children\":[\"$\",\"div\",null,{\"children\":[[\"$\",\"style\",null,{\"dangerouslySetInnerHTML\":{\"__html\":\"body{color:#000;background:#fff;margin:0}.next-error-h1{border-right:1px solid rgba(0,0,0,.3)}@media (prefers-color-scheme:dark){body{color:#fff;background:#000}.next-error-h1{border-right:1px solid rgba(255,255,255,.3)}}\"}}],[\"$\",\"h1\",null,{\"className\":\"next-error-h1\",\"style\":{\"display\":\"inline-block\",\"margin\":\"0 20px 0 0\",\"padding\":\"0 23px 0 0\",\"fontSize\":24,\"fontWeight\":500,\"verticalAlign\":\"top\",\"lineHeight\":\"49px\"},\"children\":404}],[\"$\",\"div\",null,{\"style\":{\"display\":\"inline-block\"},\"children\":[\"$\",\"h2\",null,{\"style\":{\"fontSize\":14,\"fontWeight\":400,\"lineHeight\":\"49px\",\"margin\":0},\"children\":\"This page could not be found.\"}]}]]}]}]]],\"forbidden\":\"$undefined\",\"unauthorized\":\"$undefined\"}]]}],{\"children\":[[\"locale\",\"tr\",\"d\"],[\"$\",\"$1\",\"c\",{\"children\":[null,[\"$\",\"$L2\",null,{\"parallelRouterKey\":\"children\",\"segmentPath\":[\"children\",\"$0:f:0:1:2:children:0\",\"children\"],\"error\":\"$undefined\",\"errorStyles\":\"$undefined\",\"errorScripts\":\"$undefined\",\"template\":[\"$\",\"$L3\",null,{}],\"templateStyles\":\"$undefined\",\"templateScripts\":\"$undefined\",\"notFound\":\"$undefined\",\"forbidden\":\"$undefined\",\"unauthorized\":\"$undefined\"}]]}],{\"children\":[\"(allOther)\",[\"$\",\"$1\",\"c\",{\"children\":[[[\"$\",\"link\",\"0\",{\"rel\":\"stylesheet\",\"href\":\"/_next/static/css/a2ab61805fea24e0.css\",\"precedence\":\"next\",\"crossOrigin\":\"$undefined\",\"nonce\":\"$undefined\"}],[\"$\",\"link\",\"1\",{\"rel\":\"stylesheet\",\"href\":\"/_next/static/css/8a2f27c33f393776.css\",\"precedence\":\"next\",\"crossOrigin\":\"$undefined\",\"nonce\":\"$undefined\"}]],\"$L4\"]}],{\"children\":[\"__PAGE__\",[\"$\",\"$1\",\"c\",{\"children\":[\"$L5\",[[\"$\",\"link\",\"0\",{\"rel\":\"stylesheet\",\"href\":\"/_next/static/css/b32e97156acc2cec.css\",\"precedence\":\"next\",\"crossOrigin\":\"$undefined\",\"nonce\":\"$undefined\"}],[\"$\",\"link\",\"1\",{\"rel\":\"stylesheet\",\"href\":\"/_next/static/css/15a460f12b20e8b4.css\",\"precedence\":\"next\",\"crossOrigin\":\"$undefined\",\"nonce\":\"$undefined\"}]],[\"$\",\"$L6\",null,{\"children\":\"$L7\"}]]}],{},null,false]},null,false]},null,false]},null,false],[\"$\",\"$1\",\"h\",{\"children\":[null,[\"$\",\"$1\",\"IrpzVWEczBBWUwqNv9ToH\",{\"children\":[[\"$\",\"$L8\",null,{\"children\":\"$L9\"}],[\"$\",\"$La\",null,{\"children\":\"$Lb\"}],[\"$\",\"meta\",null,{\"name\":\"next-size-adjust\",\"content\":\"\"}]]}]]}],false]],\"m\":\"$undefined\",\"G\":[\"$c\",[]],\"s\":false,\"S\":true}\n"])</script><script>self.__next_f.push([1,"d:I[4996,[\"7970\",\"static/chunks/7970-880924e10cedcf92.js\",\"8173\",\"static/chunks/8173-ee883f8ef8b5dd9b.js\",\"5037\",\"static/chunks/5037-21d4cac44c418ca8.js\",\"7456\",\"static/chunks/7456-1f312fa7ae149d91.js\",\"6066\",\"static/chunks/6066-a2c0f9d0162f3424.js\",\"9947\",\"static/chunks/app/%5Blocale%5D/(campaigns)/layout-dbfde674d799e1a7.js\"],\"default\"]\n10:I[7979,[\"7970\",\"static/chunks/7970-880924e10cedcf92.js\",\"8173\",\"static/chunks/8173-ee883f8ef8b5dd9b.js\",\"1973\",\"static/chunks/1973-f06dc1d598ab0a9c.js\",\"5037\",\"static/chunks/5037-21d4cac44c418ca8.js\",\"1350\",\"static/chunks/1350-345b346cf83b2a32.js\",\"2030\",\"static/chunks/2030-98a7065c589df0e2.js\",\"6066\",\"static/chunks/6066-a2c0f9d0162f3424.js\",\"5775\",\"static/chunks/app/%5Blocale%5D/(allOther)/layout-24298b1d2d7c1c7c.js\"],\"default\"]\n11:I[7970,[\"7970\",\"static/chunks/7970-880924e10cedcf92.js\",\"8173\",\"static/chunks/8173-ee883f8ef8b5dd9b.js\",\"5037\",\"static/chunks/5037-21d4cac44c418ca8.js\",\"7456\",\"static/chunks/7456-1f312fa7ae149d91.js\",\"6066\",\"static/chunks/6066-a2c0f9d0162f3424.js\",\"9947\",\"static/chunks/app/%5Blocale%5D/(campaigns)/layout-dbfde674d799e1a7.js\"],\"Image\"]\n12:I[8173,[\"7970\",\"static/chunks/7970-880924e10cedcf92.js\",\"8173\",\"static/chunks/8173-ee883f8ef8b5dd9b.js\",\"5037\",\"static/chunks/5037-21d4cac44c418ca8.js\",\"7456\",\"static/chunks/7456-1f312fa7ae149d91.js\",\"6066\",\"static/chunks/6066-a2c0f9d0162f3424.js\",\"9947\",\"static/chunks/app/%5Blocale%5D/(campaigns)/layout-dbfde674d799e1a7.js\"],\"\"]\n14:I[6438,[\"7970\",\"static/chunks/7970-880924e10cedcf92.js\",\"8173\",\"static/chunks/8173-ee883f8ef8b5dd9b.js\",\"5037\",\"static/chunks/5037-21d4cac44c418ca8.js\",\"7456\",\"static/chunks/7456-1f312fa7ae149d91.js\",\"6066\",\"static/chunks/6066-a2c0f9d0162f3424.js\",\"9947\",\"static/chunks/app/%5Blocale%5D/(campaigns)/layout-dbfde674d799e1a7.js\"],\"default\"]\n15:I[4917,[\"7970\",\"static/chunks/7970-880924e10cedcf92.js\",\"8173\",\"static/chunks/8173-ee883f8ef8b5dd9b.js\",\"5037\",\"static/chunks/5037-21d4cac44c418ca8.js\",\"7456\",\"static/chunks/7456-1f312fa7ae149d91.js\",\"6066\",\"static/chunks/6066-a2c0f9d0162f3424.js\",\"9"])</script><script>self.__next_f.push([1,"947\",\"static/chunks/app/%5Blocale%5D/(campaigns)/layout-dbfde674d799e1a7.js\"],\"default\"]\n"])</script><script>self.__next_f.push([1,"4:[\"$\",\"html\",null,{\"lang\":\"tr\",\"children\":[[\"$\",\"body\",null,{\"className\":\"__className_b1bcfb\",\"children\":[[\"$\",\"$Ld\",null,{\"dictionary\":{\"metadata\":{\"lang\":\"tr\",\"abstract\":\"Paradan ve zamandan tasarruf edin.\",\"description\":\"Abonesepeti, abonelik hizmetlerini tek bir platformda toplar size zaman ve para kazandırır.\",\"keywords\":\"abonelik, hizmet, para, tasarruf, internet, su, telefon, elektrik, doğalgaz, fatura, ödeme\",\"extenderFor\":{\"campaign\":\"Kampanyası - Sizin İçin\",\"blog\":\"Blog Yazısı - Sizin İçin\",\"press\":\"Haber Yazısı - Sizin İçin\"}},\"error\":{\"404\":{\"title\":\"404\",\"message\":\"Aradığınız sayfa bulunamadı.\"}},\"forms\":{\"fields\":{\"optional\":\"(isteğe bağlı)\",\"fullName\":\"Ad Soyad\",\"phone\":\"Telefon Numarası\",\"email\":\"E-posta\",\"legal\":\"\u003ca href=\\\"{{userAgreement}}\\\" target=\\\"_blank\\\"\u003eKullanıcı Sözleşmesi\u003c/a\u003e ve \u003ca href=\\\"{{kvkk}}\\\" target=\\\"_blank\\\"\u003eKişisel Verilerin Korunması ve İşlenmesi Politikası\u003c/a\u003e'nı okudum ve kabul ediyorum.\",\"aggreement\":\"Sözleşmeleri kabul ediyorum.\",\"message\":\"Mesajınız\",\"submit\":\"Gönder\"},\"errors\":{\"email\":\"Geçerli bir e-posta adresi girin.\",\"required\":\"Bu alan zorunludur.\",\"phone\":{\"invalid\":\"Geçerli bir telefon numarası girin.\",\"onlyNumbers\":\"Telefon numarası sadece rakamlardan oluşmalıdır.\",\"startWithZero\":\"Telefon numarası 0 ile başlayamaz.\",\"tenDigits\":\"Telefon numarası 10 haneli olmalıdır.\"},\"fullName\":{\"onlyLetters\":\"Sadece harflerden oluşmalıdır.\",\"bothNames\":\"Ad ve soyadınızı girin.\",\"minLength\":\"Çok kısa bir ad girdiniz.\",\"maxLength\":\"Çok uzun bir ad girdiniz.\"},\"aggreement\":\"Sözleşmeleri onaylamalısınız.\",\"unknown\":\"Beklenmedik bir hata oluştu.\"},\"success\":{\"applied\":\"Başvurunuz alınmıştır.\",\"appliedDescription\":\"En kısa sürede sizinle iletişime geçeceğiz.\"}},\"pages\":{\"advantages\":{\"404\":{\"title\":\"404\",\"message\":\"Aradığınız avantaj henüz yazılmamış.\",\"cta\":\"Tüm Avantajları Gör\"},\"catalog\":{\"title\":\"Avantajlar\",\"description\":\"Abonesepeti ile aboneliklerinizi kolayca yönetin, hemen uygulamayı indirerek tasarrufa başlayın.\",\"empty\":\"Henüz bir avantaj bulunmamaktadır.\",\"features\":{\"sector\":\"Sektör\",\"created\":\"Başlangıç Tarihi\",\"lastDate\":\"Son Geçerlilik Tarihi\"}},\"document\":{\"lastestAdvantages\":\"En Güncel Avantajlar\"}},\"blogs\":{\"404\":{\"title\":\"404\",\"message\":\"Aradığınız blog yazısı henüz yazılmamış.\",\"cta\":\"Tüm Blogları Gör\"},\"catalog\":{\"title\":\"Blog\",\"description\":\"Abonesepeti bloglarını okuyun, abonelik hizmetleri hakkında bilgi edinin.\",\"empty\":\"Henüz blog yazısı bulunmamaktadır.\"},\"document\":{\"lastestBlogs\":\"Son Yazılanlar\"}},\"campaigns\":{\"details\":{\"title\":\"Kampanya Detayları\",\"modal\":{\"title\":\"Başvuru Formu\",\"description\":\"Formu doldurun en kısa sürede sizi arayalım, abonelik işlemlerinizi sizin yerinize tamamlayalım.\"},\"mostPopular\":\"En Popüler Kampanyalar\"},\"list\":{\"allCategories\":\"Tümü\",\"empty\":\"Şu anda öne çıkan bir kampanya bulunmamaktadır.\"},\"card\":{\"callToAction\":{\"0\":\"Hemen Başvur\",\"1\":\"Uygulamada Gör\",\"2\":\"Kampanyayı İncele\",\"undetected\":\"Detayları Gör\"}}},\"contracts\":{\"title\":\"Sözleşmeler\",\"stickerText\":\"Elektronik para işlemleriniz 6493 sayılı Ödeme ve Menkul Kıymet Mutabakat Sistemleri, Ödeme Hizmetleri ve Elektronik Para Kuruluşlar Hakkında Kanun çerçevesinde sahip olduğu lisans kapsamında faaliyet gösteren ve TCMB tarafından denetlenen Birleşik Ödeme Hizmetleri ve Elektronik Para A.Ş. tarafından gerçekleştirilmektedir. ABONESEPETİ BİLİŞİM TEKNOLOJİLERİ ANONİM ŞİRKETİ , Birleşik Ödeme Hizmetleri ve Elektronik Para A.Ş.'nin 8253417155 koduyla temsilcisi statüsündedir. Birleşik Ödeme Hizmetleri ve Elektronik Para A.Ş'ye 0 (212) 241 54 59 numaralı telefon ile ulaşabilirsiniz.\"},\"main\":{\"recentBlogs\":\"En Son Bloglar\",\"recentWeInPress\":\"Basında Biz\"},\"career\":{\"card\":{\"apply\":\"Başvur\"},\"empty\":\"Şu anda bir iş ilanı bulunmamaktadır.\"},\"download\":{\"title\":\"Abonesepetini hemen indir!\",\"description\":\"Abonesepeti, daha fazla tasarruf etmenizi, daha az harcamanızı, her şeyi görmenizi ve aboneliklerinizin kontrolünü elinize almanızı sağlar.\"},\"affiliate\":{\"title\":\"Affailiate Programı\",\"apply\":\"Hemen Başvur\",\"modal\":{\"button\":\"Hemen Başvur\",\"title\":\"Ortaklık Başvuru Formu\",\"description\":\"Abonesepeti'ni mevcut işletmene kolayca entegre etmek için formu doldur.\"},\"success\":{\"title\":\"Başvurunuz Alındı\",\"description\":\"En kısa sürede sizinle iletişime geçeceğiz.\"},\"failure\":{\"title\":\"Başvurunuz Alınamadı\",\"description\":\"Bir hata oluştu. Lütfen daha sonra tekrar deneyin.\"}},\"faq\":{\"title\":\"Sıkça Sorulan Sorular\",\"empty\":\"Henüz bir soru ve cevap bulunmamaktadır.\"},\"infrastructureInquiry\":{\"title\":\"İnternet Altyapı Sorgulama\",\"description\":\"İnternet altyapınızı sorgulayın ve en uygun hizmeti seçin. Uygun hizmet bulunamadıysa, bize ulaşın.\",\"form\":{\"city\":\"Şehir\",\"county\":\"İlçe\",\"town\":\"Kasaba\",\"village\":\"Köy\",\"neighborhood\":\"Mahalle\",\"street\":\"Sokak\",\"building\":\"Bina\",\"buildingDivision\":\"Daire Numarası\"},\"result\":{\"letsFill\":\"Altyapınızı bulmak için adresinizi doldurun.\",\"notFound\":\"Adresinizde alt yapı bulunamadı.\",\"found\":\"Adresinizde bulunan alt yapılar:\",\"available\":\"Mevcut\",\"unavailable\":\"Mevcut Değil\"},\"suggestions\":{\"applyNow\":\"Hemen Başvur\",\"show\":\"Uygun Fırsatları Gör\",\"infraRequired\":\"Sizin İçin Önerilenler\",\"infraNotRequired\":\"Altyapınız Olmadan da Kullanabileceğiniz Hizmetler\"}},\"contact\":{\"alt\":\"Bize Ulaşın\",\"title\":\"Bize Ulaşın, Size Yardımcı Olalım!\",\"description\":\"Herhangi bir sorunuz mu var ya da daha fazla bilgiye mi ihtiyacınız var? Abonesepeti ekibi olarak size destek olmaktan mutluluk duyarız. Hemen iletişime geçin, ihtiyacınıza uygun çözümleri birlikte bulalım. Sizinle iletişimde olmak için buradayız!\",\"address\":[{\"title\":\"Merkez\",\"line\":\"Koza Plaza B Blok Kat : 13 Tekstilkent Esenler / İstanbul\"},{\"title\":\"Teknopark\",\"line\":\"Zaim Teknopark Kat: 2 No: 20 Küçükçekmece / İstanbul\"},{\"title\":\"Çağrı Merkezi\",\"line\":\"+90 212 809 00 00\"},{\"title\":\"E-posta\",\"line\":\"info@abonesepeti.com\"},{\"title\":\"Faks\",\"line\":\"+90 212 951 00 56\"}],\"form\":{\"title\":\"İletişim Formu\",\"description\":\"Mesajınızı gönderin, en kısa sürede sizinle iletişime geçeceğiz.\",\"modal\":{\"button\":\"Mesaj Gönder\",\"title\":\"Başvuru Formu\",\"description\":\"Mesajınızı gönderin, en kısa sürede sizinle iletişime geçeceğiz.\"},\"success\":{\"title\":\"Mesajınız Gönderildi\",\"description\":\"En kısa sürede sizinle iletişime geçeceğiz.\"},\"failure\":{\"title\":\"Mesajınızı Alamadık\",\"description\":\"Bir hata oluştu. Lütfen daha sonra tekrar deneyin.\"}}},\"partnership\":{\"apply\":\"Hemen Bayimiz Olun\",\"formTitle\":\"İş Ortaklığı Başvuru Formu\",\"description\":\"Hemen bayimiz olun, işletmenize Abonesepeti'ni entegre edin.\",\"success\":{\"title\":\"Başvurunuz Alındı\",\"description\":\"En kısa sürede sizinle iletişime geçeceğiz.\"},\"failure\":{\"title\":\"Başvurunuz Alınamadı\",\"description\":\"Bir hata oluştu. Lütfen daha sonra tekrar deneyin.\"}},\"speedTest\":{\"title\":\"Hız Testi\",\"description\":\"İnternet hızınızı test edin.\"},\"whoWeAre\":{\"ourValues\":\"Değerlerimiz\",\"ourProducts\":\"Ürünlerimiz\",\"bentoGridTitles\":[\"Abonesepeti\",\"444Dergi.com\",\"Maya\",\"Ulak\"]},\"whatsMyIp\":{\"title\":\"IP Adresim Nedir?\",\"description\":\"İnternete hangi IP adresi ile bağlandığınızı öğrenin.\",\"yourIp\":\"IP Adresiniz\"},\"pricing\":{\"title\":\"Tüm Aboneliklerinizi Yöneteceğiniz Tek Platform\",\"description\":\"Plus ve Pro paketlerimizle ayrıcalıklardan yararlanın. Ücretsiz sürümde kredi kartı gerektirmez.\",\"periods\":{\"monthly\":\"Aylık\",\"yearly\":\"Yıllık\",\"discount\":\"{{months}} Ay Ücretsiz\"},\"packages\":{\"basic\":{\"title\":\"Temel Paket\",\"description\":\"Tüm sürece hakim ol. Abonelik başlat, yönet, öde.\",\"cta\":\"Ücretsiz Başlat\"},\"plus\":{\"title\":\"Plus Paket\",\"description\":\"Akıllı hatırlatmalardan yararlan. Daha çok kazan.\",\"cta\":\"Ayrıcalıklar Sadece {{price}}\"},\"pro\":{\"title\":\"Pro Paket\",\"description\":\"Abonelik iptali hiç bu kadar kolay olmamıştı. Özel rapor ve destek ile kişiselleştirilmiş hizmet.\",\"cta\":\"Ayrıcalıklar Sadece {{price}}\"}}}},\"header\":{\"solutions\":\"Çözümler\",\"features\":\"Özellikler\",\"campaigns\":\"Kampanyalar\",\"whoWeAre\":\"Biz Kimiz\",\"goToApp\":\"Uygulamaya Git\"},\"footer\":{\"title\":\"Tüm Aboneliklerinizi Kontrol Altına Alın\",\"description\":\"Abonesepeti ile aboneliklerinizi kolayca yönetin, hemen uygulamayı indirerek tasarrufa başlayın.\",\"mailingList\":{\"title\":\"E-Bültenimize Abone Olun\",\"placeholder\":\"kullanıcı@mail.com\",\"cta\":\"Kayıt Ol\",\"success\":\"Bültenimize başarıyla abone oldunuz.\",\"error\":\"Bir sorun oluştu. Lütfen daha sonra tekrar deneyin.\"},\"copyright\":\"© {{year}} Abonesepeti Tüm Hakları Saklıdır.\",\"legal\":{\"privacyPolicy\":\"Gizlilik Politikası\",\"termsOfUse\":\"Kullanıcı Sözleşmesi\",\"kvkkGdpr\":\"KVKK Aydınlatma Metni\"},\"categories\":{\"company\":{\"title\":\"Kurumsal\",\"items\":{\"whoWeAre\":\"Biz Kimiz\",\"press\":\"Basında Biz\",\"advantages\":\"Avantajlar\",\"career\":\"Kariyer\",\"affiliate\":\"Affiliate\",\"partnership\":\"İş Ortaklığı\",\"faq\":\"S.S.S\",\"contact\":\"İletişim\",\"contracts\":\"Sözleşmeler\"}},\"socialMedia\":{\"title\":\"Sosyal Medya\",\"items\":{\"youtube\":\"YouTube\",\"instagram\":\"Instagram\",\"X\":\"X\",\"facebook\":\"Facebook\",\"linkedin\":\"LinkedIn\",\"rss\":\"RSS\"}},\"solutions\":{\"title\":\"Çözümler\"},\"fastActions\":{\"title\":\"Diğer İşlemler\"}}},\"share\":{\"title\":\"Paylaş\",\"copyLink\":\"Linki Kopyala\",\"copied\":\"Kopyalandı! 📋️\",\"facebook\":\"Facebook'ta Paylaş\",\"x\":\"X'te Paylaş\",\"linkedin\":\"LinkedIn'de Paylaş\",\"whatsapp\":\"WhatsApp'ta Paylaş\",\"telegram\":\"Telegram'da Paylaş\",\"email\":\"E-posta ile Gönder\",\"emailSubject\":\"Abonesepeti'nin bu bloğuna bir bak\"},\"cookieConsent\":{\"message\":\"🍪 Çerez ister misiniz? Web sitemizde size en iyi deneyimi sunabilmemiz için çerezleri kullanıyoruz.\",\"accept\":\"Kabul Et\",\"settings\":\"Ayarlar\",\"modal\":{\"title\":\"Çerez Ayarları\",\"description\":\"Çerez tercihlerinizi seçin ve web sitemizdeki deneyiminizi özelleştirin. Daha fazla bilgi için lütfen \u003ca href=\\\"{{privacyPolicy}}\\\" target=\\\"_blank\\\"\u003eGizlilik Politikamızı\u003c/a\u003e ziyaret edin.\",\"necessary\":\"Zorunlu Çerezler\",\"necessaryDescription\":\"Web sitemizin temel işlevlerini etkinleştirir ve erişilebilirliğini sağlar. Bu çerezler web sitemizin düzgün çalışması için gereklidir.\",\"analytics\":\"Analitik Çerezleri\",\"analyticsDescription\":\"Bu çerezler, web sitemizi nasıl kullandığınızı anlamamıza yardımcı olur. Bu bilgiler kimliğinizden bağımsız olarak toplanır ve daha iyi hizmet sunmamıza yardımcı olur.\",\"options\":{\"approve\":\"Onayla\",\"reject\":\"Reddet\"}}},\"temp\":{\"achievements\":{\"categories\":\"Kategori\",\"brands\":\"Marka\",\"campaigns\":\"Kampanya\",\"users\":\"Kullanıcı\"},\"hero\":{\"title\":\"Tüm \u003cspan\u003eAboneliklerinizi\u003c/span\u003e Tek Bir Yerden Yönetin\",\"description\":\"Abonesepeti ile aboneliklerinizi takip edin, bütçenizi yönetin ve harcamalarınızı optimize edin. \",\"emphasis\":\"Ücretsiz deneyin!\",\"cta\":\"Hemen Ücretsiz İndir\",\"discover\":\"Uygulamayı Keşfet\"},\"keyFeatures\":{\"features\":[{\"title\":\"Kolay Abonelik Yönetimi\",\"description\":\"Aboneliklerinizi bir daha asla kaçırmayın! Tüm aboneliklerinizi tek yerde yönetin, düzenli kalın ve istenmeyen yenilemelerden kaçının.\"},{\"title\":\"Bütçenizi Kontrol Altında Tutun\",\"description\":\"Size uygun bütçeler belirleyin ve harcamalarınızı kolayca takip edin. Abonesepeti her ay daha akıllı tasarruf etmenizi sağlar.\"},{\"title\":\"Abonelikleriniz için Akıllı Hatırlatmalar\",\"description\":\"Yaklaşan yenileme ve ödeme hatırlatmalarını zamanında alın, kontrolü elinizde tutun ve sürprizlerden kaçının.\"}],\"keywords\":[\"Başlat\",\"Yönet\",\"Öde\",\"İptal Et\"]},\"marquee\":{\"title\":\"Aboneliklerinizi Kolayca Yönetin\"},\"video\":{\"title\":\"Aboneliklerinizi Kolayca Yönetin\"},\"aboutus\":{\"title\":\"Biz Kimiz?\",\"description\":\"Abonelik denince akla gelen ve tercih edilen bir marka olmak üzere yolculuğuna başlayan Abonesepeti, 2017'nin ilk çeyreğinde \\\"Şirket Ortağım Melek Yatırım Ağı\\\" öncülüğünde yatırım alarak ulusal alanda faaliyetlerine başladı. 2018 yılında 444dergi.com'u satın alan Abonesepeti, Türkiye'nin her yerinden tüketicilerin abonelik ihtiyaçlarına yerinde çözümler sunmaktadır. 2021 yılı 3.çeyreğinde Keiretsu Forum Türkiye'den 2.faz yatırım alarak abonelik yönetim uygulamasına pivot etmiştir.\",\"fishbone\":[{\"title\":\"Müşteri Odaklı\",\"description\":\"En temel değeri, “tüketicilerin hayatlarını kolaylaştırmak” olan bizler, tüm paydaşları motive eden, mutlu ve kazançlı kılan tamamen fayda temelli bir iş modeli ile çalışmaktayız.\"},{\"title\":\"Güvenilir\",\"description\":\"Uzun süreli, her iki tarafın da kazandığı ilişkilerin güvenle oluşturulabileceğini biliyoruz. Bizler, karşılaştırma imkanı sunarak tüketicilerin doğru abonelik kararları vermelerine ve aboneliklerini yönetmelerine yardımcı oluyoruz.\"},{\"title\":\"Çözüm Odaklı\",\"description\":\"Yapamayız mantığı ile değil “nasıl yardım edebiliriz” mantığı ile çok sayıda satış kanalımız aracılığıyla ihtiyacı en hızlı nasıl yerine getirebiliriz diye çaba gösteriyoruz.\"},{\"title\":\"Yenilikçi\",\"description\":\"Fark yaratan ürün ve hizmetlerimiz ile müşterilerimize en iyi hizmeti verebilmek için çalışıyoruz. #hayatşimdidahakolay mottosu ile kullanıcılarımıza zamandan ve paradan tasarruf sağlıyoruz.\"},{\"title\":\"Sade\",\"description\":\"Yaptığımız her işte basit ve anlaşılabilir olmaya özen gösteriyoruz. Kullanıcılarımızı gösterişle değil, yaptığımız işin doğruluğu ve kalitesi ile etkilemeyi tercih ediyoruz.\"}],\"boxes\":[\"Abonesepeti asistan uygulamasıdır. Bu uygulama ile kullanıcılar aboneliklerini başlatabilir, yönetebilir ve kolayca iptal edebilirler.\",\"444dergi.com, %60 varan indirimlerle Türkiye’deki dergileri tek bir panelden kolay, hızlı ve ekonomik tedarik imkanı sağlayan çevre dostu bir portalıdır.\",\"Tüm abonelik hizmet sağlayıcılarını tek bir ekranda toplayarak KOBİ’lerin yatırım maliyeti olmadan gelir elde etmelerine olanak sağlayan online bir platformdur.\",\"Ulak, Maya ile kapalı devre çalışan kurye yönetimi iş uygulamasıdır.\"],\"goToWebsite\":\"Web Sitesine Git\"},\"career\":{\"title\":\"Ekibimizin Bir Parçası Olmak İster Misiniz?\",\"description\":\"Abonesepeti ailesine katılarak fintech dünyasında yenilikçi çözümler üretmeye ve müşterilerimizin hayatını kolaylaştırmaya katkı sağlayabilirsiniz. Dinamik ve destekleyici ekibimizde, birlikte büyük başarılara imza atalım!\"}}},\"children\":[\"$Le\",[\"$\",\"main\",null,{\"className\":\"flex-1\",\"children\":[\"$\",\"$L2\",null,{\"parallelRouterKey\":\"children\",\"segmentPath\":[\"children\",\"$0:f:0:1:2:children:0\",\"children\",\"(allOther)\",\"children\"],\"error\":\"$undefined\",\"errorStyles\":\"$undefined\",\"errorScripts\":\"$undefined\",\"template\":[\"$\",\"$L3\",null,{}],\"templateStyles\":\"$undefined\",\"templateScripts\":\"$undefined\",\"notFound\":\"$undefined\",\"forbidden\":\"$undefined\",\"unauthorized\":\"$undefined\"}]}],[\"$\",\"footer\",null,{\"className\":\"bg-white dark:bg-stone-800 bg-hero bg-center bg-cover\",\"children\":[[\"$\",\"div\",null,{\"className\":\"py-12 px-4 mx-auto animate-fade-in max-w-screen-xl\",\"ref\":\"$undefined\",\"children\":[[\"$\",\"div\",null,{\"className\":\"space-y-4\",\"children\":[[\"$\",\"h1\",null,{\"className\":\"text-4xl font-semibold\",\"children\":\"Tüm Aboneliklerinizi Kontrol Altına Alın\"}],[\"$\",\"p\",null,{\"className\":\"text-xl\",\"children\":\"Abonesepeti ile aboneliklerinizi kolayca yönetin, hemen uygulamayı indirerek tasarrufa başlayın.\"}]]}],[\"$\",\"div\",null,{\"className\":\"flex flex-wrap gap-8 sm:gap-16 justify-between mt-12\",\"children\":[\"$Lf\",[\"$\",\"div\",null,{\"className\":\"flex flex-col justify-between gap-12 grow max-w-md w-full\",\"children\":[[\"$\",\"div\",null,{\"className\":\"flex flex-col justify-between gap-2\",\"children\":[[\"$\",\"h2\",null,{\"children\":\"E-Bültenimize Abone Olun\"}],[\"$\",\"$L10\",null,{\"dictionary\":\"$4:props:children:0:props:children:0:props:dictionary\"}]]}],[\"$\",\"div\",null,{\"className\":\"flex flex-col items-center justify-between gap-6\",\"children\":[[\"$\",\"$L11\",null,{\"src\":\"/assets/brand/logo.svg\",\"alt\":\"Logo\",\"width\":200,\"height\":25,\"className\":\"dark:brightness-0 dark:invert\"}],[\"$\",\"nav\",null,{\"className\":\"flex gap-4\",\"children\":[[\"$\",\"$L12\",\"0\",{\"title\":\"YouTube\",\"href\":\"https://www.youtube.com/abonesepeti\",\"className\":\"text-blue-800 dark:text-blue-500 hover:scale-110 transition-all bg-stone-100 dark:bg-stone-800 rounded-full p-2\",\"target\":\"_blank\",\"rel\":\"noreferrer\",\"children\":[\"$\",\"svg\",null,{\"ref\":\"$undefined\",\"xmlns\":\"http://www.w3.org/2000/svg\",\"width\":24,\"height\":24,\"viewBox\":\"0 0 24 24\",\"fill\":\"currentColor\",\"stroke\":\"none\",\"className\":\"tabler-icon tabler-icon-brand-youtube-filled \",\"children\":[\"$undefined\",[\"$\",\"path\",\"svg-0\",{\"d\":\"M18 3a5 5 0 0 1 5 5v8a5 5 0 0 1 -5 5h-12a5 5 0 0 1 -5 -5v-8a5 5 0 0 1 5 -5zm-9 6v6a1 1 0 0 0 1.514 .857l5 -3a1 1 0 0 0 0 -1.714l-5 -3a1 1 0 0 0 -1.514 .857z\"}],\"$undefined\"]}]}],[\"$\",\"$L12\",\"1\",{\"title\":\"Instagram\",\"href\":\"https://www.instagram.com/abonesepeti\",\"className\":\"text-blue-800 dark:text-blue-500 hover:scale-110 transition-all bg-stone-100 dark:bg-stone-800 rounded-full p-2\",\"target\":\"_blank\",\"rel\":\"noreferrer\",\"children\":[\"$\",\"svg\",null,{\"ref\":\"$undefined\",\"xmlns\":\"http://www.w3.org/2000/svg\",\"width\":24,\"height\":24,\"viewBox\":\"0 0 24 24\",\"fill\":\"currentColor\",\"stroke\":\"none\",\"className\":\"tabler-icon tabler-icon-brand-instagram-filled \",\"children\":[\"$undefined\",[\"$\",\"path\",\"svg-0\",{\"d\":\"M16 3a5 5 0 0 1 5 5v8a5 5 0 0 1 -5 5h-8a5 5 0 0 1 -5 -5v-8a5 5 0 0 1 5 -5zm-4 5a4 4 0 0 0 -3.995 3.8l-.005 .2a4 4 0 1 0 4 -4m4.5 -1.5a1 1 0 0 0 -.993 .883l-.007 .127a1 1 0 0 0 1.993 .117l.007 -.127a1 1 0 0 0 -1 -1\"}],\"$undefined\"]}]}],[\"$\",\"$L12\",\"2\",{\"title\":\"LinkedIn\",\"href\":\"https://www.linkedin.com/company/abonesepeti/about/\",\"className\":\"text-blue-800 dark:text-blue-500 hover:scale-110 transition-all bg-stone-100 dark:bg-stone-800 rounded-full p-2\",\"target\":\"_blank\",\"rel\":\"noreferrer\",\"children\":[\"$\",\"svg\",null,{\"ref\":\"$undefined\",\"xmlns\":\"http://www.w3.org/2000/svg\",\"width\":24,\"height\":24,\"viewBox\":\"0 0 24 24\",\"fill\":\"currentColor\",\"stroke\":\"none\",\"className\":\"tabler-icon tabler-icon-brand-linkedin-filled \",\"children\":[\"$undefined\",[\"$\",\"path\",\"svg-0\",{\"d\":\"M17 2a5 5 0 0 1 5 5v10a5 5 0 0 1 -5 5h-10a5 5 0 0 1 -5 -5v-10a5 5 0 0 1 5 -5zm-9 8a1 1 0 0 0 -1 1v5a1 1 0 0 0 2 0v-5a1 1 0 0 0 -1 -1m6 0a3 3 0 0 0 -1.168 .236l-.125 .057a1 1 0 0 0 -1.707 .707v5a1 1 0 0 0 2 0v-3a1 1 0 0 1 2 0v3a1 1 0 0 0 2 0v-3a3 3 0 0 0 -3 -3m-6 -3a1 1 0 0 0 -.993 .883l-.007 .127a1 1 0 0 0 1.993 .117l.007 -.127a1 1 0 0 0 -1 -1\"}],\"$undefined\"]}]}],[\"$\",\"$L12\",\"3\",{\"title\":\"$undefined\",\"href\":\"https://x.com/abonesepeti\",\"className\":\"text-blue-800 dark:text-blue-500 hover:scale-110 transition-all bg-stone-100 dark:bg-stone-800 rounded-full p-2\",\"target\":\"_blank\",\"rel\":\"noreferrer\",\"children\":[\"$\",\"svg\",null,{\"ref\":\"$undefined\",\"xmlns\":\"http://www.w3.org/2000/svg\",\"width\":24,\"height\":24,\"viewBox\":\"0 0 24 24\",\"fill\":\"none\",\"stroke\":\"currentColor\",\"strokeWidth\":2,\"strokeLinecap\":\"round\",\"strokeLinejoin\":\"round\",\"className\":\"tabler-icon tabler-icon-brand-x \",\"children\":[\"$undefined\",[\"$\",\"path\",\"svg-0\",{\"d\":\"M4 4l11.733 16h4.267l-11.733 -16z\"}],[\"$\",\"path\",\"svg-1\",{\"d\":\"M4 20l6.768 -6.768m2.46 -2.46l6.772 -6.772\"}],\"$undefined\"]}]}],[\"$\",\"$L12\",\"4\",{\"title\":\"Facebook\",\"href\":\"https://www.facebook.com/abonesepeti/\",\"className\":\"text-blue-800 dark:text-blue-500 hover:scale-110 transition-all bg-stone-100 dark:bg-stone-800 rounded-full p-2\",\"target\":\"_blank\",\"rel\":\"noreferrer\",\"children\":[\"$\",\"svg\",null,{\"ref\":\"$undefined\",\"xmlns\":\"http://www.w3.org/2000/svg\",\"width\":24,\"height\":24,\"viewBox\":\"0 0 24 24\",\"fill\":\"currentColor\",\"stroke\":\"none\",\"className\":\"tabler-icon tabler-icon-brand-facebook-filled \",\"children\":[\"$undefined\",[\"$\",\"path\",\"svg-0\",{\"d\":\"M18 2a1 1 0 0 1 .993 .883l.007 .117v4a1 1 0 0 1 -.883 .993l-.117 .007h-3v1h3a1 1 0 0 1 .991 1.131l-.02 .112l-1 4a1 1 0 0 1 -.858 .75l-.113 .007h-2v6a1 1 0 0 1 -.883 .993l-.117 .007h-4a1 1 0 0 1 -.993 -.883l-.007 -.117v-6h-2a1 1 0 0 1 -.993 -.883l-.007 -.117v-4a1 1 0 0 1 .883 -.993l.117 -.007h2v-1a6 6 0 0 1 5.775 -5.996l.225 -.004h3z\"}],\"$undefined\"]}]}],[\"$\",\"$L12\",\"5\",{\"title\":\"RSS\",\"href\":\"https://abonesepeti.com/rss.xml\",\"className\":\"text-blue-800 dark:text-blue-500 hover:scale-110 transition-all bg-stone-100 dark:bg-stone-800 rounded-full p-2\",\"target\":\"_blank\",\"rel\":\"noreferrer\",\"children\":[\"$\",\"svg\",null,{\"ref\":\"$undefined\",\"xmlns\":\"http://www.w3.org/2000/svg\",\"width\":24,\"height\":24,\"viewBox\":\"0 0 24 24\",\"fill\":\"none\",\"stroke\":\"currentColor\",\"strokeWidth\":2,\"strokeLinecap\":\"round\",\"strokeLinejoin\":\"round\",\"className\":\"tabler-icon tabler-icon-rss \",\"children\":[\"$undefined\",[\"$\",\"path\",\"svg-0\",{\"d\":\"M5 19m-1 0a1 1 0 1 0 2 0a1 1 0 1 0 -2 0\"}],[\"$\",\"path\",\"svg-1\",{\"d\":\"M4 4a16 16 0 0 1 16 16\"}],[\"$\",\"path\",\"svg-2\",{\"d\":\"M4 11a9 9 0 0 1 9 9\"}],\"$undefined\"]}]}]]}],\"$L13\"]}]]}]]}]]}],[\"$\",\"div\",null,{\"className\":\"bg-stone-100 dark:bg-stone-900\",\"children\":[\"$\",\"div\",null,{\"className\":\"flex justify-between max-lg:text-center items-center flex-wrap gap-x-8 gap-y-4 text-sm p-4 mx-auto animate-fade-in max-w-screen-xl\",\"ref\":\"$undefined\",\"children\":[[\"$\",\"p\",null,{\"className\":\"grow\",\"children\":\"© 2025 Abonesepeti Tüm Hakları Saklıdır.\"}],[\"$\",\"nav\",null,{\"className\":\"flex flex-wrap max-lg:grow gap-4 items-center justify-center text-primary-500\",\"children\":[[\"$\",\"$1\",\"Kvkk Aydınlatma Metni\",{\"children\":[[[\"$\",\"$L12\",\"Kvkk Aydınlatma Metni\",{\"href\":\"/tr/pages/kvkk-aydinlatma-metni\",\"className\":\"hover:underline underline-offset-4\",\"children\":\"Kvkk Aydınlatma Metni\"}]],[\"$\",\"div\",null,{\"className\":\"w-1.5 h-1.5 shrink-0 max-sm:hidden bg-primary-500 rounded-full\"}]]}],[\"$\",\"$1\",\"Kullanıcı Sözleşmesi\",{\"children\":[[[\"$\",\"$L12\",\"Kullanıcı Sözleşmesi\",{\"href\":\"/tr/pages/kullanici-sozlesmesi\",\"className\":\"hover:underline underline-offset-4\",\"children\":\"Kullanıcı Sözleşmesi\"}]],[\"$\",\"div\",null,{\"className\":\"w-1.5 h-1.5 shrink-0 max-sm:hidden bg-primary-500 rounded-full\"}]]}],[\"$\",\"$1\",\"Gizlilik Politikası\",{\"children\":[[[\"$\",\"$L12\",\"Gizlilik Politikası\",{\"href\":\"/tr/pages/gizlilik-politikasi\",\"className\":\"hover:underline underline-offset-4\",\"children\":\"Gizlilik Politikası\"}]],false]}]]}]]}]}]]}]]}],[\"$\",\"$L14\",null,{\"locale\":\"tr\",\"dictionary\":\"$4:props:children:0:props:children:0:props:dictionary\"}]]}],[\"$\",\"$L15\",null,{}]]}]\n"])</script><script>self.__next_f.push([1,"b:[[\"$\",\"meta\",\"0\",{\"name\":\"viewport\",\"content\":\"width=device-width, height=device-height, initial-scale=1, viewport-fit=cover, user-scalable=yes, interactive-widget=resizes-visual\"}],[\"$\",\"meta\",\"1\",{\"name\":\"theme-color\",\"media\":\"(prefers-color-scheme: light)\",\"content\":\"#ffffff\"}],[\"$\",\"meta\",\"2\",{\"name\":\"theme-color\",\"media\":\"(prefers-color-scheme: dark)\",\"content\":\"#292524\"}],[\"$\",\"meta\",\"3\",{\"name\":\"color-scheme\",\"content\":\"light dark\"}]]\n"])</script><script>self.__next_f.push([1,"9:[[\"$\",\"meta\",\"0\",{\"charSet\":\"utf-8\"}],[\"$\",\"title\",\"1\",{\"children\":\"Abonesepeti | Zamandan ve Paradan Tasarruf Et\"}],[\"$\",\"meta\",\"2\",{\"name\":\"description\",\"content\":\"Abonesepeti, abonelik hizmetlerini tek bir platformda toplar size zaman ve para kazandırır.\"}],[\"$\",\"meta\",\"3\",{\"name\":\"application-name\",\"content\":\"Abonesepeti\"}],[\"$\",\"link\",\"4\",{\"rel\":\"manifest\",\"href\":\"/manifest.json\",\"crossOrigin\":\"$undefined\"}],[\"$\",\"meta\",\"5\",{\"name\":\"generator\",\"content\":\"Abonesepeti\"}],[\"$\",\"meta\",\"6\",{\"name\":\"keywords\",\"content\":\"abonelik, hizmet, para, tasarruf, internet, su, telefon, elektrik, doğalgaz, fatura, ödeme\"}],[\"$\",\"meta\",\"7\",{\"name\":\"referrer\",\"content\":\"no-referrer\"}],[\"$\",\"meta\",\"8\",{\"name\":\"creator\",\"content\":\"Abonesepeti\"}],[\"$\",\"meta\",\"9\",{\"name\":\"publisher\",\"content\":\"Abonesepeti\"}],[\"$\",\"meta\",\"10\",{\"name\":\"robots\",\"content\":\"index, follow\"}],[\"$\",\"meta\",\"11\",{\"name\":\"category\",\"content\":\"Fintech\"}],[\"$\",\"meta\",\"12\",{\"name\":\"classification\",\"content\":\"Fintech\"}],[\"$\",\"link\",\"13\",{\"rel\":\"canonical\",\"href\":\"https://abonesepeti.com/tr\"}],[\"$\",\"link\",\"14\",{\"rel\":\"alternate\",\"hrefLang\":\"en\",\"href\":\"https://abonesepeti.com/en\"}],[\"$\",\"link\",\"15\",{\"rel\":\"alternate\",\"hrefLang\":\"tr\",\"href\":\"https://abonesepeti.com/tr\"}],[\"$\",\"meta\",\"16\",{\"name\":\"mobile-web-app-capable\",\"content\":\"yes\"}],[\"$\",\"meta\",\"17\",{\"name\":\"apple-mobile-web-app-title\",\"content\":\"Abonesepeti\"}],[\"$\",\"meta\",\"18\",{\"name\":\"apple-mobile-web-app-status-bar-style\",\"content\":\"default\"}],[\"$\",\"meta\",\"19\",{\"property\":\"og:determiner\",\"content\":\"the\"}],[\"$\",\"meta\",\"20\",{\"property\":\"og:title\",\"content\":\"Abonesepeti\"}],[\"$\",\"meta\",\"21\",{\"property\":\"og:description\",\"content\":\"Abonesepeti, abonelik hizmetlerini tek bir platformda toplar size zaman ve para kazandırır.\"}],[\"$\",\"meta\",\"22\",{\"property\":\"og:url\",\"content\":\"https://abonesepeti.com\"}],[\"$\",\"meta\",\"23\",{\"property\":\"og:site_name\",\"content\":\"Abonesepeti\"}],[\"$\",\"meta\",\"24\",{\"property\":\"og:locale\",\"content\":\"tr_TR\"}],[\"$\",\"meta\",\"25\",{\"property\":\"og:country_name\",\"content\":\"Turkey\"}],[\"$\",\"meta\",\"26\",{\"property\":\"og:ttl\",\"content\":\"90\"}],[\"$\",\"meta\",\"27\",{\"property\":\"og:image:alt\",\"content\":\"Abonesepeti\"}],[\"$\",\"meta\",\"28\",{\"property\":\"og:image:height\",\"content\":\"630\"}],[\"$\",\"meta\",\"29\",{\"property\":\"og:image:width\",\"content\":\"1200\"}],[\"$\",\"meta\",\"30\",{\"property\":\"og:image\",\"content\":\"https://abonesepeti.com/assets/images/opengraph.png\"}],[\"$\",\"meta\",\"31\",{\"property\":\"og:video\",\"content\":\"https://www.youtube.com/watch?v=hzLshjJZw8w\"}],[\"$\",\"meta\",\"32\",{\"property\":\"og:email\",\"content\":\"info@abonesepeti.com\"}],[\"$\",\"meta\",\"33\",{\"property\":\"og:phone_number\",\"content\":\"+90 212 809 00 00\"}],[\"$\",\"meta\",\"34\",{\"property\":\"og:fax_number\",\"content\":\"+90 212 951 00 56\"}],[\"$\",\"meta\",\"35\",{\"property\":\"og:type\",\"content\":\"website\"}],[\"$\",\"meta\",\"36\",{\"name\":\"twitter:card\",\"content\":\"summary\"}],[\"$\",\"meta\",\"37\",{\"name\":\"twitter:site\",\"content\":\"@abonesepeti\"}],[\"$\",\"meta\",\"38\",{\"name\":\"twitter:site:id\",\"content\":\"@abonesepeti\"}],[\"$\",\"meta\",\"39\",{\"name\":\"twitter:creator\",\"content\":\"@abonesepeti\"}],[\"$\",\"meta\",\"40\",{\"name\":\"twitter:creator:id\",\"content\":\"@abonesepeti\"}],[\"$\",\"meta\",\"41\",{\"name\":\"twitter:title\",\"content\":\"Abonesepeti\"}],[\"$\",\"meta\",\"42\",{\"name\":\"twitter:description\",\"content\":\"Abonesepeti, abonelik hizmetlerini tek bir platformda toplar size zaman ve para kazandırır.\"}],[\"$\",\"meta\",\"43\",{\"name\":\"twitter:image:alt\",\"content\":\"Abonesepeti\"}],[\"$\",\"meta\",\"44\",{\"name\":\"twitter:image:height\",\"content\":\"630\"}],[\"$\",\"meta\",\"45\",{\"name\":\"twitter:image:width\",\"content\":\"1200\"}],[\"$\",\"meta\",\"46\",{\"name\":\"twitter:image\",\"content\":\"https://abonesepeti.com/assets/images/opengraph.png\"}],[\"$\",\"meta\",\"47\",{\"property\":\"al:ios:url\",\"content\":\"https://apps.apple.com/tr/app/abonesepeti-abonelik-y%C3%B6netimi/id1603237503\"}],[\"$\",\"meta\",\"48\",{\"property\":\"al:ios:app_store_id\",\"content\":\"1603237503\"}],[\"$\",\"meta\",\"49\",{\"property\":\"al:ios:app_name\",\"content\":\"Abonesepeti\"}],[\"$\",\"meta\",\"50\",{\"property\":\"al:android:url\",\"content\":\"https://play.google.com/store/apps/details?id=com.abonesepeti.app\"}],[\"$\",\"meta\",\"51\",{\"property\":\"al:android:package\",\"content\":\"com.abonesepeti.app\"}],[\"$\",\"meta\",\"52\",{\"property\":\"al:android:app_name\",\"content\":\"Abonesepeti\"}],[\"$\",\"meta\",\"53\",{\"property\":\"al:android:class\",\"content\":\"com.abonesepeti.app.MainActivity\"}],[\"$\",\"meta\",\"54\",{\"property\":\"al:web:url\",\"content\":\"https://app.abonesepeti.com\"}],[\"$\",\"link\",\"55\",{\"rel\":\"icon\",\"href\":\"/android-chrome-192x192.png\",\"sizes\":\"192x192\",\"type\":\"image/png\"}],[\"$\",\"link\",\"56\",{\"rel\":\"icon\",\"href\":\"/android-chrome-512x512.png\",\"sizes\":\"512x512\",\"type\":\"image/png\"}],[\"$\",\"link\",\"57\",{\"rel\":\"icon\",\"href\":\"/apple-touch-icon.png\",\"sizes\":\"180x180\",\"type\":\"image/png\"}],[\"$\",\"link\",\"58\",{\"rel\":\"icon\",\"href\":\"/favicon-16x16.png\",\"sizes\":\"16x16\",\"type\":\"image/png\"}],[\"$\",\"link\",\"59\",{\"rel\":\"icon\",\"href\":\"/favicon-32x32.png\",\"sizes\":\"32x32\",\"type\":\"image/png\"}],[\"$\",\"link\",\"60\",{\"rel\":\"icon\",\"href\":\"/favicon.ico\",\"sizes\":\"32x32 48x48\",\"type\":\"/favicon.ico\"}]]\n"])</script><script>self.__next_f.push([1,"7:null\n"])</script><script>self.__next_f.push([1,"16:I[7031,[\"7970\",\"static/chunks/7970-880924e10cedcf92.js\",\"8173\",\"static/chunks/8173-ee883f8ef8b5dd9b.js\",\"5037\",\"static/chunks/5037-21d4cac44c418ca8.js\",\"7456\",\"static/chunks/7456-1f312fa7ae149d91.js\",\"6066\",\"static/chunks/6066-a2c0f9d0162f3424.js\",\"9947\",\"static/chunks/app/%5Blocale%5D/(campaigns)/layout-dbfde674d799e1a7.js\"],\"default\"]\n17:I[8979,[\"7970\",\"static/chunks/7970-880924e10cedcf92.js\",\"8173\",\"static/chunks/8173-ee883f8ef8b5dd9b.js\",\"5037\",\"static/chunks/5037-21d4cac44c418ca8.js\",\"7456\",\"static/chunks/7456-1f312fa7ae149d91.js\",\"6066\",\"static/chunks/6066-a2c0f9d0162f3424.js\",\"9947\",\"static/chunks/app/%5Blocale%5D/(campaigns)/layout-dbfde674d799e1a7.js\"],\"default\"]\n18:I[8507,[\"7970\",\"static/chunks/7970-880924e10cedcf92.js\",\"8173\",\"static/chunks/8173-ee883f8ef8b5dd9b.js\",\"1350\",\"static/chunks/1350-345b346cf83b2a32.js\",\"5\",\"static/chunks/5-e7234351b146a527.js\",\"5045\",\"static/chunks/5045-eb403e609e7dc774.js\",\"3948\",\"static/chunks/app/%5Blocale%5D/(allOther)/page-a0c3bd68e4cfdf09.js\"],\"default\"]\n"])</script><script>self.__next_f.push([1,"e:[\"$\",\"header\",null,{\"className\":\"fixed top-0 left-0 right-0 bg-white dark:bg-stone-800 z-20 shadow-md\",\"children\":[\"$\",\"div\",null,{\"className\":\"flex items-center justify-between py-0 px-4 mx-auto animate-fade-in max-w-screen-xl\",\"ref\":\"$undefined\",\"children\":[[\"$\",\"$L16\",null,{}],[\"$\",\"$L12\",null,{\"href\":\"/\",\"children\":[\"$\",\"$L11\",null,{\"src\":\"/assets/brand/logo.svg\",\"alt\":\"Logo\",\"width\":232,\"height\":57,\"className\":\"dark:brightness-0 dark:invert h-20 max-md:w-40\"}]}],[\"$\",\"$L17\",null,{\"menu\":[{\"key\":\"features\",\"href\":{\"en\":\"/features\",\"tr\":\"/ozellikler\"},\"subMenu\":[{\"label\":{\"tr\":\"Aboneliklerini Yönet\",\"en\":\"Manage Your Subscriptions\"},\"href\":{\"en\":\"/features/manage-your-subscriptions\",\"tr\":\"/ozellikler/aboneliklerini-yonet\"},\"description\":{\"en\":\"Manage all your subscriptions from a single screen, plan, track and optimize all your subscriptions from one place.\",\"tr\":\"Tüm aboneliklerinizi tek bir yerden planlayın, izleyin ve optimize edin.\"},\"icon\":\"/assets/icons/manage-subscriptions.svg\"},{\"label\":{\"en\":\"Start New Subscription\",\"tr\":\"Yeni Abonelik Başlat\"},\"href\":{\"en\":\"/features/start-new-subscription\",\"tr\":\"/ozellikler/yeni-abonelik-baslat\"},\"description\":{\"en\":\"Compare! Start your advantageous subscription, keep your money in your pocket.\",\"tr\":\"Karşılaştırın! Avantajlı aboneliğini başlatın, paranız cebinizde kalsın.\"},\"icon\":\"/assets/icons/start-new-subscription.svg\"},{\"label\":{\"en\":\"Invoice Tracking\",\"tr\":\"Fatura Takibi\"},\"href\":{\"en\":\"/features/invoice-tracking\",\"tr\":\"/ozellikler/fatura-takibi\"},\"description\":{\"en\":\"Track all your invoices from a single screen. Don't miss any payment deadlines.\",\"tr\":\"Bütün kurumların faturalarını tek bir ekrandan kolayca ödeyin. İşiniz aksamasın.\"},\"icon\":\"/assets/icons/bill-payment.svg\"},{\"label\":{\"en\":\"Easy Cancellation\",\"tr\":\"Kolay İptal\"},\"href\":{\"en\":\"/features/easy-cancellation\",\"tr\":\"/ozellikler/kolay-iptal\"},\"description\":{\"en\":\"Stop paying for subscriptions you don't need. Easily cancel your unused subscription.\",\"tr\":\"İhtiyacınız olmayan abonelikler için ödeme yapmayı bırakın. Kullanmadığınız aboneliğinizi kolayca iptal edin.\"},\"icon\":\"/assets/icons/easy-cancellation.svg\"},{\"label\":{\"en\":\"Spending Summary\",\"tr\":\"Harcama Özeti\"},\"href\":{\"en\":\"/features/spending-summary\",\"tr\":\"/ozellikler/harcama-ozeti\"},\"description\":{\"en\":\"See where your money is going and how we can improve it. Notice unnecessary expenses, save and reach your financial goals faster.\",\"tr\":\"Paranızın nereye gittiğini ve bunu nasıl iyileştirebileceğimizi görün. Gereksiz masrafları fark edin.\"},\"icon\":\"/assets/icons/spending-summary.svg\"},{\"label\":{\"en\":\"Wallet\",\"tr\":\"Cüzdan\"},\"href\":{\"en\":\"/features/wallet\",\"tr\":\"/ozellikler/cuzdan\"},\"description\":{\"en\":\"Make your payment transactions securely, quickly and easily. Keep your budget under control.\",\"tr\":\"Ödeme işlemlerinizi güvenli, hızlı ve kolay bir şekilde gerçekleştirin. Bütçenizi kontrol altına alın.\"},\"icon\":\"/assets/icons/wallet.svg\"},{\"label\":{\"en\":\"Automatic Pilot\",\"tr\":\"Otomatik Pilot Tasarrufu\"},\"href\":{\"en\":\"/features/automatic-pilot\",\"tr\":\"/ozellikler/otomatik-pilot\"},\"description\":{\"en\":\"Activate automatic pilot to save without thinking. Save more, spend less, see everything and take control of your subscriptions.\",\"tr\":\"Hiç düşünmeden tasarruf etmek için otomatik pilotu açın. Daha fazla tasarruf edin, daha az harcayın.\"},\"icon\":\"/assets/icons/auto-pilot.svg\"},{\"label\":{\"en\":\"More\",\"tr\":\"Daha Fazlası\"},\"href\":{\"en\":\"/features/more\",\"tr\":\"/ozellikler/daha-fazlasi\"},\"description\":{\"en\":\"Get an Insurance Quote, Rent a Suitable Vehicle, See Credit Options, Subscribe to Discounted Magazines and Discover More…\",\"tr\":\"Sigorta Teklifi Al, Uygun Araç Kirala, Kredi Seçeneklerini Gör, İndirimli Dergi Abonesi Ol ve Daha fazlasını keşfet…\"},\"icon\":\"/assets/icons/more.svg\"}]},{\"key\":\"solutions\",\"href\":{\"en\":\"/campaigns\",\"tr\":\"/kampanyalar\"},\"subMenu\":[{\"label\":{\"en\":\"Yönet\",\"tr\":\"Yönet\"},\"href\":{\"en\":\"https://app.abonesepeti.com/login?redirect=/subscriptions\",\"tr\":\"https://app.abonesepeti.com/login?redirect=/subscriptions\"},\"description\":{\"en\":\"Abonelik Yönet Kendine ve ailene ait abonelikleri yönet, başlama ve bitiş tarihlerini gör.\",\"tr\":\"Abonelik Yönet Kendine ve ailene ait abonelikleri yönet, başlama ve bitiş tarihlerini gör.\"},\"icon\":\"https://cms.abonesepeti.com/storage/solutions/December2024/jAkfjj6ybscZVXW5JmJB.png\"},{\"label\":{\"en\":\"Karşılaştır\",\"tr\":\"Karşılaştır\"},\"href\":{\"en\":\"https://app.abonesepeti.com/login?redirect=/comparison/institution\",\"tr\":\"https://app.abonesepeti.com/login?redirect=/comparison/institution\"},\"description\":{\"en\":\"Aboneliğini avantajlı başlat, paran cebinde kalsın.\",\"tr\":\"Aboneliğini avantajlı başlat, paran cebinde kalsın.\"},\"icon\":\"https://cms.abonesepeti.com/storage/solutions/December2024/HGFge4TODijV9wo6g3Jk.png\"},{\"label\":{\"en\":\"Fatura Öde\",\"tr\":\"Fatura Öde\"},\"href\":{\"en\":\"https://app.abonesepeti.com/login?redirect=/bills\",\"tr\":\"https://app.abonesepeti.com/login?redirect=/bills\"},\"description\":{\"en\":\"Faturanı hemen öde, fazla ödemelerinin önüne geç. Bütçeni kontrol altına al.\",\"tr\":\"Faturanı hemen öde, fazla ödemelerinin önüne geç. Bütçeni kontrol altına al.\"},\"icon\":\"https://cms.abonesepeti.com/storage/solutions/December2024/LXRiQCrhb4M7VdT5RcCE.png\"},{\"label\":{\"en\":\"Sigorta Teklifi Al\",\"tr\":\"Sigorta Teklifi Al\"},\"href\":{\"en\":\"https://app.abonesepeti.com/login?redirect=/insurance\",\"tr\":\"https://app.abonesepeti.com/login?redirect=/insurance\"},\"description\":{\"en\":\"Kasko, Trafik, Sağlık vb sigorta tekliflerini online olarak alabilirsiniz.\",\"tr\":\"Kasko, Trafik, Sağlık vb sigorta tekliflerini online olarak alabilirsiniz.\"},\"icon\":\"https://cms.abonesepeti.com/storage/solutions/December2024/dbN3AxJCTDmsUVhNKgoA.png\"},{\"label\":{\"en\":\"Kontör Yükle\",\"tr\":\"Kontör Yükle\"},\"href\":{\"en\":\"https://app.abonesepeti.com/login?redirect=/load-money\",\"tr\":\"https://app.abonesepeti.com/login?redirect=/load-money\"},\"description\":{\"en\":\"Hattına dakika ve internet paketini kolaylıkla yükle, iletişimin kesilmesin.\",\"tr\":\"Hattına dakika ve internet paketini kolaylıkla yükle, iletişimin kesilmesin.\"},\"icon\":\"https://cms.abonesepeti.com/storage/solutions/December2024/RJHNLRaTH6RQTAQPr8cx.png\"},{\"label\":{\"en\":\"Araç Kirala\",\"tr\":\"Araç Kirala\"},\"href\":{\"en\":\"https://app.abonesepeti.com/login?redirect=/try-on-app\",\"tr\":\"https://app.abonesepeti.com/login?redirect=/try-on-app\"},\"description\":{\"en\":\"Karşılaştır, ideal aracını tüm dünyada kirala\",\"tr\":\"Karşılaştır, ideal aracını tüm dünyada kirala\"},\"icon\":\"https://cms.abonesepeti.com/storage/solutions/December2024/OP4Nhu1dAsSmOfXgrS8S.png\"},{\"label\":{\"en\":\"Kolay İptal\",\"tr\":\"Kolay İptal\"},\"href\":{\"en\":\"https://app.abonesepeti.com/login?redirect=/easy-cancellation\",\"tr\":\"https://app.abonesepeti.com/login?redirect=/easy-cancellation\"},\"description\":{\"en\":\"Kullanmadığın aboneliğini kolayca iptal et.\",\"tr\":\"Kullanmadığın aboneliğini kolayca iptal et.\"},\"icon\":\"https://cms.abonesepeti.com/storage/solutions/December2024/A0zgg8GQVTy9uXv3kEZn.png\"},{\"label\":{\"en\":\"Dergi Abonesi Ol\",\"tr\":\"Dergi Abonesi Ol\"},\"href\":{\"en\":\"https://444dergi.com/\",\"tr\":\"https://444dergi.com/\"},\"description\":{\"en\":\"Bütün dergileri %60 varan indirimlerle ayağınıza getiriyoruz.\",\"tr\":\"Bütün dergileri %60 varan indirimlerle ayağınıza getiriyoruz.\"},\"icon\":\"https://cms.abonesepeti.com/storage/solutions/December2024/IGbKKtwplw360SG2rGJ1.png\"}]},{\"key\":\"campaigns\",\"href\":{\"en\":\"/campaigns\",\"tr\":\"/kampanyalar\"}},{\"key\":\"whoWeAre\",\"href\":{\"en\":\"/who-we-are\",\"tr\":\"/biz-kimiz\"}}],\"header\":\"$4:props:children:0:props:children:0:props:dictionary:header\",\"locale\":\"tr\"}],[\"$\",\"div\",null,{\"className\":\"flex items-center gap-4\",\"children\":[\"$\",\"$L12\",null,{\"href\":\"https://app.abonesepeti.com\",\"className\":\"whitespace-nowrap p-2 md:px-6 bg-primary-500 text-white rounded-full shadow-inset drop-shadow-md max-md:mx-2\",\"children\":[[\"$\",\"span\",null,{\"className\":\"max-md:hidden\",\"children\":\"Uygulamaya Git\"}],[\"$\",\"svg\",null,{\"ref\":\"$undefined\",\"xmlns\":\"http://www.w3.org/2000/svg\",\"width\":24,\"height\":24,\"viewBox\":\"0 0 24 24\",\"fill\":\"none\",\"stroke\":\"currentColor\",\"strokeWidth\":2,\"strokeLinecap\":\"round\",\"strokeLinejoin\":\"round\",\"className\":\"tabler-icon tabler-icon-user hidden max-md:block\",\"children\":[\"$undefined\",[\"$\",\"path\",\"svg-0\",{\"d\":\"M8 7a4 4 0 1 0 8 0a4 4 0 0 0 -8 0\"}],[\"$\",\"path\",\"svg-1\",{\"d\":\"M6 21v-2a4 4 0 0 1 4 -4h4a4 4 0 0 1 4 4v2\"}],\"$undefined\"]}]]}]}]]}]}]\n"])</script><script>self.__next_f.push([1,"13:[\"$\",\"$L18\",null,{\"size\":\"small\",\"appLinks\":{\"android\":{\"url\":\"https://play.google.com/store/apps/details?id=com.abonesepeti.app\",\"ariaName\":\"Android\",\"button\":\"/assets/images/appButtons/android.svg\",\"qrCode\":\"/assets/images/qrCodes/android.webp\"},\"ios\":{\"url\":\"https://apps.apple.com/tr/app/abonesepeti-abonelik-y%C3%B6netimi/id1603237503\",\"ariaName\":\"Ios\",\"button\":\"/assets/images/appButtons/ios.svg\",\"qrCode\":\"/assets/images/qrCodes/ios.webp\"},\"huawei\":{\"url\":\"https://appgallery.huawei.com/app/C110943543\",\"ariaName\":\"Huawei\",\"button\":\"/assets/images/appButtons/huawei.svg\",\"qrCode\":\"/assets/images/qrCodes/huawei.webp\"}}}]\n"])</script><script>self.__next_f.push([1,"f:[\"$\",\"div\",null,{\"className\":\"flex gap-16 items-start flex-wrap\",\"children\":[[[\"$\",\"div\",\"Kurumsal\",{\"className\":\"flex flex-col gap-6\",\"children\":[[\"$\",\"h2\",null,{\"className\":\"font-semibold\",\"children\":\"Kurumsal\"}],[\"$\",\"nav\",null,{\"className\":\"grid gap-1\",\"children\":[[\"$\",\"$L12\",\"0\",{\"href\":\"/tr/biz-kimiz\",\"aria-label\":\"Biz Kimiz\",\"rel\":\"$undefined\",\"target\":\"$undefined\",\"className\":\"hover:underline hover:underline-offset-4 py-1 transition-all underline-offset-8 decoration-transparent hover:decoration-current\",\"children\":\"Biz Kimiz\"}],[\"$\",\"$L12\",\"1\",{\"href\":\"/tr/basinda-biz\",\"aria-label\":\"Basında Biz\",\"rel\":\"$undefined\",\"target\":\"$undefined\",\"className\":\"hover:underline hover:underline-offset-4 py-1 transition-all underline-offset-8 decoration-transparent hover:decoration-current\",\"children\":\"Basında Biz\"}],[\"$\",\"$L12\",\"2\",{\"href\":\"/tr/avantajlar\",\"aria-label\":\"Avantajlar\",\"rel\":\"$undefined\",\"target\":\"$undefined\",\"className\":\"hover:underline hover:underline-offset-4 py-1 transition-all underline-offset-8 decoration-transparent hover:decoration-current\",\"children\":\"Avantajlar\"}],[\"$\",\"$L12\",\"3\",{\"href\":\"/tr/kariyer\",\"aria-label\":\"Kariyer\",\"rel\":\"$undefined\",\"target\":\"$undefined\",\"className\":\"hover:underline hover:underline-offset-4 py-1 transition-all underline-offset-8 decoration-transparent hover:decoration-current\",\"children\":\"Kariyer\"}],[\"$\",\"$L12\",\"4\",{\"href\":\"/tr/ortaklik\",\"aria-label\":\"Affiliate\",\"rel\":\"$undefined\",\"target\":\"$undefined\",\"className\":\"hover:underline hover:underline-offset-4 py-1 transition-all underline-offset-8 decoration-transparent hover:decoration-current\",\"children\":\"Affiliate\"}],[\"$\",\"$L12\",\"5\",{\"href\":\"/tr/is-ortakligi\",\"aria-label\":\"İş Ortaklığı\",\"rel\":\"$undefined\",\"target\":\"$undefined\",\"className\":\"hover:underline hover:underline-offset-4 py-1 transition-all underline-offset-8 decoration-transparent hover:decoration-current\",\"children\":\"İş Ortaklığı\"}],[\"$\",\"$L12\",\"6\",{\"href\":\"/tr/sss\",\"aria-label\":\"S.S.S\",\"rel\":\"$undefined\",\"target\":\"$undefined\",\"className\":\"hover:underline hover:underline-offset-4 py-1 transition-all underline-offset-8 decoration-transparent hover:decoration-current\",\"children\":\"S.S.S\"}],[\"$\",\"$L12\",\"7\",{\"href\":\"/tr/iletisim\",\"aria-label\":\"İletişim\",\"rel\":\"$undefined\",\"target\":\"$undefined\",\"className\":\"hover:underline hover:underline-offset-4 py-1 transition-all underline-offset-8 decoration-transparent hover:decoration-current\",\"children\":\"İletişim\"}],[\"$\",\"$L12\",\"8\",{\"href\":\"/tr/sozlesmeler\",\"aria-label\":\"Sözleşmeler\",\"rel\":\"$undefined\",\"target\":\"$undefined\",\"className\":\"hover:underline hover:underline-offset-4 py-1 transition-all underline-offset-8 decoration-transparent hover:decoration-current\",\"children\":\"Sözleşmeler\"}]]}]]}]],[[\"$\",\"div\",\"Çözümler\",{\"className\":\"flex flex-col gap-6\",\"children\":[[\"$\",\"h2\",null,{\"className\":\"font-semibold\",\"children\":\"Çözümler\"}],[\"$\",\"nav\",null,{\"className\":\"grid gap-1\",\"children\":[[\"$\",\"$L12\",\"0\",{\"href\":\"https://app.abonesepeti.com/login?redirect=/subscriptions\",\"aria-label\":\"Yönet\",\"rel\":\"noopener noreferrer\",\"target\":\"_blank\",\"className\":\"hover:underline hover:underline-offset-4 py-1 transition-all underline-offset-8 decoration-transparent hover:decoration-current\",\"children\":\"Yönet\"}],[\"$\",\"$L12\",\"1\",{\"href\":\"https://app.abonesepeti.com/login?redirect=/comparison/institution\",\"aria-label\":\"Karşılaştır\",\"rel\":\"noopener noreferrer\",\"target\":\"_blank\",\"className\":\"hover:underline hover:underline-offset-4 py-1 transition-all underline-offset-8 decoration-transparent hover:decoration-current\",\"children\":\"Karşılaştır\"}],[\"$\",\"$L12\",\"2\",{\"href\":\"https://app.abonesepeti.com/login?redirect=/bills\",\"aria-label\":\"Fatura Öde\",\"rel\":\"noopener noreferrer\",\"target\":\"_blank\",\"className\":\"hover:underline hover:underline-offset-4 py-1 transition-all underline-offset-8 decoration-transparent hover:decoration-current\",\"children\":\"Fatura Öde\"}],[\"$\",\"$L12\",\"3\",{\"href\":\"https://app.abonesepeti.com/login?redirect=/insurance\",\"aria-label\":\"Sigorta Teklifi Al\",\"rel\":\"noopener noreferrer\",\"target\":\"_blank\",\"className\":\"hover:underline hover:underline-offset-4 py-1 transition-all underline-offset-8 decoration-transparent hover:decoration-current\",\"children\":\"Sigorta Teklifi Al\"}],[\"$\",\"$L12\",\"4\",{\"href\":\"https://app.abonesepeti.com/login?redirect=/load-money\",\"aria-label\":\"Kontör Yükle\",\"rel\":\"noopener noreferrer\",\"target\":\"_blank\",\"className\":\"hover:underline hover:underline-offset-4 py-1 transition-all underline-offset-8 decoration-transparent hover:decoration-current\",\"children\":\"Kontör Yükle\"}],[\"$\",\"$L12\",\"5\",{\"href\":\"https://app.abonesepeti.com/login?redirect=/try-on-app\",\"aria-label\":\"Araç Kirala\",\"rel\":\"noopener noreferrer\",\"target\":\"_blank\",\"className\":\"hover:underline hover:underline-offset-4 py-1 transition-all underline-offset-8 decoration-transparent hover:decoration-current\",\"children\":\"Araç Kirala\"}],[\"$\",\"$L12\",\"6\",{\"href\":\"https://app.abonesepeti.com/login?redirect=/easy-cancellation\",\"aria-label\":\"Kolay İptal\",\"rel\":\"noopener noreferrer\",\"target\":\"_blank\",\"className\":\"hover:underline hover:underline-offset-4 py-1 transition-all underline-offset-8 decoration-transparent hover:decoration-current\",\"children\":\"Kolay İptal\"}],[\"$\",\"$L12\",\"7\",{\"href\":\"https://444dergi.com/\",\"aria-label\":\"Dergi Abonesi Ol\",\"rel\":\"noopener noreferrer\",\"target\":\"_blank\",\"className\":\"hover:underline hover:underline-offset-4 py-1 transition-all underline-offset-8 decoration-transparent hover:decoration-current\",\"children\":\"Dergi Abonesi Ol\"}]]}]]}]],[[\"$\",\"div\",\"Diğer İşlemler\",{\"className\":\"flex flex-col gap-6\",\"children\":[[\"$\",\"h2\",null,{\"className\":\"font-semibold\",\"children\":\"Diğer İşlemler\"}],[\"$\",\"nav\",null,{\"className\":\"grid gap-1\",\"children\":[[\"$\",\"$L12\",\"0\",{\"href\":\"https://www.turkiye.gov.tr/btk-mobil-sabit-internet-kablo-tv-uydu-isletmecilerinden-borc-ve-alacak-sorgulama\",\"aria-label\":\"Adınıza Kayıtlı Abonelikler\",\"rel\":\"$undefined\",\"target\":\"$undefined\",\"className\":\"hover:underline hover:underline-offset-4 py-1 transition-all underline-offset-8 decoration-transparent hover:decoration-current\",\"children\":\"Adınıza Kayıtlı Abonelikler\"}],[\"$\",\"$L12\",\"1\",{\"href\":\"https://abonesepeti.com/tr/altyapi-sorgulama\",\"aria-label\":\"Altyapı Sorgulama\",\"rel\":\"$undefined\",\"target\":\"$undefined\",\"className\":\"hover:underline hover:underline-offset-4 py-1 transition-all underline-offset-8 decoration-transparent hover:decoration-current\",\"children\":\"Altyapı Sorgulama\"}],[\"$\",\"$L12\",\"2\",{\"href\":\"/hiz-testi\",\"aria-label\":\"İnternet Hız Testi\",\"rel\":\"$undefined\",\"target\":\"$undefined\",\"className\":\"hover:underline hover:underline-offset-4 py-1 transition-all underline-offset-8 decoration-transparent hover:decoration-current\",\"children\":\"İnternet Hız Testi\"}],[\"$\",\"$L12\",\"3\",{\"href\":\"/tr/ip-adresim\",\"aria-label\":\"IP Adresim Nedir?\",\"rel\":\"$undefined\",\"target\":\"$undefined\",\"className\":\"hover:underline hover:underline-offset-4 py-1 transition-all underline-offset-8 decoration-transparent hover:decoration-current\",\"children\":\"IP Adresim Nedir?\"}]]}]]}]]]}]\n"])</script><script>self.__next_f.push([1,"1a:I[3006,[\"7970\",\"static/chunks/7970-880924e10cedcf92.js\",\"8173\",\"static/chunks/8173-ee883f8ef8b5dd9b.js\",\"1350\",\"static/chunks/1350-345b346cf83b2a32.js\",\"5\",\"static/chunks/5-e7234351b146a527.js\",\"5045\",\"static/chunks/5045-eb403e609e7dc774.js\",\"3948\",\"static/chunks/app/%5Blocale%5D/(allOther)/page-a0c3bd68e4cfdf09.js\"],\"default\"]\n1c:I[8414,[\"7970\",\"static/chunks/7970-880924e10cedcf92.js\",\"8173\",\"static/chunks/8173-ee883f8ef8b5dd9b.js\",\"1350\",\"static/chunks/1350-345b346cf83b2a32.js\",\"5\",\"static/chunks/5-e7234351b146a527.js\",\"5045\",\"static/chunks/5045-eb403e609e7dc774.js\",\"3948\",\"static/chunks/app/%5Blocale%5D/(allOther)/page-a0c3bd68e4cfdf09.js\"],\"default\"]\n1d:I[5237,[\"7970\",\"static/chunks/7970-880924e10cedcf92.js\",\"8173\",\"static/chunks/8173-ee883f8ef8b5dd9b.js\",\"1350\",\"static/chunks/1350-345b346cf83b2a32.js\",\"5\",\"static/chunks/5-e7234351b146a527.js\",\"5045\",\"static/chunks/5045-eb403e609e7dc774.js\",\"3948\",\"static/chunks/app/%5Blocale%5D/(allOther)/page-a0c3bd68e4cfdf09.js\"],\"default\"]\n23:I[3704,[\"7970\",\"static/chunks/7970-880924e10cedcf92.js\",\"8173\",\"static/chunks/8173-ee883f8ef8b5dd9b.js\",\"1350\",\"static/chunks/1350-345b346cf83b2a32.js\",\"5\",\"static/chunks/5-e7234351b146a527.js\",\"5045\",\"static/chunks/5045-eb403e609e7dc774.js\",\"3948\",\"static/chunks/app/%5Blocale%5D/(allOther)/page-a0c3bd68e4cfdf09.js\"],\"\"]\n24:T82c,"])</script><script>self.__next_f.push([1,"{\"@context\":\"https://schema.org\",\"@type\":\"Organization\",\"address\":{\"@type\":\"PostalAddress\",\"streetAddress\":\"Oruç Reis Mah Koza Plaza B Blok Kat : 13, Tekstilkent Cd, 34218 Esenler/İstanbul\",\"addressLocality\":\"Istanbul\",\"postalCode\":\"34218\",\"addressCountry\":\"Turkey\"},\"@id\":\"https://abonesepeti.com\",\"areaServed\":\"TR\",\"contactPoint\":{\"@type\":\"ContactPoint\",\"email\":\"info@abonesepeti.com\",\"telephone\":\"+90-0212-809-00-00\"},\"telephone\":\"+90-0212-809-00-00\",\"email\":\"info@abonesepeti.com\",\"brand\":\"AboneSepeti\",\"logo\":\"https://abonesepeti.com/android-chrome-512x512.png\",\"name\":\"AboneSepeti\",\"sameAs\":[\"https://www.youtube.com/abonesepeti\",\"https://www.linkedin.com/company/abonesepeti/about/\",\"https://www.facebook.com/abonesepeti/\",\"https://twitter.com/abonesepeti\",\"https://www.instagram.com/abonesepeti\"],\"founder\":[{\"@context\":\"https://schema.org\",\"@type\":\"Person\",\"givenName\":\"Deniz\",\"familyName\":\"Okumuş\",\"name\":\"Deniz Okumuş\",\"gender\":\"Male\",\"jobTitle\":\"CEO\",\"email\":\"do@abonesepeti.com\",\"telephone\":\"+90-532-280-19-78\",\"url\":\"https://denizokumus.com\"},{\"@context\":\"https://schema.org\",\"@type\":\"Person\",\"givenName\":\"Müjgan\",\"familyName\":\"Aydin\",\"name\":\"Müjgan Aydin\",\"gender\":\"Female\",\"jobTitle\":\"CMO\",\"email\":\"mujgan@abonesepeti.com\",\"telephone\":\"+90-542-520-85-42\",\"url\":\"https://taplink.cc/mujgangil\"}],\"image\":\"https://abonesepeti.com/android-chrome-512x512.png\",\"slogan\":\"Paradan ve zamandan tasarruf edin.\",\"description\":\"Abonesepeti, abonelik hizmetlerini tek bir platformda toplar size zaman ve para kazandırır.\",\"keywords\":\"abonelik, hizmet, para, tasarruf, internet, su, telefon, elektrik, doğalgaz, fatura, ödeme\",\"url\":\"https://abonesepeti.com\",\"legalName\":\"AboneSepeti\",\"knowsAbout\":[\"Abonelik Yönetimi\",\"Fatura Ödeme\",\"Cebe Tl Yükleme\",\"Abonelik Başlatma\",\"Abonelik Karşılaştırma\",\"Abonelik Kampanyaları\"],\"knowsLanguage\":[\"TR\",\"EN\"],\"location\":{\"@type\":\"Place\",\"name\":\"AboneSepeti\",\"address\":\"Oruç Reis Mah Koza Plaza B Blok Kat : 13, Tekstilkent Cd, 34218 Esenler/İstanbul\",\"geo\":{\"@type\":\"GeoCoordinates\",\"latitude\":\"41.0642\",\"longitude\":\"28.8574\"}}}"])</script><script>self.__next_f.push([1,"5:[\"$L19\",[\"$\",\"div\",null,{\"className\":\"bg-stone-100 dark:bg-stone-900\",\"children\":[\"$\",\"div\",null,{\"className\":\"mx-auto animate-fade-in p-4 max-w-screen-xl\",\"ref\":\"$undefined\",\"children\":[\"$\",\"$L1a\",null,{\"dictionary\":\"$4:props:children:0:props:children:0:props:dictionary\",\"achievements\":[{\"key\":\"categories\",\"value\":\"34\"},{\"key\":\"brands\",\"value\":\"202\"},{\"key\":\"campaigns\",\"value\":\"283\"},{\"key\":\"users\",\"value\":\"272.473\"}]}]}]}],\"$L1b\",[\"$\",\"div\",null,{\"className\":\"p-0 mx-auto animate-fade-in p-4 max-w-screen-xl\",\"ref\":\"$undefined\",\"children\":[\"$\",\"video\",null,{\"loop\":true,\"muted\":true,\"controls\":true,\"autoPlay\":true,\"playsInline\":true,\"src\":\"/assets/videos/intro.mp4\",\"className\":\"aspect-video rounded-2xl my-20\"}]}],[\"$\",\"div\",null,{\"className\":\"bg-sea bg-center bg-cover\",\"children\":[\"$\",\"div\",null,{\"className\":\"grid place-items-center mx-auto animate-fade-in p-4 max-w-screen-xl\",\"ref\":\"$undefined\",\"children\":[\"$\",\"ul\",null,{\"className\":\"text-white my-24 gap-8 grid grid-cols-1 md:grid-cols-3\",\"children\":[[\"$\",\"$L1c\",\"0\",{\"title\":\"Kolay Abonelik Yönetimi\",\"description\":\"Aboneliklerinizi bir daha asla kaçırmayın! Tüm aboneliklerinizi tek yerde yönetin, düzenli kalın ve istenmeyen yenilemelerden kaçının.\"}],[\"$\",\"$L1c\",\"1\",{\"title\":\"Bütçenizi Kontrol Altında Tutun\",\"description\":\"Size uygun bütçeler belirleyin ve harcamalarınızı kolayca takip edin. Abonesepeti her ay daha akıllı tasarruf etmenizi sağlar.\"}],[\"$\",\"$L1c\",\"2\",{\"title\":\"Abonelikleriniz için Akıllı Hatırlatmalar\",\"description\":\"Yaklaşan yenileme ve ödeme hatırlatmalarını zamanında alın, kontrolü elinizde tutun ve sürprizlerden kaçının.\"}]]}]}]}],[\"$\",\"div\",null,{\"className\":\"bg-stone-100 dark:bg-stone-900\",\"children\":[\"$\",\"div\",null,{\"className\":\"flex justify-between items-center max-lg:flex-col gap-4 lg:gap-8 p-8 mx-auto animate-fade-in max-w-screen-xl\",\"ref\":\"$undefined\",\"children\":[[\"$\",\"div\",null,{\"className\":\"flex items-center gap-4 lg:gap-8 max-lg:flex-col\",\"children\":[[\"$\",\"$L11\",null,{\"src\":\"/assets/brand/amblem.svg\",\"alt\":\"Amblem\",\"width\":74,\"height\":74,\"className\":\"dark:brightness-0 dark:invert\"}],[\"$\",\"$L1d\",null,{\"dictionary\":\"$4:props:children:0:props:children:0:props:dictionary\"}]]}],\"$L1e\"]}]}],\"$L1f\",\"$L20\",\"$L21\",\"$L22\",[\"$\",\"$L23\",null,{\"id\":\"schema-org\",\"type\":\"application/ld+json\",\"dangerouslySetInnerHTML\":{\"__html\":\"$24\"}}]]\n"])</script><script>self.__next_f.push([1,"25:I[3104,[\"7970\",\"static/chunks/7970-880924e10cedcf92.js\",\"8173\",\"static/chunks/8173-ee883f8ef8b5dd9b.js\",\"1350\",\"static/chunks/1350-345b346cf83b2a32.js\",\"5\",\"static/chunks/5-e7234351b146a527.js\",\"5045\",\"static/chunks/5045-eb403e609e7dc774.js\",\"3948\",\"static/chunks/app/%5Blocale%5D/(allOther)/page-a0c3bd68e4cfdf09.js\"],\"default\"]\n1e:[\"$\",\"$L18\",null,{\"size\":\"large\",\"appLinks\":{\"android\":{\"url\":\"https://play.google.com/store/apps/details?id=com.abonesepeti.app\",\"ariaName\":\"Android\",\"button\":\"/assets/images/appButtons/android.svg\",\"qrCode\":\"/assets/images/qrCodes/android.webp\"},\"ios\":{\"url\":\"https://apps.apple.com/tr/app/abonesepeti-abonelik-y%C3%B6netimi/id1603237503\",\"ariaName\":\"Ios\",\"button\":\"/assets/images/appButtons/ios.svg\",\"qrCode\":\"/assets/images/qrCodes/ios.webp\"},\"huawei\":{\"url\":\"https://appgallery.huawei.com/app/C110943543\",\"ariaName\":\"Huawei\",\"button\":\"/assets/images/appButtons/huawei.svg\",\"qrCode\":\"/assets/images/qrCodes/huawei.webp\"}}}]\n1f:[[\"$\",\"div\",null,{\"className\":\"text-center flex flex-col gap-8 mix-blend-difference text-white my-16 items-center mx-auto animate-fade-in p-4 max-w-screen-md\",\"ref\":\"$undefined\",\"children\":[\"$\",\"h2\",null,{\"className\":\"text-3xl font-semibold max-w-sm\",\"children\":\"Aboneliklerinizi Kolayca Yönetin\"}]}],[\"$\",\"div\",null,{\"className\":\"flex flex-col gap-8 my-16\",\"children\":[[\"$\",\"$L25\",\"0\",{\"reverse\":true,\"brands\":[\"arvento\",\"444dergi\",\"atlantis\",\"bein-connect\",\"bein-sport\",\"blutv\",\"bundes-liga\",\"byfog-kulup\",\"champion-league\",\"dask\",\"digiturk-neo\",\"digiturk\",\"dsmart\",\"eber-eats\",\"eplanet-internet\",\"eurolig\",\"extranet\",\"exxen\"]}],[\"$\",\"$L25\",\"1\",{\"reverse\":false,\"brands\":[\"fastcompany\",\"filmbox\",\"fraktal\",\"gain\",\"goknet\",\"igdas\",\"iski\",\"kale-alarm\",\"laliga\",\"magazanolsun\",\"mahrek\",\"mobiliz\",\"netflix\",\"odeal\",\"oris-telekom\",\"peer-bie\",\"premier-leage\",\"pronet\"]}],[\"$\",\"$L25\",\"2\",{\"reverse\":true,\"brands\":[\"ready-for-change\",\"rebee\",\"secom\",\"serie-a\",\"sok-net\",\"ssport\",\"super-lig\",\"tivibu\",\"tod\",\"trio-mobil\",\"turk-telekom\",\"turkcell-superonline\",\"turkcell\",\"turkkep\",\"turknet"])</script><script>self.__next_f.push([1,"\",\"turksat-kablo\",\"vodafone\"]}]]}]]\n"])</script><script>self.__next_f.push([1,"26:I[617,[\"7970\",\"static/chunks/7970-880924e10cedcf92.js\",\"8173\",\"static/chunks/8173-ee883f8ef8b5dd9b.js\",\"1350\",\"static/chunks/1350-345b346cf83b2a32.js\",\"5\",\"static/chunks/5-e7234351b146a527.js\",\"5045\",\"static/chunks/5045-eb403e609e7dc774.js\",\"3948\",\"static/chunks/app/%5Blocale%5D/(allOther)/page-a0c3bd68e4cfdf09.js\"],\"default\"]\n27:I[8629,[\"7970\",\"static/chunks/7970-880924e10cedcf92.js\",\"8173\",\"static/chunks/8173-ee883f8ef8b5dd9b.js\",\"1350\",\"static/chunks/1350-345b346cf83b2a32.js\",\"5\",\"static/chunks/5-e7234351b146a527.js\",\"5045\",\"static/chunks/5045-eb403e609e7dc774.js\",\"3948\",\"static/chunks/app/%5Blocale%5D/(allOther)/page-a0c3bd68e4cfdf09.js\"],\"default\"]\n"])</script><script>self.__next_f.push([1,"19:[\"$\",\"div\",null,{\"className\":\"-mt-24 pt-24 -mb-28 pb-28 grid place-items-center bg-hero bg-fill bg-center min-h-[min(100vh,80rem)]\",\"children\":[\"$\",\"div\",null,{\"className\":\"flex gap-x-12 max-lg:flex-col-reverse w-full items-center mx-auto animate-fade-in p-4 max-w-screen-xl\",\"ref\":\"$undefined\",\"children\":[[\"$\",\"article\",null,{\"className\":\"flex flex-col gap-6 max-w-screen-sm\",\"children\":[[\"$\",\"h1\",null,{\"id\":\"hero-title\",\"className\":\"text-hero-title font-bold text-balance\",\"dangerouslySetInnerHTML\":{\"__html\":\"Tüm \u003cspan\u003eAboneliklerinizi\u003c/span\u003e Tek Bir Yerden Yönetin\"}}],[\"$\",\"p\",null,{\"className\":\"text-2xl\",\"children\":\"Bütün aboneliklerinizi tek bir yerden planlayın, izleyin ve optimize edin. Böylelikle ilk hizmet baslangıcından abonelik iptal sürecine kadar tüm abonelik işleminizi tek yerden kolaylıkla gerçekleştirin, zamandan ve paradan tasarruf edin.\"}],[\"$\",\"strong\",null,{\"className\":\"text-2xl mt-6\",\"children\":\"Ücretsiz deneyin!\"}],[\"$\",\"div\",null,{\"className\":\"flex items-center gap-2\",\"children\":[[\"$\",\"div\",null,{\"className\":\"w-20 h-4 relative\",\"children\":[[\"$\",\"div\",null,{\"className\":\"absolute top-0 left-0 flex\",\"children\":[[\"$\",\"svg\",\"0\",{\"ref\":\"$undefined\",\"xmlns\":\"http://www.w3.org/2000/svg\",\"width\":24,\"height\":24,\"viewBox\":\"0 0 24 24\",\"fill\":\"currentColor\",\"stroke\":\"none\",\"className\":\"tabler-icon tabler-icon-star-filled w-4 h-4 text-gray-400\",\"children\":[\"$undefined\",[\"$\",\"path\",\"svg-0\",{\"d\":\"M8.243 7.34l-6.38 .925l-.113 .023a1 1 0 0 0 -.44 1.684l4.622 4.499l-1.09 6.355l-.013 .11a1 1 0 0 0 1.464 .944l5.706 -3l5.693 3l.1 .046a1 1 0 0 0 1.352 -1.1l-1.091 -6.355l4.624 -4.5l.078 -.085a1 1 0 0 0 -.633 -1.62l-6.38 -.926l-2.852 -5.78a1 1 0 0 0 -1.794 0l-2.853 5.78z\"}],\"$undefined\"]}],[\"$\",\"svg\",\"1\",{\"ref\":\"$undefined\",\"xmlns\":\"http://www.w3.org/2000/svg\",\"width\":24,\"height\":24,\"viewBox\":\"0 0 24 24\",\"fill\":\"currentColor\",\"stroke\":\"none\",\"className\":\"tabler-icon tabler-icon-star-filled w-4 h-4 text-gray-400\",\"children\":[\"$undefined\",[\"$\",\"path\",\"svg-0\",{\"d\":\"M8.243 7.34l-6.38 .925l-.113 .023a1 1 0 0 0 -.44 1.684l4.622 4.499l-1.09 6.355l-.013 .11a1 1 0 0 0 1.464 .944l5.706 -3l5.693 3l.1 .046a1 1 0 0 0 1.352 -1.1l-1.091 -6.355l4.624 -4.5l.078 -.085a1 1 0 0 0 -.633 -1.62l-6.38 -.926l-2.852 -5.78a1 1 0 0 0 -1.794 0l-2.853 5.78z\"}],\"$undefined\"]}],[\"$\",\"svg\",\"2\",{\"ref\":\"$undefined\",\"xmlns\":\"http://www.w3.org/2000/svg\",\"width\":24,\"height\":24,\"viewBox\":\"0 0 24 24\",\"fill\":\"currentColor\",\"stroke\":\"none\",\"className\":\"tabler-icon tabler-icon-star-filled w-4 h-4 text-gray-400\",\"children\":[\"$undefined\",[\"$\",\"path\",\"svg-0\",{\"d\":\"M8.243 7.34l-6.38 .925l-.113 .023a1 1 0 0 0 -.44 1.684l4.622 4.499l-1.09 6.355l-.013 .11a1 1 0 0 0 1.464 .944l5.706 -3l5.693 3l.1 .046a1 1 0 0 0 1.352 -1.1l-1.091 -6.355l4.624 -4.5l.078 -.085a1 1 0 0 0 -.633 -1.62l-6.38 -.926l-2.852 -5.78a1 1 0 0 0 -1.794 0l-2.853 5.78z\"}],\"$undefined\"]}],[\"$\",\"svg\",\"3\",{\"ref\":\"$undefined\",\"xmlns\":\"http://www.w3.org/2000/svg\",\"width\":24,\"height\":24,\"viewBox\":\"0 0 24 24\",\"fill\":\"currentColor\",\"stroke\":\"none\",\"className\":\"tabler-icon tabler-icon-star-filled w-4 h-4 text-gray-400\",\"children\":[\"$undefined\",[\"$\",\"path\",\"svg-0\",{\"d\":\"M8.243 7.34l-6.38 .925l-.113 .023a1 1 0 0 0 -.44 1.684l4.622 4.499l-1.09 6.355l-.013 .11a1 1 0 0 0 1.464 .944l5.706 -3l5.693 3l.1 .046a1 1 0 0 0 1.352 -1.1l-1.091 -6.355l4.624 -4.5l.078 -.085a1 1 0 0 0 -.633 -1.62l-6.38 -.926l-2.852 -5.78a1 1 0 0 0 -1.794 0l-2.853 5.78z\"}],\"$undefined\"]}],[\"$\",\"svg\",\"4\",{\"ref\":\"$undefined\",\"xmlns\":\"http://www.w3.org/2000/svg\",\"width\":24,\"height\":24,\"viewBox\":\"0 0 24 24\",\"fill\":\"currentColor\",\"stroke\":\"none\",\"className\":\"tabler-icon tabler-icon-star-filled w-4 h-4 text-gray-400\",\"children\":[\"$undefined\",[\"$\",\"path\",\"svg-0\",{\"d\":\"M8.243 7.34l-6.38 .925l-.113 .023a1 1 0 0 0 -.44 1.684l4.622 4.499l-1.09 6.355l-.013 .11a1 1 0 0 0 1.464 .944l5.706 -3l5.693 3l.1 .046a1 1 0 0 0 1.352 -1.1l-1.091 -6.355l4.624 -4.5l.078 -.085a1 1 0 0 0 -.633 -1.62l-6.38 -.926l-2.852 -5.78a1 1 0 0 0 -1.794 0l-2.853 5.78z\"}],\"$undefined\"]}]]}],[\"$\",\"div\",null,{\"className\":\"absolute top-0 left-0 flex\",\"style\":{\"clipPath\":\"inset(0 4.3999999999999915% 0 0)\"},\"children\":[[\"$\",\"svg\",\"0\",{\"ref\":\"$undefined\",\"xmlns\":\"http://www.w3.org/2000/svg\",\"width\":24,\"height\":24,\"viewBox\":\"0 0 24 24\",\"fill\":\"currentColor\",\"stroke\":\"none\",\"className\":\"tabler-icon tabler-icon-star-filled w-4 h-4 text-yellow-400\",\"children\":[\"$undefined\",[\"$\",\"path\",\"svg-0\",{\"d\":\"M8.243 7.34l-6.38 .925l-.113 .023a1 1 0 0 0 -.44 1.684l4.622 4.499l-1.09 6.355l-.013 .11a1 1 0 0 0 1.464 .944l5.706 -3l5.693 3l.1 .046a1 1 0 0 0 1.352 -1.1l-1.091 -6.355l4.624 -4.5l.078 -.085a1 1 0 0 0 -.633 -1.62l-6.38 -.926l-2.852 -5.78a1 1 0 0 0 -1.794 0l-2.853 5.78z\"}],\"$undefined\"]}],[\"$\",\"svg\",\"1\",{\"ref\":\"$undefined\",\"xmlns\":\"http://www.w3.org/2000/svg\",\"width\":24,\"height\":24,\"viewBox\":\"0 0 24 24\",\"fill\":\"currentColor\",\"stroke\":\"none\",\"className\":\"tabler-icon tabler-icon-star-filled w-4 h-4 text-yellow-400\",\"children\":[\"$undefined\",[\"$\",\"path\",\"svg-0\",{\"d\":\"M8.243 7.34l-6.38 .925l-.113 .023a1 1 0 0 0 -.44 1.684l4.622 4.499l-1.09 6.355l-.013 .11a1 1 0 0 0 1.464 .944l5.706 -3l5.693 3l.1 .046a1 1 0 0 0 1.352 -1.1l-1.091 -6.355l4.624 -4.5l.078 -.085a1 1 0 0 0 -.633 -1.62l-6.38 -.926l-2.852 -5.78a1 1 0 0 0 -1.794 0l-2.853 5.78z\"}],\"$undefined\"]}],[\"$\",\"svg\",\"2\",{\"ref\":\"$undefined\",\"xmlns\":\"http://www.w3.org/2000/svg\",\"width\":24,\"height\":24,\"viewBox\":\"0 0 24 24\",\"fill\":\"currentColor\",\"stroke\":\"none\",\"className\":\"tabler-icon tabler-icon-star-filled w-4 h-4 text-yellow-400\",\"children\":[\"$undefined\",[\"$\",\"path\",\"svg-0\",{\"d\":\"M8.243 7.34l-6.38 .925l-.113 .023a1 1 0 0 0 -.44 1.684l4.622 4.499l-1.09 6.355l-.013 .11a1 1 0 0 0 1.464 .944l5.706 -3l5.693 3l.1 .046a1 1 0 0 0 1.352 -1.1l-1.091 -6.355l4.624 -4.5l.078 -.085a1 1 0 0 0 -.633 -1.62l-6.38 -.926l-2.852 -5.78a1 1 0 0 0 -1.794 0l-2.853 5.78z\"}],\"$undefined\"]}],[\"$\",\"svg\",\"3\",{\"ref\":\"$undefined\",\"xmlns\":\"http://www.w3.org/2000/svg\",\"width\":24,\"height\":24,\"viewBox\":\"0 0 24 24\",\"fill\":\"currentColor\",\"stroke\":\"none\",\"className\":\"tabler-icon tabler-icon-star-filled w-4 h-4 text-yellow-400\",\"children\":[\"$undefined\",[\"$\",\"path\",\"svg-0\",{\"d\":\"M8.243 7.34l-6.38 .925l-.113 .023a1 1 0 0 0 -.44 1.684l4.622 4.499l-1.09 6.355l-.013 .11a1 1 0 0 0 1.464 .944l5.706 -3l5.693 3l.1 .046a1 1 0 0 0 1.352 -1.1l-1.091 -6.355l4.624 -4.5l.078 -.085a1 1 0 0 0 -.633 -1.62l-6.38 -.926l-2.852 -5.78a1 1 0 0 0 -1.794 0l-2.853 5.78z\"}],\"$undefined\"]}],[\"$\",\"svg\",\"4\",{\"ref\":\"$undefined\",\"xmlns\":\"http://www.w3.org/2000/svg\",\"width\":24,\"height\":24,\"viewBox\":\"0 0 24 24\",\"fill\":\"currentColor\",\"stroke\":\"none\",\"className\":\"tabler-icon tabler-icon-star-filled w-4 h-4 text-yellow-400\",\"children\":[\"$undefined\",[\"$\",\"path\",\"svg-0\",{\"d\":\"M8.243 7.34l-6.38 .925l-.113 .023a1 1 0 0 0 -.44 1.684l4.622 4.499l-1.09 6.355l-.013 .11a1 1 0 0 0 1.464 .944l5.706 -3l5.693 3l.1 .046a1 1 0 0 0 1.352 -1.1l-1.091 -6.355l4.624 -4.5l.078 -.085a1 1 0 0 0 -.633 -1.62l-6.38 -.926l-2.852 -5.78a1 1 0 0 0 -1.794 0l-2.853 5.78z\"}],\"$undefined\"]}]]}]]}],\"4.78\"]}],[\"$\",\"$L26\",null,{\"locale\":\"tr\",\"appLinks\":{\"android\":{\"url\":\"https://play.google.com/store/apps/details?id=com.abonesepeti.app\",\"ariaName\":\"Android\",\"button\":\"/assets/images/appButtons/android.svg\",\"qrCode\":\"/assets/images/qrCodes/android.webp\"},\"ios\":{\"url\":\"https://apps.apple.com/tr/app/abonesepeti-abonelik-y%C3%B6netimi/id1603237503\",\"ariaName\":\"Ios\",\"button\":\"/assets/images/appButtons/ios.svg\",\"qrCode\":\"/assets/images/qrCodes/ios.webp\"},\"huawei\":{\"url\":\"https://appgallery.huawei.com/app/C110943543\",\"ariaName\":\"Huawei\",\"button\":\"/assets/images/appButtons/huawei.svg\",\"qrCode\":\"/assets/images/qrCodes/huawei.webp\"}},\"sentence\":\"Hemen Ücretsiz İndir\"}],[\"$\",\"div\",null,{\"className\":\"flex flex-wrap gap-3\",\"children\":[[\"$\",\"$L12\",\"0\",{\"href\":\"/download\",\"className\":\"text-lg whitespace-nowrap\",\"children\":\"Android\"}],[\"$\",\"$L12\",\"1\",{\"href\":\"/download\",\"className\":\"text-lg whitespace-nowrap\",\"children\":\"iOS\"}],[\"$\",\"$L12\",\"2\",{\"href\":\"/download\",\"className\":\"text-lg whitespace-nowrap\",\"children\":\"Huawei\"}],[\"$\",\"$L12\",\"3\",{\"href\":\"/download\",\"className\":\"text-lg whitespace-nowrap\",\"children\":\"Windows\"}],[\"$\",\"$L12\",\"4\",{\"href\":\"/download\",\"className\":\"text-lg whitespace-nowrap\",\"children\":\"Mac OS\"}],[\"$\",\"$L12\",\"5\",{\"href\":\"/download\",\"className\":\"text-lg whitespace-nowrap\",\"children\":\"Linux\"}],[\"$\",\"$L12\",\"6\",{\"href\":\"/download\",\"className\":\"text-lg whitespace-nowrap\",\"children\":\"BSD\"}]]}]]}],[\"$\",\"$L27\",null,{\"slides\":[\"https://cms.abonesepeti.com/storage/home-hore-images/December2024/s7NodJ10qpRILgzWALJ0.PNG\",\"https://cms.abonesepeti.com/storage/home-hore-images/December2024/tjYiPYyHnlbY5bOdrrih.PNG\",\"https://cms.abonesepeti.com/storage/home-hore-images/December2024/3UTyFtsY3F8XYo1c597d.PNG\",\"https://cms.abonesepeti.com/storage/home-hore-images/December2024/pwWYB51cPsJlbhZ7z7Gw.PNG\",\"https://cms.abonesepeti.com/storage/home-hore-images/December2024/0MqcZUUSssUqJyKoJLP7.PNG\",\"https://cms.abonesepeti.com/storage/home-hore-images/December2024/eRNa9rgrKcjL3Vv5Er3I.PNG\",\"https://cms.abonesepeti.com/storage/home-hore-images/December2024/ArMPKsO1psfWlufW7Lym.PNG\"]}]]}]}]\n"])</script><script>self.__next_f.push([1,"28:I[7715,[\"7970\",\"static/chunks/7970-880924e10cedcf92.js\",\"8173\",\"static/chunks/8173-ee883f8ef8b5dd9b.js\",\"1350\",\"static/chunks/1350-345b346cf83b2a32.js\",\"5\",\"static/chunks/5-e7234351b146a527.js\",\"5045\",\"static/chunks/5045-eb403e609e7dc774.js\",\"3948\",\"static/chunks/app/%5Blocale%5D/(allOther)/page-a0c3bd68e4cfdf09.js\"],\"default\"]\n29:I[5447,[\"7970\",\"static/chunks/7970-880924e10cedcf92.js\",\"8173\",\"static/chunks/8173-ee883f8ef8b5dd9b.js\",\"1350\",\"static/chunks/1350-345b346cf83b2a32.js\",\"5\",\"static/chunks/5-e7234351b146a527.js\",\"5045\",\"static/chunks/5045-eb403e609e7dc774.js\",\"3948\",\"static/chunks/app/%5Blocale%5D/(allOther)/page-a0c3bd68e4cfdf09.js\"],\"default\"]\n"])</script><script>self.__next_f.push([1,"1b:[\"$\",\"div\",null,{\"className\":\"py-16\",\"children\":[[\"$\",\"hgroup\",null,{\"className\":\"text-center sm:my-12 p-4\",\"children\":[[\"$\",\"h2\",null,{\"className\":\"text-3xl mb-2 font-semibold\",\"children\":\"Aboneliklerinizi kontrol altına alın\"}],[\"$\",\"p\",null,{\"className\":\"text-xl max-w-2xl mx-auto\",\"children\":\"Abonesepeti, daha fazla tasarruf etmenizi, daha az harcamanızı, her şeyi görmenizi ve aboneliklerinizin kontrolünü elinize almanızı sağlar.\"}]]}],[\"$\",\"div\",null,{\"className\":\"md:grid md:grid-cols-sticky-slide gap-8 gap-y-16 flex flex-col mx-auto animate-fade-in p-4 max-w-screen-xl\",\"ref\":\"$undefined\",\"children\":[[\"$\",\"$1\",\"0\",{\"children\":[[\"$\",\"div\",null,{\"style\":{\"order\":0},\"className\":\"p-8 rounded-2xl space-y-6 md:!order-[unset] bg-stone-100 dark:bg-stone-900 shadow-md self-center\",\"children\":[[\"$\",\"h3\",null,{\"className\":\"text-3xl font-medium\",\"children\":\"Abonelik Harcama İçgörüleri\"}],[\"$\",\"p\",null,{\"className\":\"text-xl\",\"children\":\"Tüm aboneliklerinizdeki harcamaları tek bir ekranda izleyin. Paranızın nereye gittiğini ve bunu nasıl iyileştirebileceğimizi görün. Gereksiz masrafları fark edin, tasarruf edin ve finansal hedeflerinize daha hızlı ulaşın.\"}]]}],[\"$\",\"figure\",null,{\"style\":{\"order\":-1},\"className\":\"md:sticky md:top-48 flex justify-center md:p-8 md:!order-[unset]\",\"children\":[\"$\",\"$L11\",null,{\"src\":\"https://cms.abonesepeti.com/storage/home-verticle-slides/December2024/j6d71Hnx82k15es4nm9b.webp\",\"alt\":\"\",\"width\":1242,\"height\":1416,\"className\":\"object-contain max-h-[32rem] w-auto drop-shadow-lg md:-rotate-6 max-md:!ml-0\",\"style\":{\"marginLeft\":\"-12rem\"}}]}]]}],[\"$\",\"$1\",\"1\",{\"children\":[[\"$\",\"div\",null,{\"style\":{\"order\":2},\"className\":\"p-8 rounded-2xl space-y-6 md:!order-[unset] bg-stone-100 dark:bg-stone-900 shadow-md self-center\",\"children\":[[\"$\",\"h3\",null,{\"className\":\"text-3xl font-medium\",\"children\":\"Kolay Abonelik Yönetimi\"}],[\"$\",\"p\",null,{\"className\":\"text-xl\",\"children\":\"Kendinize ve aile bireylerinize ait abonelikleri tek bir ekranda takip edin. Aboneliklerinizin başlama ve bitiş tarihlerini görün.Tüm aboneliklerinizi düzenli bir panelde kolayca yönetin.\"}]]}],[\"$\",\"figure\",null,{\"style\":{\"order\":1},\"className\":\"md:sticky md:top-48 flex justify-center md:p-8 md:!order-[unset]\",\"children\":[\"$\",\"$L11\",null,{\"src\":\"https://cms.abonesepeti.com/storage/home-verticle-slides/December2024/AURXeM6ykSbeJPmyEWd8.webp\",\"alt\":\"\",\"width\":1242,\"height\":1416,\"className\":\"object-contain max-h-[32rem] w-auto drop-shadow-lg md:-rotate-6 max-md:!ml-0\",\"style\":{\"marginLeft\":\"0rem\"}}]}]]}],[\"$\",\"$1\",\"2\",{\"children\":[[\"$\",\"div\",null,{\"style\":{\"order\":4},\"className\":\"p-8 rounded-2xl space-y-6 md:!order-[unset] bg-stone-100 dark:bg-stone-900 shadow-md self-center\",\"children\":[[\"$\",\"h3\",null,{\"className\":\"text-3xl font-medium\",\"children\":\"Kolay İptal\"}],[\"$\",\"p\",null,{\"className\":\"text-xl\",\"children\":\"İhtiyacınız olmayan abonelikler için ödeme yapmayı bırakın. Kullanmadığınız aboneliğinizi kolayca iptal edin.\"}]]}],[\"$\",\"figure\",null,{\"style\":{\"order\":3},\"className\":\"md:sticky md:top-48 flex justify-center md:p-8 md:!order-[unset]\",\"children\":[\"$\",\"$L11\",null,{\"src\":\"https://cms.abonesepeti.com/storage/home-verticle-slides/December2024/zBBuB9hBb6kJKopors5l.webp\",\"alt\":\"\",\"width\":1242,\"height\":1416,\"className\":\"object-contain max-h-[32rem] w-auto drop-shadow-lg md:-rotate-6 max-md:!ml-0\",\"style\":{\"marginLeft\":\"12rem\"}}]}]]}]]}]]}]\n"])</script><script>self.__next_f.push([1,"20:[\"$\",\"div\",null,{\"className\":\"mx-auto animate-fade-in p-4 max-w-screen-xl\",\"ref\":\"$undefined\",\"children\":[\"$\",\"$L28\",null,{\"founders\":[{\"name\":\"Yavuz Selim Yorulmaz\",\"comment\":\"Kurum, Digital ve Kişisel aboneliklerinizi ve ayrıca Kira, Kredi, Araç, Sigorta gibi tekrar eden tüm giderlerinizi Abonesepeti üzerinden kolayca yönetebilirsiniz.\",\"avatar\":\"https://cms.abonesepeti.com/storage/cms-landing-page-customer-comments/December2024/Muo3s8GAlx7DxTE3dX1k.png\"},{\"name\":\"Dilek Koç\",\"comment\":\"Abone Sepeti Uygulaması ile tüm ev gider ücretlerimi daha iyi kontrol altına alarak bütçemi daha iyi takip edebiliyorum. Müthiş bir uygulama. Hayatımızı kolaylaştırdığın için teşekkürler Abone Sepeti.\",\"avatar\":\"https://cms.abonesepeti.com/storage/cms-landing-page-customer-comments/December2024/xc5TCirR1KEckNc4pUjj.jpeg\"},{\"name\":\"Müjgan Aydın\",\"comment\":\"Uygulamamızı ücretsiz indirerek içerideki avantajlar ve bütçe dostu abonelikler ile hem tasarruf edebilir hem de uzun süre aynı paketleri kullanarak alışkanlıklarınızdan vazgeçmek zorunda kalmazsınız. 🚀\",\"avatar\":\"https://cms.abonesepeti.com/storage/cms-landing-page-customer-comments/December2024/J1ySQgtFA1Tpgga7LGWK.jpeg\"},{\"name\":\"Deniz Okumuş\",\"comment\":\"Sayıları, grafikleri, ölçmeyi ve yönetmeyi seviyorsanız, aylık tekrar eden tüm giderlerinizi Abonesepeti üzerinden #Ücretsiz bir şekilde takip edebilir, fazla ödemelerinizin önüne hemen geçebilirsiniz.\",\"avatar\":\"https://cms.abonesepeti.com/storage/cms-landing-page-customer-comments/December2024/6eoTA8rqHbrTMeYzg9CO.webp\"}]}]}]\n"])</script><script>self.__next_f.push([1,"21:[\"$\",\"div\",null,{\"className\":\"grid grid-cols-1 xs:grid-cols-2 md:grid-cols-3 lg:grid-cols-4 gap-2 gap-y-8 my-16 mx-auto animate-fade-in p-4 max-w-screen-xl\",\"ref\":\"$undefined\",\"children\":[\"$\",\"$L29\",null,{\"testimonails\":[{\"name\":\"Yunus Özcan\",\"star\":5,\"comment\":\"Daha uygun TV+internet aboneliği bulduğum için mevcut aboneliğimi iptal ettim. Buradaki kolay iptali kullandım süreçte bilgilendirildim ve hızlı halledildi. Bütçeme uygun kablonet paketine geçtim, abonesepeti dijital kod da veriyordu, kazançlı oldu.\",\"avatar\":\"https://cms.abonesepeti.com/storage/cms-landing-page-customer-comments/July2024/z0Ev51IAZdZizLJz1XEx.png\"},{\"name\":\"Derin Yunusoğlu\",\"star\":5,\"comment\":\"microsoft Office için dijital kod satın almıştım, çok hızlı bir şekilde gönderdiler ve hizmetten memnun kaldım,diğer kodlara da mutlaka bakacağım. birçok markanın kodu varmış ve fiyatları da oldukça uygun. Hizmet gerçekten çok kullanışlı ve pratik\",\"avatar\":\"https://cms.abonesepeti.com/storage/cms-landing-page-customer-comments/July2024/cyHgnfNjx1avBw4A0FVM.png\"},{\"name\":\"ceren öğretmen\",\"star\":5,\"comment\":\"tayinim çıktığında aboneliklerimi taşımak için arkadaşım tavsiyesiyle abonesepetinden hizmet aldım, kolayca taşıma işlemini hallettik. altyapıya uygun tarife önerisinde de bulundular arkadaşlar. gayet memnunum, paket çeşitliliği çok fazla gayet iyi\",\"avatar\":\"https://cms.abonesepeti.com/storage/cms-landing-page-customer-comments/July2024/JDeW2r8oZZMNr14iiA6H.png\"},{\"name\":\"Handan Altın\",\"star\":5,\"comment\":\"Abonesepeti ile aboneliklerimi daha iyi planlayabiliyorum. Gelecek harcamalarımı önceden görüp bütçemi buna göre ayarlıyorum. Geçmiş harcamalarımı görmek bütçe planlamam için kolaylık sağlıyor. Ailemin harcamalarını da görebilmem büyük avantaj.\",\"avatar\":\"https://cms.abonesepeti.com/storage/cms-landing-page-customer-comments/July2024/uCbxAtvJKK4Rkujcw9mF.png\"},{\"name\":\"Türkan Ataş\",\"star\":5,\"comment\":\"Tüm abonelik ihtiyaçlarımı tek bir platform üzerinden karşılayabilmek harika. Abonesepeti sayesinde farklı hizmet sağlayıcılarla uğraşmadan tüm işlemlerimi yapabiliyorum.\",\"avatar\":\"https://cms.abonesepeti.com/storage/cms-landing-page-customer-comments/July2024/k1N7jLubjaYxaopbMnzH.png\"},{\"name\":\"İlker Çelebi\",\"star\":5,\"comment\":\"Abonesepeti ile aboneliklerimin başlangıç ve bitiş tarihlerini kolayca takip edebiliyorum. Bu sayede faturalarımı gecikmeden ödeyebiliyorum. Gecikme borçlarından kurtuldum sonunda. Neye ne kadar ödeme yaptığımı da takip edebiliyorum bütçe için iyi\",\"avatar\":\"https://cms.abonesepeti.com/storage/cms-landing-page-customer-comments/July2024/QKyP0mGx6YvOJI4xNf6R.png\"},{\"name\":\"Fırat Cemal Taner\",\"star\":5,\"comment\":\"Abonesepetinin arayüzü sayesinde işlemlerimi hızlı halledebiliyorum. Teknolojiyle aram iyi olmasa da rahatlıkla kullanabiliyorum. Bir sorun yaşadığımda müşteri hizmetleri hemen yardımcı oluyor, destekleri çok hızlı paketleri de çok hesaplı.\",\"avatar\":\"https://cms.abonesepeti.com/storage/cms-landing-page-customer-comments/July2024/PmIy9O6rDzTH6FzC58Mi.png\"},{\"name\":\"Eyüp Çıra\",\"star\":5,\"comment\":\"abonesepeti sayesinde farklı aboneliklerin indirimlerinden faydalanabiliyorum. tek platformda tüm fırsatları görmek çok güzel,internet paketleri çok uygun yanında verdikleri hediyelerle çok hesaplı oluyor. geçenlerde paket yanında dijital kod aldım\",\"avatar\":\"https://cms.abonesepeti.com/storage/cms-landing-page-customer-comments/July2024/CjfGseBnL3O5yK1c7xAb.png\"},{\"name\":\"Yasin armut\",\"star\":5,\"comment\":\"Abonesepeti'ni kullanarak tüm aboneliklerimi organize ettim ve gereksiz harcamalardan kurtuldum. Aylık bütçemde ciddi tasarruf sağladım, bazı sitelere yaptığım zaten az ödüyorum dediğim üyeliklerin aslında ne kadar çok para aldığını fark ettim\",\"avatar\":\"https://cms.abonesepeti.com/storage/cms-landing-page-customer-comments/July2024/SzJsRpZsWCxf00oGqYGF.png\"},{\"name\":\"ilayda aydın\",\"star\":4,\"comment\":\"abonelik iptali gibi karmaşık işlemleri bile bu uygulamayla kısa sürede yapabiliyorum. artık aboneliklerimi sonlandırmak için müşteri hizmetleriyle uğraşmıyorum, abonesepeti abonelik sonlandırma kısmından hallediyorum. büyük lüks gerçekten.\",\"avatar\":\"https://cms.abonesepeti.com/storage/cms-landing-page-customer-comments/July2024/TgZeklXydSCk5yqvEKLU.png\"},{\"name\":\"Boran Köse\",\"star\":5,\"comment\":\"faturalarımı ödemek ve aboneliklerimi yönetmek için abonesepetini kullanıyorum. basit arayüzü sayesinde her şeyi rahatça takip edebiliyorum ve bütçemi daha iyi kontrol edebiliyorum benim için gayet yeterli özellikleri var.grafik kısmı kullanışlı\",\"avatar\":\"https://cms.abonesepeti.com/storage/cms-landing-page-customer-comments/July2024/bFGWDEnZTFYqECjF7dS0.png\"},{\"name\":\"Nazlı Şenay Özkan\",\"star\":5,\"comment\":\"Abonesepeti, tüm aboneliklerimi tek bir yerden yönetmemi sağlıyor. Fatura ödemeleri ve abonelik takibi gibi işlemleri hızlıca yapabiliyorum. Hem zamandan tasarruf ediyorum hem de tüm faturalarımı kolayca takip edebiliyorum.\",\"avatar\":\"https://cms.abonesepeti.com/storage/cms-landing-page-customer-comments/July2024/xfYJrerBvF1NbVyfOBPI.png\"}]}]}]\n"])</script><script>self.__next_f.push([1,"2a:I[7348,[\"7970\",\"static/chunks/7970-880924e10cedcf92.js\",\"8173\",\"static/chunks/8173-ee883f8ef8b5dd9b.js\",\"1350\",\"static/chunks/1350-345b346cf83b2a32.js\",\"5\",\"static/chunks/5-e7234351b146a527.js\",\"5045\",\"static/chunks/5045-eb403e609e7dc774.js\",\"3948\",\"static/chunks/app/%5Blocale%5D/(allOther)/page-a0c3bd68e4cfdf09.js\"],\"default\"]\n"])</script><script>self.__next_f.push([1,"22:[\"$\",\"div\",null,{\"className\":\"my-16 grid grid-cols-1 lg:grid-cols-2 gap-8 mx-auto animate-fade-in p-4 max-w-screen-xl\",\"ref\":\"$undefined\",\"children\":[[\"$\",\"$L2a\",null,{\"locale\":\"tr\",\"cards\":[{\"cover\":\"https://cms.abonesepeti.com/storage/presses/December2024/dX4MvBRKOoG1JO0Zu7jg.png\",\"slug\":\"fintek-pazarinda-global-bir-oyuncu-olmayi-hedefliyoruz\",\"title\":\"Fintek pazarında global bir oyuncu olmayı hedefliyoruz\",\"spot\":\"Tüm aboneliklerinizi kolayca yönetin, avantajlı fırsatlardan yararlanın ve zaman kazanın!\"},{\"cover\":\"https://cms.abonesepeti.com/storage/presses/December2024/BilQVfGXmTbB77UWDN1u.png\",\"slug\":\"mukemmeliyeti-hedefliyoruz\",\"title\":\"Mükemmeliyeti Hedefliyoruz\",\"spot\":\"240 bini aşkın kullanıcıyla müşteri memnuniyetini ve sadakatini önceliklendiriyoruz!\"},{\"cover\":\"https://cms.abonesepeti.com/storage/presses/December2024/FyBxhB77KeI62XdRLbNB.png\",\"slug\":\"abonesepeti-kadinin-katilimci-rolunu-destekliyor\",\"title\":\"Abonesepeti Kadının Katılımcı Rolünü Destekliyor\",\"spot\":\"Kadın istihdamını artırıyor, eşitlikçi bir iş ortamıyla inovasyonu ve yaratıcılığı teşvik ediyoruz.\"},{\"cover\":\"https://cms.abonesepeti.com/storage/presses/December2024/KRpwfRqJIahO5YLxr6So.png\",\"slug\":\"pusula-dergisi\",\"title\":\"Pusula Dergisi\",\"spot\":\"Aboneliklerinizi tek bir platformda yönetin, zamandan tasarruf edin ve hayatınızı kolaylaştırın!\"}],\"pathname\":\"/we-in-press\",\"title\":\"Basında Biz\"}],[\"$\",\"$L2a\",null,{\"cards\":[{\"slug\":\"internet-altyapinizi-kontrol-ettiniz-mi-hizli-baglantinin-anahtari-burada\",\"title\":\"İnternet Altyapınızı Kontrol Ettiniz mi? Hızlı Bağlantının Anahtarı Burada!\",\"created\":\"2025-01-09T14:16:26\",\"cover\":\"https://cms.abonesepeti.com/storage/blogs/January2025/OZOQGhtgVHFakL8m7qdt.png\",\"categories\":[{\"badge\":[{\"title\":\"İnternet\",\"slug\":\"internet\"}]}],\"keywords\":\"internet altyapı sorgulama, internet altyapısı, fiber altyapı sorgulama, internet hızı kontrol, internet sağlayıcı seçimi, ADSL, VDSL, fiber internet\",\"spot\":\"Günümüzde hızlı ve kesintisiz bir internet bağlantısı, hem bireysel kullanıcılar hem de işletmeler için büyük bir gereklilik haline geldi. Ancak, bulunduğunuz bölgedeki internet hızını ve altyapısını bilmeden bir internet aboneliği seçmek, beklenmedik hız sorunlarıyla karşılaşmanıza neden olabilir. İşte tam da bu noktada altyapı sorgulaması devreye giriyor.\"},{\"slug\":\"digiturk-fiber-internet-ile-hizli-ve-sinirsiz-eglencenin-keyfini-cikarin\",\"title\":\"Digiturk Fiber İnternet ile Hızlı ve Sınırsız Eğlencenin Keyfini Çıkarın!\",\"created\":\"2024-12-20T11:42:25\",\"cover\":\"https://cms.abonesepeti.com/storage/blogs/December2024/XdvqAHyFkjESA3J5OWRb.png\",\"categories\":[{\"badge\":[{\"title\":\"Bilgi\",\"slug\":\"bilgi\"}]}],\"keywords\":\"Digiturk Fiber İnternet, sınırsız internet, Premier Lig, Formula 1, Abonesepeti, internet paketi, cayma bedeli, Dizi ve Film kanalları, Digiturk fırsatları, internet avantajları.\",\"spot\":\"35 MBPS sınırsız internet, Premier Lig ve Formula 1 maçları, dizi \u0026 film kanalları, cayma bedeli desteği ve daha fazlası Abonesepeti’nde sizi bekliyor! Şimdi başvurun, eğlenceyi hızla yakalayın!\"},{\"slug\":\"obilet-kullanicilarina-ozel-abonesepeti-nde-seyahat-avantajlari\",\"title\":\"Obilet Kullanıcılarına Özel Abonesepeti'nde Seyahat Avantajları!\",\"created\":\"2024-12-17T16:17:26\",\"cover\":\"https://cms.abonesepeti.com/storage/blogs/December2024/u7Rr5VzrecdeINhIFIOX.jpg\",\"categories\":[{\"badge\":[{\"title\":\"Bilgi\",\"slug\":\"bilgi\"}]}],\"keywords\":\"Obilet indirimleri, Abonesepeti seyahat fırsatları, otel rezervasyonu indirimi, araç kiralama indirimi, uçak bileti indirim kodu, seyahat tasarrufları, Abonesepeti promosyon kodu, avantajlı seyahat\",\"spot\":\"Seyahat Planlarınızı Hafifletin! Obilet kullanıcılarına özel Abonesepeti indirimleriyle otel, araç kiralama ve uçak biletlerinde tasarruf edin. Tatilinizi keyifli, bütçenizi rahat hale getirin!\\\"*\"},{\"slug\":\"abonesepeti-ile-aboneliklerinizi-kolayca-yonetin\",\"title\":\"Abonesepeti ile Aboneliklerinizi Kolayca Yönetin!\",\"created\":\"2024-12-17T14:18:49\",\"cover\":\"https://cms.abonesepeti.com/storage/blogs/December2024/r1W3TC45gv3rpTSuP8GE.jpeg\",\"categories\":[{\"badge\":[{\"title\":\"Bilgi\",\"slug\":\"bilgi\"}]}],\"keywords\":\"Abonesepeti, abonelik yönetimi, dijital abonelikler, ödeme hatırlatıcıları, abonelik takibi, abonelik iptali, avantajlı paketler, ödeme yönetimi\",\"spot\":\"Aboneliklerinizi kolayca yönetin, gereksiz masraflardan kurtulun! Abonesepeti ile tüm üyeliklerinizi tek bir çatı altında toplayarak zamandan ve paradan tasarruf edin. Dijital dünyada kontrol sizde!\"}],\"locale\":\"tr\",\"pathname\":\"/blog\",\"title\":\"En Son Bloglar\"}]]}]\n"])</script><script id="schema-org" type="application/ld+json" data-nscript="afterInteractive">{"@context":"https://schema.org","@type":"Organization","address":{"@type":"PostalAddress","streetAddress":"Oruç Reis Mah Koza Plaza B Blok Kat : 13, Tekstilkent Cd, 34218 Esenler/İstanbul","addressLocality":"Istanbul","postalCode":"34218","addressCountry":"Turkey"},"@id":"https://abonesepeti.com","areaServed":"TR","contactPoint":{"@type":"ContactPoint","email":"info@abonesepeti.com","telephone":"+90-0212-809-00-00"},"telephone":"+90-0212-809-00-00","email":"info@abonesepeti.com","brand":"AboneSepeti","logo":"https://abonesepeti.com/android-chrome-512x512.png","name":"AboneSepeti","sameAs":["https://www.youtube.com/abonesepeti","https://www.linkedin.com/company/abonesepeti/about/","https://www.facebook.com/abonesepeti/","https://twitter.com/abonesepeti","https://www.instagram.com/abonesepeti"],"founder":[{"@context":"https://schema.org","@type":"Person","givenName":"Deniz","familyName":"Okumuş","name":"Deniz Okumuş","gender":"Male","jobTitle":"CEO","email":"do@abonesepeti.com","telephone":"+90-532-280-19-78","url":"https://denizokumus.com"},{"@context":"https://schema.org","@type":"Person","givenName":"Müjgan","familyName":"Aydin","name":"Müjgan Aydin","gender":"Female","jobTitle":"CMO","email":"mujgan@abonesepeti.com","telephone":"+90-542-520-85-42","url":"https://taplink.cc/mujgangil"}],"image":"https://abonesepeti.com/android-chrome-512x512.png","slogan":"Paradan ve zamandan tasarruf edin.","description":"Abonesepeti, abonelik hizmetlerini tek bir platformda toplar size zaman ve para kazandırır.","keywords":"abonelik, hizmet, para, tasarruf, internet, su, telefon, elektrik, doğalgaz, fatura, ödeme","url":"https://abonesepeti.com","legalName":"AboneSepeti","knowsAbout":["Abonelik Yönetimi","Fatura Ödeme","Cebe Tl Yükleme","Abonelik Başlatma","Abonelik Karşılaştırma","Abonelik Kampanyaları"],"knowsLanguage":["TR","EN"],"location":{"@type":"Place","name":"AboneSepeti","address":"Oruç Reis Mah Koza Plaza B Blok Kat : 13, Tekstilkent Cd, 34218 Esenler/İstanbul","geo":{"@type":"GeoCoordinates","latitude":"41.0642","longitude":"28.8574"}}}</script><next-route-announcer style="position: absolute;"></next-route-announcer></body></html>

Tüm elementler ve özellikleri:
Element:
- Text: Özellikler
- Tag: span
- Href: null
- Onclick: null
- Classes: md:h-20 whitespace-nowrap flex items-center justify-between cursor-pointer hover:text-primary-500 max-md:px-8 p-3 gap-1 md:justify-center

Element:
- Text: Özellikler
- Tag: span
- Href: null
- Onclick: null
- Classes: rounded-full transition-all ease-out font-medium

Element:
- Text: Çözümler
- Tag: span
- Href: null
- Onclick: null
- Classes: md:h-20 whitespace-nowrap flex items-center justify-between cursor-pointer hover:text-primary-500 max-md:px-8 p-3 gap-1 md:justify-center

Element:
- Text: Çözümler
- Tag: span
- Href: null
- Onclick: null
- Classes: rounded-full transition-all ease-out font-medium

Element:
- Text: Kampanyalar
- Tag: a
- Href: https://abonesepeti.com/tr/kampanyalar
- Onclick: null
- Classes: md:h-20 grid md:place-items-center whitespace-nowrap

Element:
- Text: Biz Kimiz
- Tag: a
- Href: https://abonesepeti.com/tr/biz-kimiz
- Onclick: null
- Classes: md:h-20 grid md:place-items-center whitespace-nowrap

Element:
- Text: Uygulamaya Git
- Tag: a
- Href: https://app.abonesepeti.com/
- Onclick: null
- Classes: whitespace-nowrap p-2 md:px-6 bg-primary-500 text-white rounded-full shadow-inset drop-shadow-md max-md:mx-2

Element:
- Text: Uygulamaya Git
- Tag: span
- Href: null
- Onclick: null
- Classes: max-md:hidden

Element:
- Text: Aboneliklerinizi
- Tag: span
- Href: null
- Onclick: null
- Classes: 

Element:
- Text: Hemen Ücretsiz İndir
- Tag: a
- Href: https://abonesepeti.com/tr/yukle
- Onclick: null
- Classes: bg-primary-500 text-white px-4 py-3 rounded-xl block w-60 text-center shadow-inner shadow-primary-600 drop-shadow-lg hover:scale-105 transition-all ease-out

Element:
- Text: Android
- Tag: a
- Href: https://abonesepeti.com/download
- Onclick: null
- Classes: text-lg whitespace-nowrap

Element:
- Text: iOS
- Tag: a
- Href: https://abonesepeti.com/download
- Onclick: null
- Classes: text-lg whitespace-nowrap

Element:
- Text: Huawei
- Tag: a
- Href: https://abonesepeti.com/download
- Onclick: null
- Classes: text-lg whitespace-nowrap

Element:
- Text: Windows
- Tag: a
- Href: https://abonesepeti.com/download
- Onclick: null
- Classes: text-lg whitespace-nowrap

Element:
- Text: Mac OS
- Tag: a
- Href: https://abonesepeti.com/download
- Onclick: null
- Classes: text-lg whitespace-nowrap

Element:
- Text: Linux
- Tag: a
- Href: https://abonesepeti.com/download
- Onclick: null
- Classes: text-lg whitespace-nowrap

Element:
- Text: BSD
- Tag: a
- Href: https://abonesepeti.com/download
- Onclick: null
- Classes: text-lg whitespace-nowrap

Element:
- Text: Abonesepeti Kadının Katılımcı Rolünü Destekliyor
Kadın istihdamını artırıyor, eşitlikçi bir iş ortamıyla inovasyonu ve yaratıcılığı teşvik ediyoruz.
- Tag: a
- Href: https://abonesepeti.com/tr/we-in-press/abonesepeti-kadinin-katilimci-rolunu-destekliyor
- Onclick: null
- Classes: flex gap-4 max-xs:flex-col bg-stone-100 dark:bg-stone-800 p-4 rounded-lg

Element:
- Text: Obilet Kullanıcılarına Özel Abonesepeti'nde Seyahat Avantajları!
Seyahat Planlarınızı Hafifletin! Obilet kullanıcılarına özel Abonesepeti indirimleriyle otel, araç kiralama ve uçak biletlerinde tasarruf edin. Tatilinizi keyifli, bütçenizi rahat hale getirin!"*
- Tag: a
- Href: https://abonesepeti.com/tr/blog/obilet-kullanicilarina-ozel-abonesepeti-nde-seyahat-avantajlari
- Onclick: null
- Classes: flex gap-4 max-xs:flex-col bg-stone-100 dark:bg-stone-800 p-4 rounded-lg

Element:
- Text: Biz Kimiz
- Tag: a
- Href: https://abonesepeti.com/tr/biz-kimiz
- Onclick: null
- Classes: hover:underline hover:underline-offset-4 py-1 transition-all underline-offset-8 decoration-transparent hover:decoration-current

Element:
- Text: Basında Biz
- Tag: a
- Href: https://abonesepeti.com/tr/basinda-biz
- Onclick: null
- Classes: hover:underline hover:underline-offset-4 py-1 transition-all underline-offset-8 decoration-transparent hover:decoration-current

Element:
- Text: Avantajlar
- Tag: a
- Href: https://abonesepeti.com/tr/avantajlar
- Onclick: null
- Classes: hover:underline hover:underline-offset-4 py-1 transition-all underline-offset-8 decoration-transparent hover:decoration-current

Element:
- Text: Kariyer
- Tag: a
- Href: https://abonesepeti.com/tr/kariyer
- Onclick: null
- Classes: hover:underline hover:underline-offset-4 py-1 transition-all underline-offset-8 decoration-transparent hover:decoration-current

Element:
- Text: Affiliate
- Tag: a
- Href: https://abonesepeti.com/tr/ortaklik
- Onclick: null
- Classes: hover:underline hover:underline-offset-4 py-1 transition-all underline-offset-8 decoration-transparent hover:decoration-current

Element:
- Text: İş Ortaklığı
- Tag: a
- Href: https://abonesepeti.com/tr/is-ortakligi
- Onclick: null
- Classes: hover:underline hover:underline-offset-4 py-1 transition-all underline-offset-8 decoration-transparent hover:decoration-current

Element:
- Text: S.S.S
- Tag: a
- Href: https://abonesepeti.com/tr/sss
- Onclick: null
- Classes: hover:underline hover:underline-offset-4 py-1 transition-all underline-offset-8 decoration-transparent hover:decoration-current

Element:
- Text: İletişim
- Tag: a
- Href: https://abonesepeti.com/tr/iletisim
- Onclick: null
- Classes: hover:underline hover:underline-offset-4 py-1 transition-all underline-offset-8 decoration-transparent hover:decoration-current

Element:
- Text: Sözleşmeler
- Tag: a
- Href: https://abonesepeti.com/tr/sozlesmeler
- Onclick: null
- Classes: hover:underline hover:underline-offset-4 py-1 transition-all underline-offset-8 decoration-transparent hover:decoration-current

Element:
- Text: Yönet
- Tag: a
- Href: https://app.abonesepeti.com/login?redirect=/subscriptions
- Onclick: null
- Classes: hover:underline hover:underline-offset-4 py-1 transition-all underline-offset-8 decoration-transparent hover:decoration-current

Element:
- Text: Karşılaştır
- Tag: a
- Href: https://app.abonesepeti.com/login?redirect=/comparison/institution
- Onclick: null
- Classes: hover:underline hover:underline-offset-4 py-1 transition-all underline-offset-8 decoration-transparent hover:decoration-current

Element:
- Text: Fatura Öde
- Tag: a
- Href: https://app.abonesepeti.com/login?redirect=/bills
- Onclick: null
- Classes: hover:underline hover:underline-offset-4 py-1 transition-all underline-offset-8 decoration-transparent hover:decoration-current

Element:
- Text: Sigorta Teklifi Al
- Tag: a
- Href: https://app.abonesepeti.com/login?redirect=/insurance
- Onclick: null
- Classes: hover:underline hover:underline-offset-4 py-1 transition-all underline-offset-8 decoration-transparent hover:decoration-current

Element:
- Text: Kontör Yükle
- Tag: a
- Href: https://app.abonesepeti.com/login?redirect=/load-money
- Onclick: null
- Classes: hover:underline hover:underline-offset-4 py-1 transition-all underline-offset-8 decoration-transparent hover:decoration-current

Element:
- Text: Araç Kirala
- Tag: a
- Href: https://app.abonesepeti.com/login?redirect=/try-on-app
- Onclick: null
- Classes: hover:underline hover:underline-offset-4 py-1 transition-all underline-offset-8 decoration-transparent hover:decoration-current

Element:
- Text: Kolay İptal
- Tag: a
- Href: https://app.abonesepeti.com/login?redirect=/easy-cancellation
- Onclick: null
- Classes: hover:underline hover:underline-offset-4 py-1 transition-all underline-offset-8 decoration-transparent hover:decoration-current

Element:
- Text: Dergi Abonesi Ol
- Tag: a
- Href: https://444dergi.com/
- Onclick: null
- Classes: hover:underline hover:underline-offset-4 py-1 transition-all underline-offset-8 decoration-transparent hover:decoration-current

Element:
- Text: Adınıza Kayıtlı Abonelikler
- Tag: a
- Href: https://www.turkiye.gov.tr/btk-mobil-sabit-internet-kablo-tv-uydu-isletmecilerinden-borc-ve-alacak-sorgulama
- Onclick: null
- Classes: hover:underline hover:underline-offset-4 py-1 transition-all underline-offset-8 decoration-transparent hover:decoration-current

Element:
- Text: Altyapı Sorgulama
- Tag: a
- Href: https://abonesepeti.com/tr/altyapi-sorgulama
- Onclick: null
- Classes: hover:underline hover:underline-offset-4 py-1 transition-all underline-offset-8 decoration-transparent hover:decoration-current

Element:
- Text: İnternet Hız Testi
- Tag: a
- Href: https://abonesepeti.com/hiz-testi
- Onclick: null
- Classes: hover:underline hover:underline-offset-4 py-1 transition-all underline-offset-8 decoration-transparent hover:decoration-current

Element:
- Text: IP Adresim Nedir?
- Tag: a
- Href: https://abonesepeti.com/tr/ip-adresim
- Onclick: null
- Classes: hover:underline hover:underline-offset-4 py-1 transition-all underline-offset-8 decoration-transparent hover:decoration-current

Element:
- Text: Kayıt Ol
- Tag: button
- Href: null
- Onclick: null
- Classes: px-10 py-3 -mx-px bg-primary-500 text-white rounded-full

Element:
- Text: Kvkk Aydınlatma Metni
- Tag: a
- Href: https://abonesepeti.com/tr/pages/kvkk-aydinlatma-metni
- Onclick: null
- Classes: hover:underline underline-offset-4

Element:
- Text: Kullanıcı Sözleşmesi
- Tag: a
- Href: https://abonesepeti.com/tr/pages/kullanici-sozlesmesi
- Onclick: null
- Classes: hover:underline underline-offset-4

Element:
- Text: Gizlilik Politikası
- Tag: a
- Href: https://abonesepeti.com/tr/pages/gizlilik-politikasi
- Onclick: null
- Classes: hover:underline underline-offset-4

  &amp#27;[32mVe &amp#27;[0m&amp#27;[32mkullanÄ±cÄ± Ã–zellikler butonuna tÄ±klar&amp#27;[0m          &amp#27;[90m# com.aboneSepeti.stepDefinitions.HeaderButonlariSteps.kullaniciOzelliklerButonunaTiklar()&amp#27;[0m
  &amp#27;[31mO zaman &amp#27;[0m&amp#27;[31mÃ–zellikler sayfasÄ±nÄ±n aÃ§Ä±ldÄ±ÄŸÄ±nÄ± doÄŸrula&amp#27;[0m &amp#27;[90m# com.aboneSepeti.stepDefinitions.HeaderButonlariSteps.ozelliklerSayfasininAcildiginiDogrula()&amp#27;[0m
      &amp#27;[31mjava.lang.AssertionError: URL Ã¶zellikler iÃ§ermiyor: https://abonesepeti.com/tr
	at org.junit.Assert.fail(Assert.java:89)
	at org.junit.Assert.assertTrue(Assert.java:42)
	at com.aboneSepeti.stepDefinitions.HeaderButonlariSteps.ozelliklerSayfasininAcildiginiDogrula(HeaderButonlariSteps.java:140)
	at âœ½.Ã–zellikler sayfasÄ±nÄ±n aÃ§Ä±ldÄ±ÄŸÄ±nÄ± doÄŸrula(file:///C:/Users/Azim%20Kaya/Desktop/Abone%20Sepeti/src/test/resources/features/headerButonlari.feature:8)
&amp#27;[0m
  &amp#27;[36mVe &amp#27;[0m&amp#27;[36mkullanÄ±cÄ± Ã‡Ã¶zÃ¼mler butonuna tÄ±klar&amp#27;[0m            &amp#27;[90m# com.aboneSepeti.stepDefinitions.HeaderButonlariSteps.kullaniciCozumlerButonunaTiklar()&amp#27;[0m
  &amp#27;[36mO zaman &amp#27;[0m&amp#27;[36mÃ‡Ã¶zÃ¼mler sayfasÄ±nÄ±n aÃ§Ä±ldÄ±ÄŸÄ±nÄ± doÄŸrula&amp#27;[0m   &amp#27;[90m# com.aboneSepeti.stepDefinitions.HeaderButonlariSteps.cozumlerSayfasininAcildiginiDogrula()&amp#27;[0m
  &amp#27;[36mVe &amp#27;[0m&amp#27;[36mkullanÄ±cÄ± Blog butonuna tÄ±klar&amp#27;[0m                &amp#27;[90m# com.aboneSepeti.stepDefinitions.HeaderButonlariSteps.kullaniciBlogButonunaTiklar()&amp#27;[0m
  &amp#27;[36mO zaman &amp#27;[0m&amp#27;[36mBlog sayfasÄ±nÄ±n aÃ§Ä±ldÄ±ÄŸÄ±nÄ± doÄŸrula&amp#27;[0m       &amp#27;[90m# com.aboneSepeti.stepDefinitions.HeaderButonlariSteps.blogSayfasininAcildiginiDogrula()&amp#27;[0m
  &amp#27;[36mVe &amp#27;[0m&amp#27;[36mkullanÄ±cÄ± Biz Kimiz butonuna tÄ±klar&amp#27;[0m           &amp#27;[90m# com.aboneSepeti.stepDefinitions.HeaderButonlariSteps.kullaniciBizKimizButonunaTiklar()&amp#27;[0m
  &amp#27;[36mO zaman &amp#27;[0m&amp#27;[36mBiz Kimiz sayfasÄ±nÄ±n aÃ§Ä±ldÄ±ÄŸÄ±nÄ± doÄŸrula&amp#27;[0m  &amp#27;[90m# com.aboneSepeti.stepDefinitions.HeaderButonlariSteps.bizKimizSayfasininAcildiginiDogrula()&amp#27;[0m
  &amp#27;[36mO zaman &amp#27;[0m&amp#27;[36mtarayÄ±cÄ±yÄ± kapat&amp#27;[0m                         &amp#27;[90m# com.aboneSepeti.stepDefinitions.FaturaTakibiSteps.tarayiciyiKapat()&amp#27;[0m
]]></system-out>
    <system-err><![CDATA[Oca 27, 2025 7:09:51 ÖS org.openqa.selenium.devtools.CdpVersionFinder findNearestMatch
WARNING: Unable to find CDP implementation matching 132
Oca 27, 2025 7:09:51 ÖS org.openqa.selenium.chromium.ChromiumDriver lambda$new$5
WARNING: Unable to find version of CDP to use for 132.0.6834.84. You may need to include a dependency on a specific version of the CDP using something similar to `org.seleniumhq.selenium:selenium-devtools-v86:4.16.1` where the version ("v86") matches the version of the chromium-based browser you're using and the version number of the artifact is the same as Selenium's.
]]></system-err>
  </testcase>
</testsuite>